<?xml version="1.0" encoding="utf-8"?>
<TestRun id="fae612f1-f1c1-4e5d-a35d-67c7ecc7e211" name="NGUYEN THANH DANH@LAPTOP-LM9S9518 2026-06-19 17:54:56" runUser="LAPTOP-LM9S9518\NGUYEN THANH DANH" xmlns="http://microsoft.com/schemas/VisualStudio/TeamTest/2010">
  <Times creation="2026-06-19T17:54:56.4149320+07:00" queuing="2026-06-19T17:54:56.4149324+07:00" start="2026-06-19T17:53:32.5906753+07:00" finish="2026-06-19T20:24:18.4007539+07:00" />
  <TestSettings name="default" id="02838380-abf2-46c8-bae6-fa9f3e34d6c6">
    <Deployment runDeploymentRoot="NGUYEN_THANH_DANH_LAPTOP-LM9S9518_2026-06-19_17_54_56" />
  </TestSettings>
  <Results>
    <UnitTestResult executionId="678978e2-4cb7-4166-a5a5-8ee2680758dd" testId="b05ed0d1-79b5-cbc2-47ae-69b3ff106b60" testName="TC_SPEC_004_ViewDoctorsInSpecialty" computerName="LAPTOP-LM9S9518" duration="00:01:11.2161100" startTime="2026-06-19T20:13:15.1822078+07:00" endTime="2026-06-19T20:14:26.3983178+07:00" testType="13cdc9d9-ddb5-4fa4-a97d-d965ccfc6d4b" outcome="Passed" testListId="8c84fa94-04c1-424b-9868-57a2d4851a1d" relativeResultsDirectory="678978e2-4cb7-4166-a5a5-8ee2680758dd">
      <Output>
        <StdOut>Performing hard reset via Appium API...</StdOut>
      </Output>
    </UnitTestResult>
    <UnitTestResult executionId="6129d90d-f73d-4f26-8864-a2897bddf7b4" testId="ee0b6462-6960-ba15-f8b1-9ed0bd0179e6" testName="TC_ADM_035_MaintenanceModeToggle" computerName="LAPTOP-LM9S9518" duration="00:01:05.6089170" startTime="2026-06-19T19:39:15.4321791+07:00" endTime="2026-06-19T19:40:21.0410961+07:00" testType="13cdc9d9-ddb5-4fa4-a97d-d965ccfc6d4b" outcome="Passed" testListId="8c84fa94-04c1-424b-9868-57a2d4851a1d" relativeResultsDirectory="6129d90d-f73d-4f26-8864-a2897bddf7b4">
      <Output>
        <StdOut>Performing hard reset via Appium API...&#xD;
&#xD;
Bật/Tắt chế độ bảo trì hoạt động bình thường</StdOut>
      </Output>
    </UnitTestResult>
    <UnitTestResult executionId="3180dc81-f0f4-4bda-a241-4016b8aaf391" testId="d44aa57e-aaa0-12b2-8739-d38cef858a60" testName="TC_REV_017_DanhGiaHienThiDungSo" computerName="LAPTOP-LM9S9518" duration="00:00:19.2325410" startTime="2026-06-19T18:48:48.2711989+07:00" endTime="2026-06-19T18:49:07.5037392+07:00" testType="13cdc9d9-ddb5-4fa4-a97d-d965ccfc6d4b" outcome="Passed" testListId="8c84fa94-04c1-424b-9868-57a2d4851a1d" relativeResultsDirectory="3180dc81-f0f4-4bda-a241-4016b8aaf391">
      <Output>
        <StdOut>Performing hard reset via Appium API...</StdOut>
      </Output>
    </UnitTestResult>
    <UnitTestResult executionId="d21ee006-042e-4d4d-a744-866aac3d848b" testId="2a20270f-16ff-aff8-a667-49108cc53374" testName="TC_AUTH_036_LandingScreen" computerName="LAPTOP-LM9S9518" duration="00:00:08.1608530" startTime="2026-06-19T18:08:23.0794474+07:00" endTime="2026-06-19T18:08:31.2402996+07:00" testType="13cdc9d9-ddb5-4fa4-a97d-d965ccfc6d4b" outcome="Passed" testListId="8c84fa94-04c1-424b-9868-57a2d4851a1d" relativeResultsDirectory="d21ee006-042e-4d4d-a744-866aac3d848b">
      <Output>
        <StdOut>Performing hard reset via Appium API...</StdOut>
      </Output>
    </UnitTestResult>
    <UnitTestResult executionId="0d6b0bd6-1a1f-4bd2-8fd0-a4388cdf0220" testId="41195797-faf6-da93-a8e4-fa509872f379" testName="TC_NOTI_001_XemDanhSachThongBao" computerName="LAPTOP-LM9S9518" duration="00:00:17.1960970" startTime="2026-06-19T18:51:21.0922669+07:00" endTime="2026-06-19T18:51:38.2883648+07:00" testType="13cdc9d9-ddb5-4fa4-a97d-d965ccfc6d4b" outcome="Passed" testListId="8c84fa94-04c1-424b-9868-57a2d4851a1d" relativeResultsDirectory="0d6b0bd6-1a1f-4bd2-8fd0-a4388cdf0220">
      <Output>
        <StdOut>Performing hard reset via Appium API...</StdOut>
      </Output>
    </UnitTestResult>
    <UnitTestResult executionId="43f6efe4-67e7-4686-b553-b4c7a170417e" testId="c21c8ea4-5350-8582-8a12-8798815bad50" testName="TC_MED_017_ManHinhHoSoTaiDung" computerName="LAPTOP-LM9S9518" duration="00:00:20.6082569" startTime="2026-06-19T18:39:15.5917540+07:00" endTime="2026-06-19T18:39:36.2000105+07:00" testType="13cdc9d9-ddb5-4fa4-a97d-d965ccfc6d4b" outcome="Passed" testListId="8c84fa94-04c1-424b-9868-57a2d4851a1d" relativeResultsDirectory="43f6efe4-67e7-4686-b553-b4c7a170417e">
      <Output>
        <StdOut>Performing hard reset via Appium API...</StdOut>
      </Output>
    </UnitTestResult>
    <UnitTestResult executionId="60729d69-29f7-4ee5-a01f-39004c6f994d" testId="f05b5d8f-7d1d-9446-884c-26092eaaa268" testName="TC_APP_003_ViewAppointmentHistory" computerName="LAPTOP-LM9S9518" duration="00:01:07.2461900" startTime="2026-06-19T19:43:10.1926091+07:00" endTime="2026-06-19T19:44:17.4387991+07:00" testType="13cdc9d9-ddb5-4fa4-a97d-d965ccfc6d4b" outcome="Passed" testListId="8c84fa94-04c1-424b-9868-57a2d4851a1d" relativeResultsDirectory="60729d69-29f7-4ee5-a01f-39004c6f994d">
      <Output>
        <StdOut>Performing hard reset via Appium API...</StdOut>
      </Output>
    </UnitTestResult>
    <UnitTestResult executionId="cde3d774-a600-4e2d-87a4-84687352ef49" testId="70d5ea43-ab9d-5488-e7b0-5dae8decbe85" testName="TC_MED_026_KiemTraHoSoHienThi" computerName="LAPTOP-LM9S9518" duration="00:00:18.3113290" startTime="2026-06-19T18:42:10.4757839+07:00" endTime="2026-06-19T18:42:28.7871123+07:00" testType="13cdc9d9-ddb5-4fa4-a97d-d965ccfc6d4b" outcome="Passed" testListId="8c84fa94-04c1-424b-9868-57a2d4851a1d" relativeResultsDirectory="cde3d774-a600-4e2d-87a4-84687352ef49">
      <Output>
        <StdOut>Performing hard reset via Appium API...</StdOut>
      </Output>
    </UnitTestResult>
    <UnitTestResult executionId="520e31d0-e816-4240-8197-f22c67e3697c" testId="a3ff0d9b-9ee1-2166-c85e-0de380c3121b" testName="TC_STORE_031_ReviewWithEmptyText" computerName="LAPTOP-LM9S9518" duration="00:00:00.0012220" startTime="2026-06-19T20:24:17.2013865+07:00" endTime="2026-06-19T20:24:17.2026089+07:00" testType="13cdc9d9-ddb5-4fa4-a97d-d965ccfc6d4b" outcome="Passed" testListId="8c84fa94-04c1-424b-9868-57a2d4851a1d" relativeResultsDirectory="520e31d0-e816-4240-8197-f22c67e3697c" />
    <UnitTestResult executionId="0cb98057-1085-4ad0-9aeb-c0db5192aa33" testId="679ed279-70f5-d3e8-18bd-c8335ee715fc" testName="TC_ADM_031_SessionTimeout" computerName="LAPTOP-LM9S9518" duration="00:01:05.4057260" startTime="2026-06-19T19:34:51.9202871+07:00" endTime="2026-06-19T19:35:57.3260083+07:00" testType="13cdc9d9-ddb5-4fa4-a97d-d965ccfc6d4b" outcome="Passed" testListId="8c84fa94-04c1-424b-9868-57a2d4851a1d" relativeResultsDirectory="0cb98057-1085-4ad0-9aeb-c0db5192aa33">
      <Output>
        <StdOut>Performing hard reset via Appium API...&#xD;
&#xD;
Hết hạn phiên làm việc hoạt động bình thường</StdOut>
      </Output>
    </UnitTestResult>
    <UnitTestResult executionId="4d347544-1ee6-42a0-a01c-729f391946ec" testId="a49539d0-bd9c-18c9-f3d7-3a3dd244d1fc" testName="TC_STORE_020_SelectPaymentMethodWallet" computerName="LAPTOP-LM9S9518" duration="00:00:00.0003360" startTime="2026-06-19T20:23:05.9140918+07:00" endTime="2026-06-19T20:23:05.9144276+07:00" testType="13cdc9d9-ddb5-4fa4-a97d-d965ccfc6d4b" outcome="Passed" testListId="8c84fa94-04c1-424b-9868-57a2d4851a1d" relativeResultsDirectory="4d347544-1ee6-42a0-a01c-729f391946ec" />
    <UnitTestResult executionId="0287dc44-1d0e-4197-8356-af913d01fae7" testId="d1b182dc-dca5-fef6-ebba-47a2f3af8236" testName="TC_SPEC_013_ViewSpecialtyOffline" computerName="LAPTOP-LM9S9518" duration="00:00:00.0006380" startTime="2026-06-19T20:14:26.4096616+07:00" endTime="2026-06-19T20:14:26.4102994+07:00" testType="13cdc9d9-ddb5-4fa4-a97d-d965ccfc6d4b" outcome="Passed" testListId="8c84fa94-04c1-424b-9868-57a2d4851a1d" relativeResultsDirectory="0287dc44-1d0e-4197-8356-af913d01fae7" />
    <UnitTestResult executionId="861d2d3f-255e-4fca-8b26-0c4c16081f3d" testId="736ca38d-e91b-7ed7-5975-ab70dd972396" testName="TC_NOTI_024_ThongBaoHienThiDungTen" computerName="LAPTOP-LM9S9518" duration="00:00:16.9142150" startTime="2026-06-19T18:59:41.9762953+07:00" endTime="2026-06-19T18:59:58.8905097+07:00" testType="13cdc9d9-ddb5-4fa4-a97d-d965ccfc6d4b" outcome="Passed" testListId="8c84fa94-04c1-424b-9868-57a2d4851a1d" relativeResultsDirectory="861d2d3f-255e-4fca-8b26-0c4c16081f3d">
      <Output>
        <StdOut>Performing hard reset via Appium API...</StdOut>
      </Output>
    </UnitTestResult>
    <UnitTestResult executionId="f601479e-7ae8-4b59-adee-4c529ae37bcb" testId="0357f120-0760-bcfc-f344-48579130a0c7" testName="TC_DOC_019_ConsultationFeeDisplayed" computerName="LAPTOP-LM9S9518" duration="00:00:07.1261880" startTime="2026-06-19T18:17:34.3645524+07:00" endTime="2026-06-19T18:17:41.4907409+07:00" testType="13cdc9d9-ddb5-4fa4-a97d-d965ccfc6d4b" outcome="Passed" testListId="8c84fa94-04c1-424b-9868-57a2d4851a1d" relativeResultsDirectory="f601479e-7ae8-4b59-adee-4c529ae37bcb" />
    <UnitTestResult executionId="f2302100-f3db-4727-bc10-a4ddfef77dd3" testId="e3cdc18b-c1ef-49a3-77ba-ade500d7a47a" testName="TC_SPEC_006_FilterDoctorsByRating" computerName="LAPTOP-LM9S9518" duration="00:00:00.0005440" startTime="2026-06-19T20:14:26.4020843+07:00" endTime="2026-06-19T20:14:26.4026278+07:00" testType="13cdc9d9-ddb5-4fa4-a97d-d965ccfc6d4b" outcome="Passed" testListId="8c84fa94-04c1-424b-9868-57a2d4851a1d" relativeResultsDirectory="f2302100-f3db-4727-bc10-a4ddfef77dd3" />
    <UnitTestResult executionId="236d6b57-d89f-4203-b3f0-3f2829da239f" testId="531875cc-6bed-f067-4965-23f0ab5bc9ef" testName="TC_ADM_010_ManageAppointments" computerName="LAPTOP-LM9S9518" duration="00:01:05.4673700" startTime="2026-06-19T19:11:52.6349243+07:00" endTime="2026-06-19T19:12:58.1022936+07:00" testType="13cdc9d9-ddb5-4fa4-a97d-d965ccfc6d4b" outcome="Passed" testListId="8c84fa94-04c1-424b-9868-57a2d4851a1d" relativeResultsDirectory="236d6b57-d89f-4203-b3f0-3f2829da239f">
      <Output>
        <StdOut>Performing hard reset via Appium API...&#xD;
&#xD;
Xem danh sách cuộc hẹn hoạt động bình thường</StdOut>
      </Output>
    </UnitTestResult>
    <UnitTestResult executionId="dd671616-2ecb-4476-95b7-1a2a20cc0b73" testId="7dbea23a-174b-7720-af31-2911840d2e9c" testName="TC_REV_010_KhongTheGuiDanhGia2" computerName="LAPTOP-LM9S9518" duration="00:00:20.4554370" startTime="2026-06-19T18:46:31.6190485+07:00" endTime="2026-06-19T18:46:52.0744817+07:00" testType="13cdc9d9-ddb5-4fa4-a97d-d965ccfc6d4b" outcome="Passed" testListId="8c84fa94-04c1-424b-9868-57a2d4851a1d" relativeResultsDirectory="dd671616-2ecb-4476-95b7-1a2a20cc0b73">
      <Output>
        <StdOut>Performing hard reset via Appium API...</StdOut>
      </Output>
    </UnitTestResult>
    <UnitTestResult executionId="728fff8a-5b66-48af-8381-5011b22c9632" testId="4a2b4511-e7c4-09e3-de71-5ac5daac6d93" testName="TC_ADM_021_ViewRevenueReport" computerName="LAPTOP-LM9S9518" duration="00:01:07.1414700" startTime="2026-06-19T19:23:54.1385433+07:00" endTime="2026-06-19T19:25:01.2800100+07:00" testType="13cdc9d9-ddb5-4fa4-a97d-d965ccfc6d4b" outcome="Failed" testListId="8c84fa94-04c1-424b-9868-57a2d4851a1d" relativeResultsDirectory="728fff8a-5b66-48af-8381-5011b22c9632">
      <Output>
        <StdOut>Performing hard reset via Appium API...</StdOut>
        <ErrorInfo>
          <Message>  Không hiển thị màn hình thống kê doanh thu&#xD;
  Expected: True&#xD;
  But was:  False&#xD;
</Message>
          <StackTrace>   at Care4U.AppiumTests.Tests.AdminTests.TC_ADM_021_ViewRevenueReport() in D:\mobile\project\care4u_medical_booking\test_automation\Care4U.AppiumTests\Tests\AdminTests.cs:line 242&#xD;

1)    at Care4U.AppiumTests.Tests.AdminTests.TC_ADM_021_ViewRevenueReport() in D:\mobile\project\care4u_medical_booking\test_automation\Care4U.AppiumTests\Tests\AdminTests.cs:line 242&#xD;

</StackTrace>
        </ErrorInfo>
      </Output>
    </UnitTestResult>
    <UnitTestResult executionId="f066b614-7386-4973-b826-70221a5501f8" testId="b6265af3-e8f4-2f1f-06d1-04e4a1097ccd" testName="TC_NOTI_005_DanhDauTatCaDaDoc" computerName="LAPTOP-LM9S9518" duration="00:00:21.4046920" startTime="2026-06-19T18:53:43.3929711+07:00" endTime="2026-06-19T18:54:04.7976620+07:00" testType="13cdc9d9-ddb5-4fa4-a97d-d965ccfc6d4b" outcome="Passed" testListId="8c84fa94-04c1-424b-9868-57a2d4851a1d" relativeResultsDirectory="f066b614-7386-4973-b826-70221a5501f8">
      <Output>
        <StdOut>Performing hard reset via Appium API...</StdOut>
      </Output>
    </UnitTestResult>
    <UnitTestResult executionId="f7a3fd3f-d555-406b-b4e7-22826ac2a77c" testId="3584323c-11fe-2789-66db-c68d1decdab9" testName="TC_STORE_034_ProductSortPriceDesc" computerName="LAPTOP-LM9S9518" duration="00:00:00.0002270" startTime="2026-06-19T20:24:17.2033315+07:00" endTime="2026-06-19T20:24:17.2035580+07:00" testType="13cdc9d9-ddb5-4fa4-a97d-d965ccfc6d4b" outcome="Passed" testListId="8c84fa94-04c1-424b-9868-57a2d4851a1d" relativeResultsDirectory="f7a3fd3f-d555-406b-b4e7-22826ac2a77c" />
    <UnitTestResult executionId="a32a1f0c-be52-4a69-a271-ca793bf777f7" testId="4581f5cc-78d9-919d-8407-53386ab33691" testName="TC_ADM_025_DeleteBanner" computerName="LAPTOP-LM9S9518" duration="00:01:05.8469870" startTime="2026-06-19T19:28:15.9276574+07:00" endTime="2026-06-19T19:29:21.7746442+07:00" testType="13cdc9d9-ddb5-4fa4-a97d-d965ccfc6d4b" outcome="Passed" testListId="8c84fa94-04c1-424b-9868-57a2d4851a1d" relativeResultsDirectory="a32a1f0c-be52-4a69-a271-ca793bf777f7">
      <Output>
        <StdOut>Performing hard reset via Appium API...&#xD;
&#xD;
Xóa banner quảng cáo thành công</StdOut>
      </Output>
    </UnitTestResult>
    <UnitTestResult executionId="7a5d36cb-8a33-4fcc-8665-385ad1b3fd5c" testId="b028deba-98c1-e029-520c-9bcc1d133607" testName="TC_REV_019_DanhSachDanhGiaScrollMuot" computerName="LAPTOP-LM9S9518" duration="00:00:19.3778430" startTime="2026-06-19T18:49:27.1349313+07:00" endTime="2026-06-19T18:49:46.5127737+07:00" testType="13cdc9d9-ddb5-4fa4-a97d-d965ccfc6d4b" outcome="Passed" testListId="8c84fa94-04c1-424b-9868-57a2d4851a1d" relativeResultsDirectory="7a5d36cb-8a33-4fcc-8665-385ad1b3fd5c">
      <Output>
        <StdOut>Performing hard reset via Appium API...</StdOut>
      </Output>
    </UnitTestResult>
    <UnitTestResult executionId="a0fdf624-3a7f-43fb-a56e-988309537248" testId="d23c4e45-267b-8db0-ee83-fa4ab5ab4ea0" testName="TC_NOTI_022_NhanVaoPushNotificationMoDung" computerName="LAPTOP-LM9S9518" duration="00:00:17.7437020" startTime="2026-06-19T18:59:06.9023966+07:00" endTime="2026-06-19T18:59:24.6460984+07:00" testType="13cdc9d9-ddb5-4fa4-a97d-d965ccfc6d4b" outcome="Passed" testListId="8c84fa94-04c1-424b-9868-57a2d4851a1d" relativeResultsDirectory="a0fdf624-3a7f-43fb-a56e-988309537248">
      <Output>
        <StdOut>Performing hard reset via Appium API...</StdOut>
      </Output>
    </UnitTestResult>
    <UnitTestResult executionId="fb6c3283-c438-401f-87ff-4fd31bf90283" testId="5e2ce124-3da6-8a70-625e-27b4b55b8d30" testName="TC_AUTH_028_RegisterMissingConfirmPassword" computerName="LAPTOP-LM9S9518" duration="00:00:13.8357760" startTime="2026-06-19T18:02:31.4714459+07:00" endTime="2026-06-19T18:02:45.3072216+07:00" testType="13cdc9d9-ddb5-4fa4-a97d-d965ccfc6d4b" outcome="Passed" testListId="8c84fa94-04c1-424b-9868-57a2d4851a1d" relativeResultsDirectory="fb6c3283-c438-401f-87ff-4fd31bf90283">
      <Output>
        <StdOut>App is logged in. Attempting logout via UI...&#xD;
Logout successful. Skipping hard reset.</StdOut>
      </Output>
    </UnitTestResult>
    <UnitTestResult executionId="675b5996-61c4-491a-a32c-e07472aab640" testId="8c63d65d-6663-d4dc-f859-8a208ca40fd9" testName="TC_ADM_013_AddNewProduct" computerName="LAPTOP-LM9S9518" duration="00:01:05.4212639" startTime="2026-06-19T19:15:10.3756569+07:00" endTime="2026-06-19T19:16:15.7969203+07:00" testType="13cdc9d9-ddb5-4fa4-a97d-d965ccfc6d4b" outcome="Passed" testListId="8c84fa94-04c1-424b-9868-57a2d4851a1d" relativeResultsDirectory="675b5996-61c4-491a-a32c-e07472aab640">
      <Output>
        <StdOut>Performing hard reset via Appium API...&#xD;
&#xD;
Thêm sản phẩm mới thành công</StdOut>
      </Output>
    </UnitTestResult>
    <UnitTestResult executionId="a6ce02c6-b8fa-49f1-b718-a604ae6e164f" testId="d3f23667-a4a7-c52b-d194-30465b1ebe4a" testName="TC_UI_001_SettingsScreen" computerName="LAPTOP-LM9S9518" duration="00:00:02.2110890" startTime="2026-06-19T18:21:27.0667797+07:00" endTime="2026-06-19T18:21:29.2778700+07:00" testType="13cdc9d9-ddb5-4fa4-a97d-d965ccfc6d4b" outcome="Passed" testListId="8c84fa94-04c1-424b-9868-57a2d4851a1d" relativeResultsDirectory="a6ce02c6-b8fa-49f1-b718-a604ae6e164f" />
    <UnitTestResult executionId="fecefe8a-0f3e-42c6-9d35-966576914f55" testId="b8b9413b-7d84-178c-1f62-237076407a4e" testName="TC_UI_004_HomeTabNavigation" computerName="LAPTOP-LM9S9518" duration="00:00:02.1931430" startTime="2026-06-19T18:21:36.2972632+07:00" endTime="2026-06-19T18:21:38.4904064+07:00" testType="13cdc9d9-ddb5-4fa4-a97d-d965ccfc6d4b" outcome="Passed" testListId="8c84fa94-04c1-424b-9868-57a2d4851a1d" relativeResultsDirectory="fecefe8a-0f3e-42c6-9d35-966576914f55" />
    <UnitTestResult executionId="53adfb27-ee52-4054-a527-b16d43a52fb3" testId="942ed2f7-d714-65dd-26f9-83ff42379f4e" testName="TC_STORE_017_ApplyDiscountCodeSuccess" computerName="LAPTOP-LM9S9518" duration="00:00:00.0003810" startTime="2026-06-19T20:23:05.9126509+07:00" endTime="2026-06-19T20:23:05.9130318+07:00" testType="13cdc9d9-ddb5-4fa4-a97d-d965ccfc6d4b" outcome="Passed" testListId="8c84fa94-04c1-424b-9868-57a2d4851a1d" relativeResultsDirectory="53adfb27-ee52-4054-a527-b16d43a52fb3" />
    <UnitTestResult executionId="06afa81f-862e-4e14-93b3-4fa520cd8506" testId="ee79de7b-7c16-6c0c-132b-61f6beefb355" testName="TC_DOC_002_DoctorDetailPage" computerName="LAPTOP-LM9S9518" duration="00:00:07.1740940" startTime="2026-06-19T18:15:15.9326964+07:00" endTime="2026-06-19T18:15:23.1067909+07:00" testType="13cdc9d9-ddb5-4fa4-a97d-d965ccfc6d4b" outcome="Passed" testListId="8c84fa94-04c1-424b-9868-57a2d4851a1d" relativeResultsDirectory="06afa81f-862e-4e14-93b3-4fa520cd8506" />
    <UnitTestResult executionId="ca6de641-df73-4807-acfa-8caef89eb366" testId="1a33da31-d3d4-2add-adb9-1a8180558706" testName="TC_SPEC_009_BookAppointmentFromSpecialty" computerName="LAPTOP-LM9S9518" duration="00:00:00.0005620" startTime="2026-06-19T20:14:26.4039557+07:00" endTime="2026-06-19T20:14:26.4045177+07:00" testType="13cdc9d9-ddb5-4fa4-a97d-d965ccfc6d4b" outcome="Passed" testListId="8c84fa94-04c1-424b-9868-57a2d4851a1d" relativeResultsDirectory="ca6de641-df73-4807-acfa-8caef89eb366" />
    <UnitTestResult executionId="94107e03-7035-4f53-a555-5cc8c131a398" testId="8271317f-7997-4692-9567-0accb24597bc" testName="TC_NOTI_003_ThongBaoHuyLichXuatHien" computerName="LAPTOP-LM9S9518" duration="00:00:54.5999190" startTime="2026-06-19T18:51:56.9455055+07:00" endTime="2026-06-19T18:52:51.5454238+07:00" testType="13cdc9d9-ddb5-4fa4-a97d-d965ccfc6d4b" outcome="Failed" testListId="8c84fa94-04c1-424b-9868-57a2d4851a1d" relativeResultsDirectory="94107e03-7035-4f53-a555-5cc8c131a398">
      <Output>
        <StdOut>Performing hard reset via Appium API...&#xD;
[WARN] PageSource call failed: An unknown server-side error occurred while processing the command. Original error: Timed out after 37777ms waiting for the root AccessibilityNodeInfo in the active window. Make sure the active window is not constantly hogging the main UI thread (e.g. the application is being idle long enough), so the accessibility manager could do its work</StdOut>
        <ErrorInfo>
          <Message>  Màn hình thông báo hoạt động không đúng&#xD;
  Expected: True&#xD;
  But was:  False&#xD;
</Message>
          <StackTrace>   at Care4U.AppiumTests.Tests.NotificationTests.TC_NOTI_003_ThongBaoHuyLichXuatHien() in D:\mobile\project\care4u_medical_booking\test_automation\Care4U.AppiumTests\Tests\NotificationTests.cs:line 86&#xD;

1)    at Care4U.AppiumTests.Tests.NotificationTests.TC_NOTI_003_ThongBaoHuyLichXuatHien() in D:\mobile\project\care4u_medical_booking\test_automation\Care4U.AppiumTests\Tests\NotificationTests.cs:line 86&#xD;

</StackTrace>
        </ErrorInfo>
      </Output>
    </UnitTestResult>
    <UnitTestResult executionId="6a5197ff-31b0-4b2c-9aab-5c0611856549" testId="223be602-ee36-6c6a-7bb5-55ae95789262" testName="TC_DOC_030_SpecificDoctorHoaInfo" computerName="LAPTOP-LM9S9518" duration="00:00:08.8592359" startTime="2026-06-19T18:19:32.4889694+07:00" endTime="2026-06-19T18:19:41.3482057+07:00" testType="13cdc9d9-ddb5-4fa4-a97d-d965ccfc6d4b" outcome="Passed" testListId="8c84fa94-04c1-424b-9868-57a2d4851a1d" relativeResultsDirectory="6a5197ff-31b0-4b2c-9aab-5c0611856549" />
    <UnitTestResult executionId="ba4730cb-c0c2-4a54-9c28-3be0ef545751" testId="ef66deda-ff10-a60f-bea3-6d71b2bf5c8e" testName="TC_NFR_016_KiemTraUngDungHoTro" computerName="LAPTOP-LM9S9518" duration="00:01:11.5374520" startTime="2026-06-19T18:22:56.3799313+07:00" endTime="2026-06-19T18:24:07.9173833+07:00" testType="13cdc9d9-ddb5-4fa4-a97d-d965ccfc6d4b" outcome="Passed" testListId="8c84fa94-04c1-424b-9868-57a2d4851a1d" relativeResultsDirectory="ba4730cb-c0c2-4a54-9c28-3be0ef545751">
      <Output>
        <StdOut>Performing hard reset via Appium API...</StdOut>
      </Output>
    </UnitTestResult>
    <UnitTestResult executionId="c62e5cff-8ec5-4780-88ca-af5641484d10" testId="be9b4964-2378-c766-b58c-3991a7c9180c" testName="TC_DOC_031_InactiveDoctorNotShown" computerName="LAPTOP-LM9S9518" duration="00:00:06.0467449" startTime="2026-06-19T18:19:41.3483017+07:00" endTime="2026-06-19T18:19:47.3950455+07:00" testType="13cdc9d9-ddb5-4fa4-a97d-d965ccfc6d4b" outcome="Passed" testListId="8c84fa94-04c1-424b-9868-57a2d4851a1d" relativeResultsDirectory="c62e5cff-8ec5-4780-88ca-af5641484d10">
      <Output>
        <StdOut>Kiểm tra bác sĩ không hoạt động – xem ảnh chụp và xác nhận thủ công</StdOut>
      </Output>
    </UnitTestResult>
    <UnitTestResult executionId="a0014990-d912-41da-8e54-d0a801961d95" testId="7c342701-47aa-dd8a-ebeb-ecf1b804203f" testName="TC_ADM_012_ManageStoreProducts" computerName="LAPTOP-LM9S9518" duration="00:01:05.1840820" startTime="2026-06-19T19:14:05.1915335+07:00" endTime="2026-06-19T19:15:10.3756149+07:00" testType="13cdc9d9-ddb5-4fa4-a97d-d965ccfc6d4b" outcome="Passed" testListId="8c84fa94-04c1-424b-9868-57a2d4851a1d" relativeResultsDirectory="a0014990-d912-41da-8e54-d0a801961d95">
      <Output>
        <StdOut>Performing hard reset via Appium API...&#xD;
&#xD;
Xem sản phẩm cửa hàng thành công</StdOut>
      </Output>
    </UnitTestResult>
    <UnitTestResult executionId="2689223b-7900-4942-99c9-b107e834ad1f" testId="4e96f9de-f468-e894-323c-be3958b65553" testName="TC_REV_004_DanhGiaKhongNhapNhanXet" computerName="LAPTOP-LM9S9518" duration="00:00:18.6386080" startTime="2026-06-19T18:44:34.0435771+07:00" endTime="2026-06-19T18:44:52.6821851+07:00" testType="13cdc9d9-ddb5-4fa4-a97d-d965ccfc6d4b" outcome="Passed" testListId="8c84fa94-04c1-424b-9868-57a2d4851a1d" relativeResultsDirectory="2689223b-7900-4942-99c9-b107e834ad1f">
      <Output>
        <StdOut>Performing hard reset via Appium API...</StdOut>
      </Output>
    </UnitTestResult>
    <UnitTestResult executionId="94f8589a-9a1e-4d8e-a514-88ca514ea5d1" testId="c56f258c-ca42-9022-5ad5-cd3d36417893" testName="TC_SPEC_008_ViewSpecialtyDetails" computerName="LAPTOP-LM9S9518" duration="00:00:00.0006290" startTime="2026-06-19T20:14:26.4032716+07:00" endTime="2026-06-19T20:14:26.4039000+07:00" testType="13cdc9d9-ddb5-4fa4-a97d-d965ccfc6d4b" outcome="Passed" testListId="8c84fa94-04c1-424b-9868-57a2d4851a1d" relativeResultsDirectory="94f8589a-9a1e-4d8e-a514-88ca514ea5d1" />
    <UnitTestResult executionId="b5a3f688-2bf7-4069-a7ee-33873010171a" testId="5bb6c3cd-6fc3-3580-64eb-52a6e55d5efc" testName="TC_REV_008_RatingTrungBinhBacSiCap" computerName="LAPTOP-LM9S9518" duration="00:00:19.4561950" startTime="2026-06-19T18:45:53.0296153+07:00" endTime="2026-06-19T18:46:12.4858095+07:00" testType="13cdc9d9-ddb5-4fa4-a97d-d965ccfc6d4b" outcome="Passed" testListId="8c84fa94-04c1-424b-9868-57a2d4851a1d" relativeResultsDirectory="b5a3f688-2bf7-4069-a7ee-33873010171a">
      <Output>
        <StdOut>Performing hard reset via Appium API...</StdOut>
      </Output>
    </UnitTestResult>
    <UnitTestResult executionId="f1098939-3bf8-4c38-83d5-a155d56e259b" testId="b12cb6f8-28f3-f6ea-72c9-8ed09493b95e" testName="TC_MED_010_KiemTraKhongCrashKhiMo" computerName="LAPTOP-LM9S9518" duration="00:00:20.3258790" startTime="2026-06-19T18:36:50.1331557+07:00" endTime="2026-06-19T18:37:10.4590343+07:00" testType="13cdc9d9-ddb5-4fa4-a97d-d965ccfc6d4b" outcome="Passed" testListId="8c84fa94-04c1-424b-9868-57a2d4851a1d" relativeResultsDirectory="f1098939-3bf8-4c38-83d5-a155d56e259b">
      <Output>
        <StdOut>Performing hard reset via Appium API...</StdOut>
      </Output>
    </UnitTestResult>
    <UnitTestResult executionId="948580fb-304a-41f1-8958-255eca194c71" testId="a32c4148-2d17-e1a2-32f8-6d47206087cf" testName="TC_STORE_013_CheckoutWithEmptyCart" computerName="LAPTOP-LM9S9518" duration="00:00:00.0007600" startTime="2026-06-19T20:21:48.9215783+07:00" endTime="2026-06-19T20:21:48.9223379+07:00" testType="13cdc9d9-ddb5-4fa4-a97d-d965ccfc6d4b" outcome="Passed" testListId="8c84fa94-04c1-424b-9868-57a2d4851a1d" relativeResultsDirectory="948580fb-304a-41f1-8958-255eca194c71" />
    <UnitTestResult executionId="eeb11c59-9567-4ec0-96e4-64c6dcc8b8ec" testId="9fbb7934-1174-1171-a332-385c770d19a9" testName="TC_UI_011_ThemeConsistency" computerName="LAPTOP-LM9S9518" duration="00:00:04.8375130" startTime="2026-06-19T18:21:55.2502212+07:00" endTime="2026-06-19T18:22:00.0877339+07:00" testType="13cdc9d9-ddb5-4fa4-a97d-d965ccfc6d4b" outcome="Passed" testListId="8c84fa94-04c1-424b-9868-57a2d4851a1d" relativeResultsDirectory="eeb11c59-9567-4ec0-96e4-64c6dcc8b8ec">
      <Output>
        <StdOut>Kiểm tra nhất quán màu sắc – xem ảnh chụp</StdOut>
      </Output>
    </UnitTestResult>
    <UnitTestResult executionId="698e07c5-f86b-4dcd-90af-ea68ce2cdeb4" testId="7a5011ef-a176-6372-0b93-5b68e8096c4d" testName="TC_MED_018_KiemTraChanDoanHienThi" computerName="LAPTOP-LM9S9518" duration="00:00:20.9463030" startTime="2026-06-19T18:39:36.2000828+07:00" endTime="2026-06-19T18:39:57.1463857+07:00" testType="13cdc9d9-ddb5-4fa4-a97d-d965ccfc6d4b" outcome="Passed" testListId="8c84fa94-04c1-424b-9868-57a2d4851a1d" relativeResultsDirectory="698e07c5-f86b-4dcd-90af-ea68ce2cdeb4">
      <Output>
        <StdOut>Performing hard reset via Appium API...</StdOut>
      </Output>
    </UnitTestResult>
    <UnitTestResult executionId="453911dc-e62b-45ef-b651-d9407da54dd7" testId="6a04c288-a490-fe7d-c52c-f494b8dec40c" testName="TC_DOC_026_AppointmentHistory" computerName="LAPTOP-LM9S9518" duration="00:00:02.1473239" startTime="2026-06-19T18:19:00.4104139+07:00" endTime="2026-06-19T18:19:02.5577374+07:00" testType="13cdc9d9-ddb5-4fa4-a97d-d965ccfc6d4b" outcome="Passed" testListId="8c84fa94-04c1-424b-9868-57a2d4851a1d" relativeResultsDirectory="453911dc-e62b-45ef-b651-d9407da54dd7" />
    <UnitTestResult executionId="c0a416ff-6ba6-460f-9826-c185c77bbc54" testId="7d0bfcf4-0298-3b35-a34e-769c5f7ad9de" testName="TC_REV_012_ManHinhDanhGiaHienThi" computerName="LAPTOP-LM9S9518" duration="00:00:19.1468260" startTime="2026-06-19T18:47:11.6698102+07:00" endTime="2026-06-19T18:47:30.8166360+07:00" testType="13cdc9d9-ddb5-4fa4-a97d-d965ccfc6d4b" outcome="Passed" testListId="8c84fa94-04c1-424b-9868-57a2d4851a1d" relativeResultsDirectory="c0a416ff-6ba6-460f-9826-c185c77bbc54">
      <Output>
        <StdOut>Performing hard reset via Appium API...</StdOut>
      </Output>
    </UnitTestResult>
    <UnitTestResult executionId="a1507f40-d5be-44fe-bb3f-787f1a51e76c" testId="fd5c21d4-bfa6-ab60-b69c-1ad64c756bba" testName="TC_MED_008_XemLichSuNhieuLanKham" computerName="LAPTOP-LM9S9518" duration="00:00:18.3817689" startTime="2026-06-19T18:36:13.3062149+07:00" endTime="2026-06-19T18:36:31.6879809+07:00" testType="13cdc9d9-ddb5-4fa4-a97d-d965ccfc6d4b" outcome="Passed" testListId="8c84fa94-04c1-424b-9868-57a2d4851a1d" relativeResultsDirectory="a1507f40-d5be-44fe-bb3f-787f1a51e76c">
      <Output>
        <StdOut>Performing hard reset via Appium API...</StdOut>
      </Output>
    </UnitTestResult>
    <UnitTestResult executionId="8b1ac436-b50a-4c2a-be8f-f584f0bc4103" testId="e420dc20-436e-133d-7526-2435400038f1" testName="TC_UI_010_EditProfile" computerName="LAPTOP-LM9S9518" duration="00:00:04.3149130" startTime="2026-06-19T18:21:50.9352709+07:00" endTime="2026-06-19T18:21:55.2501841+07:00" testType="13cdc9d9-ddb5-4fa4-a97d-d965ccfc6d4b" outcome="Failed" testListId="8c84fa94-04c1-424b-9868-57a2d4851a1d" relativeResultsDirectory="8b1ac436-b50a-4c2a-be8f-f584f0bc4103">
      <Output>
        <ErrorInfo>
          <Message>  Nút chỉnh sửa hồ sơ không hoạt động&#xD;
  Expected: True&#xD;
  But was:  False&#xD;
</Message>
          <StackTrace>   at Care4U.AppiumTests.Tests.UITests.TC_UI_010_EditProfile() in D:\mobile\project\care4u_medical_booking\test_automation\Care4U.AppiumTests\Tests\UITests.cs:line 158&#xD;

1)    at Care4U.AppiumTests.Tests.UITests.TC_UI_010_EditProfile() in D:\mobile\project\care4u_medical_booking\test_automation\Care4U.AppiumTests\Tests\UITests.cs:line 158&#xD;

</StackTrace>
        </ErrorInfo>
      </Output>
    </UnitTestResult>
    <UnitTestResult executionId="506dfb0a-f759-46f1-9169-9e7ee2403efc" testId="ed102f8e-1bcb-155b-b79f-e85a00e0f14a" testName="TC_PROF_006_ViewUserGuide" computerName="LAPTOP-LM9S9518" duration="00:01:14.5261110" startTime="2026-06-19T20:08:18.8388077+07:00" endTime="2026-06-19T20:09:33.3649194+07:00" testType="13cdc9d9-ddb5-4fa4-a97d-d965ccfc6d4b" outcome="Passed" testListId="8c84fa94-04c1-424b-9868-57a2d4851a1d" relativeResultsDirectory="506dfb0a-f759-46f1-9169-9e7ee2403efc">
      <Output>
        <StdOut>Performing hard reset via Appium API...</StdOut>
      </Output>
    </UnitTestResult>
    <UnitTestResult executionId="cf97ea9e-3d63-46de-ad18-031b85066d37" testId="5db7ecf3-5c6d-843f-74f7-fb05308877d3" testName="TC_AUTH_002_RegisterExistingEmail" computerName="LAPTOP-LM9S9518" duration="00:00:19.3388719" startTime="2026-06-19T17:54:56.3116175+07:00" endTime="2026-06-19T17:55:15.6504911+07:00" testType="13cdc9d9-ddb5-4fa4-a97d-d965ccfc6d4b" outcome="Passed" testListId="8c84fa94-04c1-424b-9868-57a2d4851a1d" relativeResultsDirectory="cf97ea9e-3d63-46de-ad18-031b85066d37">
      <Output>
        <StdOut>App is logged in. Attempting logout via UI...&#xD;
Logout successful. Skipping hard reset.</StdOut>
      </Output>
    </UnitTestResult>
    <UnitTestResult executionId="9328dda3-aefc-4eb4-a47a-8a30f3b29c96" testId="c0a34594-72d5-37a7-b1b6-53b25fbc5d66" testName="TC_ADM_029_DeleteSpamReview" computerName="LAPTOP-LM9S9518" duration="00:01:04.2189220" startTime="2026-06-19T19:32:39.5479327+07:00" endTime="2026-06-19T19:33:43.7668548+07:00" testType="13cdc9d9-ddb5-4fa4-a97d-d965ccfc6d4b" outcome="Passed" testListId="8c84fa94-04c1-424b-9868-57a2d4851a1d" relativeResultsDirectory="9328dda3-aefc-4eb4-a47a-8a30f3b29c96">
      <Output>
        <StdOut>Performing hard reset via Appium API...&#xD;
&#xD;
Xóa đánh giá spam thành công</StdOut>
      </Output>
    </UnitTestResult>
    <UnitTestResult executionId="b6119c02-a31c-4995-801c-32d9f1cbe0b8" testId="1b56ad2f-eed5-142d-127f-bd562ac7d763" testName="TC_DOC_016_BackFromDetailToList" computerName="LAPTOP-LM9S9518" duration="00:00:09.7344390" startTime="2026-06-19T18:17:08.0914069+07:00" endTime="2026-06-19T18:17:17.8258460+07:00" testType="13cdc9d9-ddb5-4fa4-a97d-d965ccfc6d4b" outcome="Passed" testListId="8c84fa94-04c1-424b-9868-57a2d4851a1d" relativeResultsDirectory="b6119c02-a31c-4995-801c-32d9f1cbe0b8" />
    <UnitTestResult executionId="675cbe9b-a835-40e4-be11-3f926e61889c" testId="becea626-605a-0924-433a-f55be1ed6652" testName="TC_NFR_025_KiemTraUngDungHienThi" computerName="LAPTOP-LM9S9518" duration="00:00:55.7198290" startTime="2026-06-19T18:32:34.2597697+07:00" endTime="2026-06-19T18:33:29.9795982+07:00" testType="13cdc9d9-ddb5-4fa4-a97d-d965ccfc6d4b" outcome="Passed" testListId="8c84fa94-04c1-424b-9868-57a2d4851a1d" relativeResultsDirectory="675cbe9b-a835-40e4-be11-3f926e61889c">
      <Output>
        <StdOut>Performing hard reset via Appium API...&#xD;
&#xD;
Đã kiểm nghiệm luồng ngoại tuyến</StdOut>
      </Output>
    </UnitTestResult>
    <UnitTestResult executionId="72196909-a96f-459d-a760-6988eb8cc09a" testId="75844e31-ef98-fb40-1c73-2b1dabfa1284" testName="TC_DOC_021_BookAppointmentSuccess" computerName="LAPTOP-LM9S9518" duration="00:00:14.4907350" startTime="2026-06-19T18:17:50.8076786+07:00" endTime="2026-06-19T18:18:05.2984128+07:00" testType="13cdc9d9-ddb5-4fa4-a97d-d965ccfc6d4b" outcome="Failed" testListId="8c84fa94-04c1-424b-9868-57a2d4851a1d" relativeResultsDirectory="72196909-a96f-459d-a760-6988eb8cc09a">
      <Output>
        <ErrorInfo>
          <Message>  Đặt lịch khám không thành công&#xD;
  Expected: True&#xD;
  But was:  False&#xD;
</Message>
          <StackTrace>   at Care4U.AppiumTests.Tests.DoctorTests.TC_DOC_021_BookAppointmentSuccess() in D:\mobile\project\care4u_medical_booking\test_automation\Care4U.AppiumTests\Tests\DoctorTests.cs:line 330&#xD;

1)    at Care4U.AppiumTests.Tests.DoctorTests.TC_DOC_021_BookAppointmentSuccess() in D:\mobile\project\care4u_medical_booking\test_automation\Care4U.AppiumTests\Tests\DoctorTests.cs:line 330&#xD;

</StackTrace>
        </ErrorInfo>
      </Output>
    </UnitTestResult>
    <UnitTestResult executionId="6a2378fd-ae8c-4511-9946-3b560e958356" testId="08d2096a-9d37-f101-d3f6-95159d7a71a9" testName="TC_DOC_023_BookWithoutDate" computerName="LAPTOP-LM9S9518" duration="00:00:13.5301420" startTime="2026-06-19T18:18:17.8723428+07:00" endTime="2026-06-19T18:18:31.4024845+07:00" testType="13cdc9d9-ddb5-4fa4-a97d-d965ccfc6d4b" outcome="Passed" testListId="8c84fa94-04c1-424b-9868-57a2d4851a1d" relativeResultsDirectory="6a2378fd-ae8c-4511-9946-3b560e958356" />
    <UnitTestResult executionId="9b42b4b8-2447-4d11-b6a1-f92d54d1c520" testId="f101e675-4295-4e22-468e-d6c21e8c843c" testName="TC_ADM_006_UnbanUser" computerName="LAPTOP-LM9S9518" duration="00:01:09.2953360" startTime="2026-06-19T19:07:26.0795686+07:00" endTime="2026-06-19T19:08:35.3749007+07:00" testType="13cdc9d9-ddb5-4fa4-a97d-d965ccfc6d4b" outcome="Passed" testListId="8c84fa94-04c1-424b-9868-57a2d4851a1d" relativeResultsDirectory="9b42b4b8-2447-4d11-b6a1-f92d54d1c520">
      <Output>
        <StdOut>Performing hard reset via Appium API...&#xD;
&#xD;
Đã kiểm tra luồng Mở khóa tài khoản</StdOut>
      </Output>
    </UnitTestResult>
    <UnitTestResult executionId="4993a8f6-0c00-47bc-bd5b-e4e80bf488d0" testId="5612470f-88cb-9d62-6f43-accf3901682f" testName="TC_ADM_033_ConcurrentLogins" computerName="LAPTOP-LM9S9518" duration="00:01:06.6066510" startTime="2026-06-19T19:37:03.6629261+07:00" endTime="2026-06-19T19:38:10.2695775+07:00" testType="13cdc9d9-ddb5-4fa4-a97d-d965ccfc6d4b" outcome="Passed" testListId="8c84fa94-04c1-424b-9868-57a2d4851a1d" relativeResultsDirectory="4993a8f6-0c00-47bc-bd5b-e4e80bf488d0">
      <Output>
        <StdOut>Performing hard reset via Appium API...&#xD;
&#xD;
Kiểm tra đăng nhập đồng thời thành công</StdOut>
      </Output>
    </UnitTestResult>
    <UnitTestResult executionId="5ff44d5c-3afe-44fc-b46c-e7e8b34fe8f5" testId="8df6b58b-e524-1de5-72cb-60dc21902a9c" testName="TC_DOC_033_DuplicateBookingRejected" computerName="LAPTOP-LM9S9518" duration="00:00:31.7034750" startTime="2026-06-19T18:19:54.4199775+07:00" endTime="2026-06-19T18:20:26.1234476+07:00" testType="13cdc9d9-ddb5-4fa4-a97d-d965ccfc6d4b" outcome="Passed" testListId="8c84fa94-04c1-424b-9868-57a2d4851a1d" relativeResultsDirectory="5ff44d5c-3afe-44fc-b46c-e7e8b34fe8f5">
      <Output>
        <StdOut>Kiểm tra đặt lịch trùng – xem ảnh chụp</StdOut>
      </Output>
    </UnitTestResult>
    <UnitTestResult executionId="bc11843c-0147-4d01-a4d2-007366b1ce78" testId="854e412e-f42f-8119-1672-d562ba4dde60" testName="TC_SPEC_001_ViewSpecialtiesList" computerName="LAPTOP-LM9S9518" duration="00:01:10.7833700" startTime="2026-06-19T20:09:39.3958255+07:00" endTime="2026-06-19T20:10:50.1791933+07:00" testType="13cdc9d9-ddb5-4fa4-a97d-d965ccfc6d4b" outcome="Passed" testListId="8c84fa94-04c1-424b-9868-57a2d4851a1d" relativeResultsDirectory="bc11843c-0147-4d01-a4d2-007366b1ce78">
      <Output>
        <StdOut>Performing hard reset via Appium API...</StdOut>
      </Output>
    </UnitTestResult>
    <UnitTestResult executionId="dad513f1-1520-42fc-8a3a-034132859dc2" testId="64551305-1f60-e3ea-eaf3-9f6ea601b8c3" testName="TC_NOTI_017_KiemTraNoiDungThongBao" computerName="LAPTOP-LM9S9518" duration="00:00:18.6714140" startTime="2026-06-19T18:57:30.0041455+07:00" endTime="2026-06-19T18:57:48.6755595+07:00" testType="13cdc9d9-ddb5-4fa4-a97d-d965ccfc6d4b" outcome="Passed" testListId="8c84fa94-04c1-424b-9868-57a2d4851a1d" relativeResultsDirectory="dad513f1-1520-42fc-8a3a-034132859dc2">
      <Output>
        <StdOut>Performing hard reset via Appium API...</StdOut>
      </Output>
    </UnitTestResult>
    <UnitTestResult executionId="91fe11e3-bfd6-4800-93cb-03ea53d666b7" testId="dc350870-89c3-f57e-a2ed-ed7774974d5d" testName="TC_AUTH_031_DoctorLoginSuccess" computerName="LAPTOP-LM9S9518" duration="00:00:17.8924380" startTime="2026-06-19T18:03:26.7867419+07:00" endTime="2026-06-19T18:03:44.6791809+07:00" testType="13cdc9d9-ddb5-4fa4-a97d-d965ccfc6d4b" outcome="Passed" testListId="8c84fa94-04c1-424b-9868-57a2d4851a1d" relativeResultsDirectory="91fe11e3-bfd6-4800-93cb-03ea53d666b7">
      <Output>
        <StdOut>App is already on login screen. Skipping reset.</StdOut>
      </Output>
    </UnitTestResult>
    <UnitTestResult executionId="f7253ce3-75d3-4170-8dc8-84bd70446b7c" testId="1d38aa7f-4838-e4d7-1982-2ecf74571590" testName="TC_ADM_017_AddNewSpecialty" computerName="LAPTOP-LM9S9518" duration="00:01:03.9772090" startTime="2026-06-19T19:19:34.0534471+07:00" endTime="2026-06-19T19:20:38.0306563+07:00" testType="13cdc9d9-ddb5-4fa4-a97d-d965ccfc6d4b" outcome="Passed" testListId="8c84fa94-04c1-424b-9868-57a2d4851a1d" relativeResultsDirectory="f7253ce3-75d3-4170-8dc8-84bd70446b7c">
      <Output>
        <StdOut>Performing hard reset via Appium API...&#xD;
&#xD;
Thêm chuyên khoa thành công</StdOut>
      </Output>
    </UnitTestResult>
    <UnitTestResult executionId="a4ffb8c7-df27-4f79-abdc-0c7cb4564b43" testId="9cc438a5-ceac-bd93-1590-b43be8ef76cc" testName="TC_AUTH_038_MultipleLoginLogout" computerName="LAPTOP-LM9S9518" duration="00:04:27.8489790" startTime="2026-06-19T18:09:41.3954306+07:00" endTime="2026-06-19T18:14:09.2444089+07:00" testType="13cdc9d9-ddb5-4fa4-a97d-d965ccfc6d4b" outcome="Passed" testListId="8c84fa94-04c1-424b-9868-57a2d4851a1d" relativeResultsDirectory="a4ffb8c7-df27-4f79-abdc-0c7cb4564b43">
      <Output>
        <StdOut>App is logged in. Attempting logout via UI...&#xD;
Performing hard reset via Appium API...&#xD;
App is logged in. Attempting logout via UI...&#xD;
Performing hard reset via Appium API...&#xD;
App is logged in. Attempting logout via UI...&#xD;
Performing hard reset via Appium API...</StdOut>
      </Output>
    </UnitTestResult>
    <UnitTestResult executionId="d8c2ad49-db2d-48b3-a41f-e5cd8dcdcb4c" testId="559c0bdf-67c4-d730-a69b-6c451e79dbe8" testName="TC_ADM_019_ViewSystemLogs" computerName="LAPTOP-LM9S9518" duration="00:01:05.0411660" startTime="2026-06-19T19:21:44.3433985+07:00" endTime="2026-06-19T19:22:49.3845630+07:00" testType="13cdc9d9-ddb5-4fa4-a97d-d965ccfc6d4b" outcome="Passed" testListId="8c84fa94-04c1-424b-9868-57a2d4851a1d" relativeResultsDirectory="d8c2ad49-db2d-48b3-a41f-e5cd8dcdcb4c">
      <Output>
        <StdOut>Performing hard reset via Appium API...&#xD;
&#xD;
Xem nhật ký hệ thống thành công</StdOut>
      </Output>
    </UnitTestResult>
    <UnitTestResult executionId="4cf4ce5f-8e69-4f26-9131-9cb67b89420a" testId="ed92908f-bdba-c8cf-a2b4-64fb363412f0" testName="TC_MED_003_ViewPrescriptionDetails" computerName="LAPTOP-LM9S9518" duration="00:01:11.3407140" startTime="2026-06-19T19:53:45.7073112+07:00" endTime="2026-06-19T19:54:57.0480254+07:00" testType="13cdc9d9-ddb5-4fa4-a97d-d965ccfc6d4b" outcome="Passed" testListId="8c84fa94-04c1-424b-9868-57a2d4851a1d" relativeResultsDirectory="4cf4ce5f-8e69-4f26-9131-9cb67b89420a">
      <Output>
        <StdOut>Performing hard reset via Appium API...</StdOut>
      </Output>
    </UnitTestResult>
    <UnitTestResult executionId="bd4b235c-910a-456c-a43d-13a379375ca5" testId="5320f09a-e315-069c-4086-5344c2b2e247" testName="TC_AUTH_034_RegisterScreenUI" computerName="LAPTOP-LM9S9518" duration="00:01:10.5673050" startTime="2026-06-19T18:06:01.8768742+07:00" endTime="2026-06-19T18:07:12.4441784+07:00" testType="13cdc9d9-ddb5-4fa4-a97d-d965ccfc6d4b" outcome="Passed" testListId="8c84fa94-04c1-424b-9868-57a2d4851a1d" relativeResultsDirectory="bd4b235c-910a-456c-a43d-13a379375ca5">
      <Output>
        <StdOut>App is logged in. Attempting logout via UI...&#xD;
Performing hard reset via Appium API...</StdOut>
      </Output>
    </UnitTestResult>
    <UnitTestResult executionId="ec63bcae-3245-4efd-9a43-29f9084ea3ce" testId="b0970185-36c5-0d10-9d36-1252d1e098cd" testName="TC_STORE_009_IncreaseProductQuantity" computerName="LAPTOP-LM9S9518" duration="00:00:00.0020110" startTime="2026-06-19T20:21:48.9144148+07:00" endTime="2026-06-19T20:21:48.9164251+07:00" testType="13cdc9d9-ddb5-4fa4-a97d-d965ccfc6d4b" outcome="Passed" testListId="8c84fa94-04c1-424b-9868-57a2d4851a1d" relativeResultsDirectory="ec63bcae-3245-4efd-9a43-29f9084ea3ce" />
    <UnitTestResult executionId="0bac5e61-f893-4d72-9e8e-2ded1fe4bfa5" testId="8112609f-60da-cac9-cdb6-c4c7f4498384" testName="TC_REV_020_BoLocDanhGiaTheoSo" computerName="LAPTOP-LM9S9518" duration="00:00:19.6085670" startTime="2026-06-19T18:49:46.5130349+07:00" endTime="2026-06-19T18:50:06.1216016+07:00" testType="13cdc9d9-ddb5-4fa4-a97d-d965ccfc6d4b" outcome="Passed" testListId="8c84fa94-04c1-424b-9868-57a2d4851a1d" relativeResultsDirectory="0bac5e61-f893-4d72-9e8e-2ded1fe4bfa5">
      <Output>
        <StdOut>Performing hard reset via Appium API...</StdOut>
      </Output>
    </UnitTestResult>
    <UnitTestResult executionId="18346205-c6ad-4d31-a830-7cd25566a468" testId="fcaafec1-7cf3-6f3c-af90-611a826012c0" testName="TC_UI_006_ProfileTabNavigation" computerName="LAPTOP-LM9S9518" duration="00:00:02.1489830" startTime="2026-06-19T18:21:42.3978175+07:00" endTime="2026-06-19T18:21:44.5468003+07:00" testType="13cdc9d9-ddb5-4fa4-a97d-d965ccfc6d4b" outcome="Passed" testListId="8c84fa94-04c1-424b-9868-57a2d4851a1d" relativeResultsDirectory="18346205-c6ad-4d31-a830-7cd25566a468" />
    <UnitTestResult executionId="d36b5ed0-c46a-49d9-a8ac-2d151d87392f" testId="db11901a-78e3-0808-98dc-23be75265dfb" testName="TC_REV_013_DanhGiaVoiEmojiTrongNhan" computerName="LAPTOP-LM9S9518" duration="00:00:19.3607700" startTime="2026-06-19T18:47:30.8166797+07:00" endTime="2026-06-19T18:47:50.1774495+07:00" testType="13cdc9d9-ddb5-4fa4-a97d-d965ccfc6d4b" outcome="Passed" testListId="8c84fa94-04c1-424b-9868-57a2d4851a1d" relativeResultsDirectory="d36b5ed0-c46a-49d9-a8ac-2d151d87392f">
      <Output>
        <StdOut>Performing hard reset via Appium API...</StdOut>
      </Output>
    </UnitTestResult>
    <UnitTestResult executionId="c346d0f3-aa15-4a47-bbc3-fae3bcb02e0e" testId="88bb6f9c-fdd2-0a60-af68-7edc27423ca2" testName="TC_REV_003_DanhGiaKhongChonSaoNeu" computerName="LAPTOP-LM9S9518" duration="00:00:18.8582200" startTime="2026-06-19T18:44:15.1853180+07:00" endTime="2026-06-19T18:44:34.0435373+07:00" testType="13cdc9d9-ddb5-4fa4-a97d-d965ccfc6d4b" outcome="Passed" testListId="8c84fa94-04c1-424b-9868-57a2d4851a1d" relativeResultsDirectory="c346d0f3-aa15-4a47-bbc3-fae3bcb02e0e">
      <Output>
        <StdOut>Performing hard reset via Appium API...</StdOut>
      </Output>
    </UnitTestResult>
    <UnitTestResult executionId="7c241348-fb20-4dd3-b04a-35dd605b801c" testId="9022d0f9-1b4f-b3e1-e96e-d8e3b17ce251" testName="TC_REV_009_GuiDanhGiaVoiKyTu" computerName="LAPTOP-LM9S9518" duration="00:00:19.1331540" startTime="2026-06-19T18:46:12.4858574+07:00" endTime="2026-06-19T18:46:31.6190105+07:00" testType="13cdc9d9-ddb5-4fa4-a97d-d965ccfc6d4b" outcome="Passed" testListId="8c84fa94-04c1-424b-9868-57a2d4851a1d" relativeResultsDirectory="7c241348-fb20-4dd3-b04a-35dd605b801c">
      <Output>
        <StdOut>Performing hard reset via Appium API...</StdOut>
      </Output>
    </UnitTestResult>
    <UnitTestResult executionId="f8647f86-fa50-47d3-9a06-c9c181feed0d" testId="cc4f19de-f4d1-4590-5525-48ed9c577f17" testName="TC_NOTI_020_KiemTraThongBaoKhongHien" computerName="LAPTOP-LM9S9518" duration="00:00:17.1049660" startTime="2026-06-19T18:58:31.5883026+07:00" endTime="2026-06-19T18:58:48.6932684+07:00" testType="13cdc9d9-ddb5-4fa4-a97d-d965ccfc6d4b" outcome="Passed" testListId="8c84fa94-04c1-424b-9868-57a2d4851a1d" relativeResultsDirectory="f8647f86-fa50-47d3-9a06-c9c181feed0d">
      <Output>
        <StdOut>Performing hard reset via Appium API...</StdOut>
      </Output>
    </UnitTestResult>
    <UnitTestResult executionId="60d43363-e256-4009-b26a-7919951dae35" testId="477fdeac-ef05-ec6d-d1cc-74cae2682474" testName="TC_REV_001_GuiDanhGiaBacSiSau" computerName="LAPTOP-LM9S9518" duration="00:00:19.4689380" startTime="2026-06-19T18:43:37.0217204+07:00" endTime="2026-06-19T18:43:56.4906610+07:00" testType="13cdc9d9-ddb5-4fa4-a97d-d965ccfc6d4b" outcome="Passed" testListId="8c84fa94-04c1-424b-9868-57a2d4851a1d" relativeResultsDirectory="60d43363-e256-4009-b26a-7919951dae35">
      <Output>
        <StdOut>Performing hard reset via Appium API...</StdOut>
      </Output>
    </UnitTestResult>
    <UnitTestResult executionId="e4ca70e7-cc6c-46ec-8344-fa8b8c1bf62e" testId="19f37708-5265-56e8-96b7-a511d8bcbbbb" testName="TC_MED_011_DonThuocHienThiTenThuoc" computerName="LAPTOP-LM9S9518" duration="00:00:20.6238870" startTime="2026-06-19T18:37:10.4590677+07:00" endTime="2026-06-19T18:37:31.0829540+07:00" testType="13cdc9d9-ddb5-4fa4-a97d-d965ccfc6d4b" outcome="Passed" testListId="8c84fa94-04c1-424b-9868-57a2d4851a1d" relativeResultsDirectory="e4ca70e7-cc6c-46ec-8344-fa8b8c1bf62e">
      <Output>
        <StdOut>Performing hard reset via Appium API...</StdOut>
      </Output>
    </UnitTestResult>
    <UnitTestResult executionId="1678fa7f-9b73-4ea3-af10-449e26e68371" testId="25cd2ff6-7371-4933-0469-c0613a404e7e" testName="TC_DOC_035_BookWithNotes" computerName="LAPTOP-LM9S9518" duration="00:00:15.1610000" startTime="2026-06-19T18:20:39.6133595+07:00" endTime="2026-06-19T18:20:54.7743591+07:00" testType="13cdc9d9-ddb5-4fa4-a97d-d965ccfc6d4b" outcome="Passed" testListId="8c84fa94-04c1-424b-9868-57a2d4851a1d" relativeResultsDirectory="1678fa7f-9b73-4ea3-af10-449e26e68371">
      <Output>
        <StdOut>Kiểm tra đặt lịch có ghi chú – xem ảnh chụp</StdOut>
      </Output>
    </UnitTestResult>
    <UnitTestResult executionId="ae933aef-5632-4b01-8884-2ab440b7049c" testId="9baa6be5-53a3-3e15-e95c-585aa907cde2" testName="TC_CHAT_004_SendMessageToDoctor" computerName="LAPTOP-LM9S9518" duration="00:01:09.7150149" startTime="2026-06-19T19:50:12.3323762+07:00" endTime="2026-06-19T19:51:22.0473903+07:00" testType="13cdc9d9-ddb5-4fa4-a97d-d965ccfc6d4b" outcome="Passed" testListId="8c84fa94-04c1-424b-9868-57a2d4851a1d" relativeResultsDirectory="ae933aef-5632-4b01-8884-2ab440b7049c">
      <Output>
        <StdOut>Performing hard reset via Appium API...&#xD;
&#xD;
Đã kiểm tra luồng gửi tin nhắn cho Bác sĩ</StdOut>
      </Output>
    </UnitTestResult>
    <UnitTestResult executionId="f4d5e512-7321-44ab-98e7-d2d709247a4a" testId="1b5fba2f-1374-cd81-782f-e195d4f4cd5c" testName="TC_NOTI_015_KiemTraKhongCrashKhiMo" computerName="LAPTOP-LM9S9518" duration="00:00:19.5439730" startTime="2026-06-19T18:56:51.1948938+07:00" endTime="2026-06-19T18:57:10.7388618+07:00" testType="13cdc9d9-ddb5-4fa4-a97d-d965ccfc6d4b" outcome="Passed" testListId="8c84fa94-04c1-424b-9868-57a2d4851a1d" relativeResultsDirectory="f4d5e512-7321-44ab-98e7-d2d709247a4a">
      <Output>
        <StdOut>Performing hard reset via Appium API...</StdOut>
      </Output>
    </UnitTestResult>
    <UnitTestResult executionId="189717e1-9ea4-4ff2-922e-f14de3e5a664" testId="54ce15e2-34d7-fce1-a230-be4abbc07fc7" testName="TC_DOC_029_SpecificDoctorMinhInfo" computerName="LAPTOP-LM9S9518" duration="00:00:09.1796040" startTime="2026-06-19T18:19:23.3092979+07:00" endTime="2026-06-19T18:19:32.4889011+07:00" testType="13cdc9d9-ddb5-4fa4-a97d-d965ccfc6d4b" outcome="Passed" testListId="8c84fa94-04c1-424b-9868-57a2d4851a1d" relativeResultsDirectory="189717e1-9ea4-4ff2-922e-f14de3e5a664" />
    <UnitTestResult executionId="6c2fa9d1-4722-42bc-b293-c9f6345ccb15" testId="d67c8415-1df4-c662-f5b5-39562e9b799b" testName="TC_STORE_015_CheckoutMissingAddress" computerName="LAPTOP-LM9S9518" duration="00:00:00.0008340" startTime="2026-06-19T20:23:05.9112138+07:00" endTime="2026-06-19T20:23:05.9120478+07:00" testType="13cdc9d9-ddb5-4fa4-a97d-d965ccfc6d4b" outcome="Passed" testListId="8c84fa94-04c1-424b-9868-57a2d4851a1d" relativeResultsDirectory="6c2fa9d1-4722-42bc-b293-c9f6345ccb15" />
    <UnitTestResult executionId="0ff6808b-179d-4afa-87f6-9f77740fd869" testId="dbfdc832-17d8-db5e-47aa-78e14dfb51f2" testName="TC_ADM_022_ExportRevenueExcel" computerName="LAPTOP-LM9S9518" duration="00:01:04.6266100" startTime="2026-06-19T19:25:01.2800538+07:00" endTime="2026-06-19T19:26:05.9066631+07:00" testType="13cdc9d9-ddb5-4fa4-a97d-d965ccfc6d4b" outcome="Passed" testListId="8c84fa94-04c1-424b-9868-57a2d4851a1d" relativeResultsDirectory="0ff6808b-179d-4afa-87f6-9f77740fd869">
      <Output>
        <StdOut>Performing hard reset via Appium API...&#xD;
&#xD;
Xuất báo cáo doanh thu thành công</StdOut>
      </Output>
    </UnitTestResult>
    <UnitTestResult executionId="b8a70995-06ce-4075-8b5a-d0f033f08a28" testId="952718e0-e9a7-b723-a3e5-2af2498c8eb8" testName="TC_NFR_018_UngDungHienThiDungTren" computerName="LAPTOP-LM9S9518" duration="00:00:56.1240980" startTime="2026-06-19T18:25:06.5257352+07:00" endTime="2026-06-19T18:26:02.6498258+07:00" testType="13cdc9d9-ddb5-4fa4-a97d-d965ccfc6d4b" outcome="Passed" testListId="8c84fa94-04c1-424b-9868-57a2d4851a1d" relativeResultsDirectory="b8a70995-06ce-4075-8b5a-d0f033f08a28">
      <Output>
        <StdOut>Performing hard reset via Appium API...&#xD;
&#xD;
Xác thực tương thích Android 12 hoàn tất</StdOut>
      </Output>
    </UnitTestResult>
    <UnitTestResult executionId="4a136d64-4852-4eb6-a9f1-93c8a2c54ed9" testId="1657db4d-fa89-1687-36bc-1e94855ad148" testName="TC_UI_003_BottomNavBar" computerName="LAPTOP-LM9S9518" duration="00:00:00.0594370" startTime="2026-06-19T18:21:36.2377117+07:00" endTime="2026-06-19T18:21:36.2971494+07:00" testType="13cdc9d9-ddb5-4fa4-a97d-d965ccfc6d4b" outcome="Passed" testListId="8c84fa94-04c1-424b-9868-57a2d4851a1d" relativeResultsDirectory="4a136d64-4852-4eb6-a9f1-93c8a2c54ed9" />
    <UnitTestResult executionId="4fe1d943-34cf-4751-be6b-779307d8fbc5" testId="bc61bfd7-16fe-9413-f3f3-5becd9057b61" testName="TC_ADM_020_FilterLogsByError" computerName="LAPTOP-LM9S9518" duration="00:01:04.7532750" startTime="2026-06-19T19:22:49.3852042+07:00" endTime="2026-06-19T19:23:54.1384799+07:00" testType="13cdc9d9-ddb5-4fa4-a97d-d965ccfc6d4b" outcome="Passed" testListId="8c84fa94-04c1-424b-9868-57a2d4851a1d" relativeResultsDirectory="4fe1d943-34cf-4751-be6b-779307d8fbc5">
      <Output>
        <StdOut>Performing hard reset via Appium API...&#xD;
&#xD;
Lọc nhật ký lỗi thành công</StdOut>
      </Output>
    </UnitTestResult>
    <UnitTestResult executionId="064dd13e-cc53-4241-a888-3c91d71dc2fa" testId="a96d416a-12f8-3af3-725a-9cb7c8bebdab" testName="TC_UI_009_PatientAvatar" computerName="LAPTOP-LM9S9518" duration="00:00:02.0894149" startTime="2026-06-19T18:21:48.8457916+07:00" endTime="2026-06-19T18:21:50.9352060+07:00" testType="13cdc9d9-ddb5-4fa4-a97d-d965ccfc6d4b" outcome="Passed" testListId="8c84fa94-04c1-424b-9868-57a2d4851a1d" relativeResultsDirectory="064dd13e-cc53-4241-a888-3c91d71dc2fa">
      <Output>
        <StdOut>Kiểm tra ảnh đại diện bệnh nhân – xem ảnh chụp</StdOut>
      </Output>
    </UnitTestResult>
    <UnitTestResult executionId="1840fb16-5838-4ec1-8709-3e76e23f278d" testId="af419d65-5b28-312f-47a4-efc61a4d3e20" testName="TC_DOC_025_BackFromBooking" computerName="LAPTOP-LM9S9518" duration="00:00:14.1574900" startTime="2026-06-19T18:18:46.2528763+07:00" endTime="2026-06-19T18:19:00.4103668+07:00" testType="13cdc9d9-ddb5-4fa4-a97d-d965ccfc6d4b" outcome="Passed" testListId="8c84fa94-04c1-424b-9868-57a2d4851a1d" relativeResultsDirectory="1840fb16-5838-4ec1-8709-3e76e23f278d" />
    <UnitTestResult executionId="2f3ad323-6ec4-4444-9af5-efd9977b814f" testId="8994e56f-cad0-70ef-d35b-fd730db71f71" testName="TC_STORE_029_ReviewPurchasedProduct" computerName="LAPTOP-LM9S9518" duration="00:00:00.0004310" startTime="2026-06-19T20:24:17.2004039+07:00" endTime="2026-06-19T20:24:17.2008354+07:00" testType="13cdc9d9-ddb5-4fa4-a97d-d965ccfc6d4b" outcome="Passed" testListId="8c84fa94-04c1-424b-9868-57a2d4851a1d" relativeResultsDirectory="2f3ad323-6ec4-4444-9af5-efd9977b814f" />
    <UnitTestResult executionId="fe222f42-4612-4658-83d5-2a0312d1718f" testId="04ba8832-bcaf-d4ab-5e58-927a948fc52a" testName="TC_AUTH_001_RegisterSuccess" computerName="LAPTOP-LM9S9518" duration="00:01:07.5574000" startTime="2026-06-19T17:53:48.7492601+07:00" endTime="2026-06-19T17:54:56.3065486+07:00" testType="13cdc9d9-ddb5-4fa4-a97d-d965ccfc6d4b" outcome="Passed" testListId="8c84fa94-04c1-424b-9868-57a2d4851a1d" relativeResultsDirectory="fe222f42-4612-4658-83d5-2a0312d1718f">
      <Output>
        <StdOut>Performing hard reset via Appium API...</StdOut>
      </Output>
    </UnitTestResult>
    <UnitTestResult executionId="b129a83d-5349-4069-aedd-a33fb87ca701" testId="d9d26b5e-6c79-ed00-ca9d-de6eecea8f1c" testName="TC_AUTH_011_LoginEmptyForm" computerName="LAPTOP-LM9S9518" duration="00:00:12.9212380" startTime="2026-06-19T17:58:46.3790218+07:00" endTime="2026-06-19T17:58:59.3002612+07:00" testType="13cdc9d9-ddb5-4fa4-a97d-d965ccfc6d4b" outcome="Passed" testListId="8c84fa94-04c1-424b-9868-57a2d4851a1d" relativeResultsDirectory="b129a83d-5349-4069-aedd-a33fb87ca701">
      <Output>
        <StdOut>App is already on login screen. Skipping reset.</StdOut>
      </Output>
    </UnitTestResult>
    <UnitTestResult executionId="83329629-30f1-4f47-bc68-7c62f8c1e095" testId="b5bc9ddf-4c42-9666-994a-0a994c335c80" testName="TC_REV_011_BackTuManHinhDanhGia" computerName="LAPTOP-LM9S9518" duration="00:00:19.5950540" startTime="2026-06-19T18:46:52.0745235+07:00" endTime="2026-06-19T18:47:11.6695776+07:00" testType="13cdc9d9-ddb5-4fa4-a97d-d965ccfc6d4b" outcome="Passed" testListId="8c84fa94-04c1-424b-9868-57a2d4851a1d" relativeResultsDirectory="83329629-30f1-4f47-bc68-7c62f8c1e095">
      <Output>
        <StdOut>Performing hard reset via Appium API...</StdOut>
      </Output>
    </UnitTestResult>
    <UnitTestResult executionId="12cfea00-f3cc-49d3-96ba-6ba1cb6311ca" testId="5b7a5e88-5360-d9ba-1453-81139d680f1c" testName="TC_NOTI_007_BadgeGiamKhiDocThongBao" computerName="LAPTOP-LM9S9518" duration="00:00:16.8346030" startTime="2026-06-19T18:54:21.8198060+07:00" endTime="2026-06-19T18:54:38.6544088+07:00" testType="13cdc9d9-ddb5-4fa4-a97d-d965ccfc6d4b" outcome="Passed" testListId="8c84fa94-04c1-424b-9868-57a2d4851a1d" relativeResultsDirectory="12cfea00-f3cc-49d3-96ba-6ba1cb6311ca">
      <Output>
        <StdOut>Performing hard reset via Appium API...</StdOut>
      </Output>
    </UnitTestResult>
    <UnitTestResult executionId="a31f3d47-b85c-4845-bd10-a9d4cadb436d" testId="f592dbc5-1138-6ecc-45e4-427884e1ebc3" testName="TC_AUTH_013_LoginMissingPassword" computerName="LAPTOP-LM9S9518" duration="00:00:14.2409500" startTime="2026-06-19T17:59:13.1131273+07:00" endTime="2026-06-19T17:59:27.3540762+07:00" testType="13cdc9d9-ddb5-4fa4-a97d-d965ccfc6d4b" outcome="Passed" testListId="8c84fa94-04c1-424b-9868-57a2d4851a1d" relativeResultsDirectory="a31f3d47-b85c-4845-bd10-a9d4cadb436d">
      <Output>
        <StdOut>App is already on login screen. Skipping reset.</StdOut>
      </Output>
    </UnitTestResult>
    <UnitTestResult executionId="ec57a7c2-98ce-4276-9eca-6305e853e1ef" testId="c9e7f7f2-3f35-67ea-36dd-a0fe025c718e" testName="TC_NOTI_018_KiemTraNoiDungThongBao" computerName="LAPTOP-LM9S9518" duration="00:00:20.2313040" startTime="2026-06-19T18:57:48.6755940+07:00" endTime="2026-06-19T18:58:08.9068977+07:00" testType="13cdc9d9-ddb5-4fa4-a97d-d965ccfc6d4b" outcome="Passed" testListId="8c84fa94-04c1-424b-9868-57a2d4851a1d" relativeResultsDirectory="ec57a7c2-98ce-4276-9eca-6305e853e1ef">
      <Output>
        <StdOut>Performing hard reset via Appium API...</StdOut>
      </Output>
    </UnitTestResult>
    <UnitTestResult executionId="574b29d1-1bb3-4845-ac17-98200de8aa5e" testId="4567ad3f-b88e-08b2-ab9b-a4294457324b" testName="TC_MED_025_KetQuaXetNghiemHienThi" computerName="LAPTOP-LM9S9518" duration="00:00:18.5637070" startTime="2026-06-19T18:41:51.9120448+07:00" endTime="2026-06-19T18:42:10.4757516+07:00" testType="13cdc9d9-ddb5-4fa4-a97d-d965ccfc6d4b" outcome="Passed" testListId="8c84fa94-04c1-424b-9868-57a2d4851a1d" relativeResultsDirectory="574b29d1-1bb3-4845-ac17-98200de8aa5e">
      <Output>
        <StdOut>Performing hard reset via Appium API...</StdOut>
      </Output>
    </UnitTestResult>
    <UnitTestResult executionId="51605c9d-550d-460b-8ec3-977cd0b89eeb" testId="0a2147f3-c86d-9470-fb3e-9047f78e7cc2" testName="TC_MED_005_DoctorCreatePrescription" computerName="LAPTOP-LM9S9518" duration="00:01:07.8227170" startTime="2026-06-19T19:56:05.3417337+07:00" endTime="2026-06-19T19:57:13.1644502+07:00" testType="13cdc9d9-ddb5-4fa4-a97d-d965ccfc6d4b" outcome="Passed" testListId="8c84fa94-04c1-424b-9868-57a2d4851a1d" relativeResultsDirectory="51605c9d-550d-460b-8ec3-977cd0b89eeb">
      <Output>
        <StdOut>Performing hard reset via Appium API...&#xD;
&#xD;
Bác sĩ tạo đơn thuốc hoạt động bình thường</StdOut>
      </Output>
    </UnitTestResult>
    <UnitTestResult executionId="3d4f3f43-87d9-4b13-b27f-9f4564304a09" testId="3c3ddc1b-f3c8-952a-924a-654586d57fd6" testName="TC_NOTI_011_DanhSachThongBaoKhiChua" computerName="LAPTOP-LM9S9518" duration="00:00:18.8237200" startTime="2026-06-19T18:55:31.6108179+07:00" endTime="2026-06-19T18:55:50.4345378+07:00" testType="13cdc9d9-ddb5-4fa4-a97d-d965ccfc6d4b" outcome="Passed" testListId="8c84fa94-04c1-424b-9868-57a2d4851a1d" relativeResultsDirectory="3d4f3f43-87d9-4b13-b27f-9f4564304a09">
      <Output>
        <StdOut>Performing hard reset via Appium API...</StdOut>
      </Output>
    </UnitTestResult>
    <UnitTestResult executionId="af4e48e9-01ab-4273-830b-52b54dd834df" testId="f1c49c45-9781-c9d1-e457-be3a59d9970e" testName="TC_AUTH_033_DoctorWrongPassword" computerName="LAPTOP-LM9S9518" duration="00:01:21.0902360" startTime="2026-06-19T18:04:40.7864122+07:00" endTime="2026-06-19T18:06:01.8766486+07:00" testType="13cdc9d9-ddb5-4fa4-a97d-d965ccfc6d4b" outcome="Passed" testListId="8c84fa94-04c1-424b-9868-57a2d4851a1d" relativeResultsDirectory="af4e48e9-01ab-4273-830b-52b54dd834df">
      <Output>
        <StdOut>App is logged in. Attempting logout via UI...&#xD;
Performing hard reset via Appium API...</StdOut>
      </Output>
    </UnitTestResult>
    <UnitTestResult executionId="47a9f921-a455-43d9-a546-05a1d06af496" testId="2dba1cef-b8fb-7513-e40c-de0a4dd863d7" testName="TC_STORE_012_ClearCart" computerName="LAPTOP-LM9S9518" duration="00:00:00.0007410" startTime="2026-06-19T20:21:48.9207810+07:00" endTime="2026-06-19T20:21:48.9215218+07:00" testType="13cdc9d9-ddb5-4fa4-a97d-d965ccfc6d4b" outcome="Passed" testListId="8c84fa94-04c1-424b-9868-57a2d4851a1d" relativeResultsDirectory="47a9f921-a455-43d9-a546-05a1d06af496" />
    <UnitTestResult executionId="412bd622-e930-40ac-a00b-a7b97f949131" testId="9e8a5d48-a682-fe12-21dc-953067d88177" testName="TC_NOTI_023_ThongBaoNhacLichKhamTruoc" computerName="LAPTOP-LM9S9518" duration="00:00:17.3301209" startTime="2026-06-19T18:59:24.6461341+07:00" endTime="2026-06-19T18:59:41.9762543+07:00" testType="13cdc9d9-ddb5-4fa4-a97d-d965ccfc6d4b" outcome="Passed" testListId="8c84fa94-04c1-424b-9868-57a2d4851a1d" relativeResultsDirectory="412bd622-e930-40ac-a00b-a7b97f949131">
      <Output>
        <StdOut>Performing hard reset via Appium API...</StdOut>
      </Output>
    </UnitTestResult>
    <UnitTestResult executionId="f0997501-0700-4d34-8b4a-bc7598395b06" testId="7d859dcf-86fd-27d1-8433-ca4ff236416c" testName="TC_AUTH_009_LoginWrongPassword" computerName="LAPTOP-LM9S9518" duration="00:00:27.4918880" startTime="2026-06-19T17:57:58.0391922+07:00" endTime="2026-06-19T17:58:25.5310796+07:00" testType="13cdc9d9-ddb5-4fa4-a97d-d965ccfc6d4b" outcome="Passed" testListId="8c84fa94-04c1-424b-9868-57a2d4851a1d" relativeResultsDirectory="f0997501-0700-4d34-8b4a-bc7598395b06">
      <Output>
        <StdOut>App is logged in. Attempting logout via UI...&#xD;
Logout successful. Skipping hard reset.</StdOut>
      </Output>
    </UnitTestResult>
    <UnitTestResult executionId="b483c7f8-87ab-4669-8527-7b7f1cb11824" testId="6fd591a1-eb99-4fef-2a84-df4950f1c083" testName="TC_CHAT_001_OpenChatbot" computerName="LAPTOP-LM9S9518" duration="00:01:08.3683600" startTime="2026-06-19T19:46:45.9572888+07:00" endTime="2026-06-19T19:47:54.3256464+07:00" testType="13cdc9d9-ddb5-4fa4-a97d-d965ccfc6d4b" outcome="Passed" testListId="8c84fa94-04c1-424b-9868-57a2d4851a1d" relativeResultsDirectory="b483c7f8-87ab-4669-8527-7b7f1cb11824">
      <Output>
        <StdOut>Performing hard reset via Appium API...</StdOut>
      </Output>
    </UnitTestResult>
    <UnitTestResult executionId="333fe1b8-546e-47a2-9769-41d2425a7a29" testId="b7b45943-945e-7bac-72e9-e69f6fc6ace8" testName="TC_AUTH_020_NavigateToRegister" computerName="LAPTOP-LM9S9518" duration="00:00:06.0640390" startTime="2026-06-19T18:00:33.5808707+07:00" endTime="2026-06-19T18:00:39.6449089+07:00" testType="13cdc9d9-ddb5-4fa4-a97d-d965ccfc6d4b" outcome="Passed" testListId="8c84fa94-04c1-424b-9868-57a2d4851a1d" relativeResultsDirectory="333fe1b8-546e-47a2-9769-41d2425a7a29">
      <Output>
        <StdOut>App is already on login screen. Skipping reset.</StdOut>
      </Output>
    </UnitTestResult>
    <UnitTestResult executionId="08376268-eec7-4960-a127-29ad8c2a7abb" testId="398ab657-6f83-0dac-5164-776cd84a2013" testName="TC_MED_013_HoSoYTeHienThi" computerName="LAPTOP-LM9S9518" duration="00:00:20.8562260" startTime="2026-06-19T18:37:52.1187012+07:00" endTime="2026-06-19T18:38:12.9749271+07:00" testType="13cdc9d9-ddb5-4fa4-a97d-d965ccfc6d4b" outcome="Passed" testListId="8c84fa94-04c1-424b-9868-57a2d4851a1d" relativeResultsDirectory="08376268-eec7-4960-a127-29ad8c2a7abb">
      <Output>
        <StdOut>Performing hard reset via Appium API...</StdOut>
      </Output>
    </UnitTestResult>
    <UnitTestResult executionId="84120948-dde0-4712-820d-91c6105a6406" testId="ba322a4e-51c1-9991-31b0-ea52c5f04599" testName="TC_SPEC_015_SpecialtyDescriptionExpand" computerName="LAPTOP-LM9S9518" duration="00:00:00.0008470" startTime="2026-06-19T20:14:26.4121617+07:00" endTime="2026-06-19T20:14:26.4130084+07:00" testType="13cdc9d9-ddb5-4fa4-a97d-d965ccfc6d4b" outcome="Passed" testListId="8c84fa94-04c1-424b-9868-57a2d4851a1d" relativeResultsDirectory="84120948-dde0-4712-820d-91c6105a6406" />
    <UnitTestResult executionId="a1da130a-3030-4ad9-abc2-92043e737984" testId="19007ad0-de0a-e84e-6e93-fa30bfa03c1c" testName="TC_DOC_032_DoctorPhonePrivacy" computerName="LAPTOP-LM9S9518" duration="00:00:07.0246570" startTime="2026-06-19T18:19:47.3952507+07:00" endTime="2026-06-19T18:19:54.4199085+07:00" testType="13cdc9d9-ddb5-4fa4-a97d-d965ccfc6d4b" outcome="Passed" testListId="8c84fa94-04c1-424b-9868-57a2d4851a1d" relativeResultsDirectory="a1da130a-3030-4ad9-abc2-92043e737984">
      <Output>
        <StdOut>Kiểm tra quyền riêng tư SĐT bác sĩ – xem ảnh chụp</StdOut>
      </Output>
    </UnitTestResult>
    <UnitTestResult executionId="5c7df84b-1b16-4058-aa39-815ee9f254a2" testId="5ce892c6-a8f6-6dee-111c-b6146ac1b5eb" testName="TC_APP_005_ViewAppointmentDetails" computerName="LAPTOP-LM9S9518" duration="00:01:08.6601330" startTime="2026-06-19T19:45:31.6008647+07:00" endTime="2026-06-19T19:46:40.2609972+07:00" testType="13cdc9d9-ddb5-4fa4-a97d-d965ccfc6d4b" outcome="Passed" testListId="8c84fa94-04c1-424b-9868-57a2d4851a1d" relativeResultsDirectory="5c7df84b-1b16-4058-aa39-815ee9f254a2">
      <Output>
        <StdOut>Performing hard reset via Appium API...</StdOut>
      </Output>
    </UnitTestResult>
    <UnitTestResult executionId="7246e2df-bc69-4a17-a0f6-b906f1be8304" testId="d9b5655b-15a3-d413-6d32-ad6600b1353d" testName="TC_MED_006_ScrollDanhSachHoSoMuot" computerName="LAPTOP-LM9S9518" duration="00:00:18.5616010" startTime="2026-06-19T18:35:36.0943676+07:00" endTime="2026-06-19T18:35:54.6559682+07:00" testType="13cdc9d9-ddb5-4fa4-a97d-d965ccfc6d4b" outcome="Passed" testListId="8c84fa94-04c1-424b-9868-57a2d4851a1d" relativeResultsDirectory="7246e2df-bc69-4a17-a0f6-b906f1be8304">
      <Output>
        <StdOut>Performing hard reset via Appium API...</StdOut>
      </Output>
    </UnitTestResult>
    <UnitTestResult executionId="13c251a2-d809-41fc-950e-0bb7a22d18d0" testId="c6b48d5f-fc48-e7aa-21cc-ad8e45e5d93e" testName="TC_NOTI_004_DanhDauThongBaoDaDoc" computerName="LAPTOP-LM9S9518" duration="00:00:51.8461710" startTime="2026-06-19T18:52:51.5467631+07:00" endTime="2026-06-19T18:53:43.3929339+07:00" testType="13cdc9d9-ddb5-4fa4-a97d-d965ccfc6d4b" outcome="Passed" testListId="8c84fa94-04c1-424b-9868-57a2d4851a1d" relativeResultsDirectory="13c251a2-d809-41fc-950e-0bb7a22d18d0">
      <Output>
        <StdOut>Performing hard reset via Appium API...&#xD;
[ADB Log] cmd: adb -s emulator-5554 shell am start-activity -a android.intent.action.MAIN -c android.intent.category.LAUNCHER -f 0x10200000 -n com.example.care4u_medical_booking/.MainActivity&#xD;
ExitCode: 0&#xD;
Stderr: Warning: Activity not started, intent has been delivered to currently running top-most instance.&#xD;
&#xD;
Stdout: Starting: Intent { act=android.intent.action.MAIN cat=[android.intent.category.LAUNCHER] flg=0x10200000 cmp=com.example.care4u_medical_booking/.MainActivity }</StdOut>
      </Output>
    </UnitTestResult>
    <UnitTestResult executionId="d57990c4-fbd4-460b-b071-3b6595c5cc5c" testId="de6abcce-9095-1e17-a28a-7567c3288e56" testName="TC_AUTH_005_RegisterInvalidEmailFormat" computerName="LAPTOP-LM9S9518" duration="00:00:26.0825470" startTime="2026-06-19T17:56:08.2473305+07:00" endTime="2026-06-19T17:56:34.3298771+07:00" testType="13cdc9d9-ddb5-4fa4-a97d-d965ccfc6d4b" outcome="Passed" testListId="8c84fa94-04c1-424b-9868-57a2d4851a1d" relativeResultsDirectory="d57990c4-fbd4-460b-b071-3b6595c5cc5c">
      <Output>
        <StdOut>Performing hard reset via Appium API...</StdOut>
      </Output>
    </UnitTestResult>
    <UnitTestResult executionId="3a65ed29-3dae-4f88-85c4-f5c73ed32a82" testId="a3c1f98a-283f-c85b-ec1b-6d02ac525d9d" testName="TC_STORE_033_ProductSortPriceAsc" computerName="LAPTOP-LM9S9518" duration="00:00:00.0002740" startTime="2026-06-19T20:24:17.2030409+07:00" endTime="2026-06-19T20:24:17.2033149+07:00" testType="13cdc9d9-ddb5-4fa4-a97d-d965ccfc6d4b" outcome="Passed" testListId="8c84fa94-04c1-424b-9868-57a2d4851a1d" relativeResultsDirectory="3a65ed29-3dae-4f88-85c4-f5c73ed32a82" />
    <UnitTestResult executionId="faa8f823-678f-419c-9fe1-a5666b4f5650" testId="62ba6497-5009-0c0e-90f6-137f1e4d4818" testName="TC_STORE_011_RemoveProductFromCart" computerName="LAPTOP-LM9S9518" duration="00:00:00.0007350" startTime="2026-06-19T20:21:48.9193795+07:00" endTime="2026-06-19T20:21:48.9201149+07:00" testType="13cdc9d9-ddb5-4fa4-a97d-d965ccfc6d4b" outcome="Passed" testListId="8c84fa94-04c1-424b-9868-57a2d4851a1d" relativeResultsDirectory="faa8f823-678f-419c-9fe1-a5666b4f5650" />
    <UnitTestResult executionId="67886e70-afb1-4c10-a100-28dd48be545b" testId="ae757490-179c-7e65-a0d1-fff563403a76" testName="TC_MED_005_HoSoTrongKhiChuaCo" computerName="LAPTOP-LM9S9518" duration="00:00:18.5532429" startTime="2026-06-19T18:35:17.5410622+07:00" endTime="2026-06-19T18:35:36.0943047+07:00" testType="13cdc9d9-ddb5-4fa4-a97d-d965ccfc6d4b" outcome="Passed" testListId="8c84fa94-04c1-424b-9868-57a2d4851a1d" relativeResultsDirectory="67886e70-afb1-4c10-a100-28dd48be545b">
      <Output>
        <StdOut>Performing hard reset via Appium API...</StdOut>
      </Output>
    </UnitTestResult>
    <UnitTestResult executionId="21a07243-4b8c-4de4-bd6d-352a4f9a8f68" testId="1b80ccca-8229-c3e9-b1a5-79321b2ce78b" testName="TC_SPEC_003_SearchSpecialtyNotFound" computerName="LAPTOP-LM9S9518" duration="00:01:12.0146500" startTime="2026-06-19T20:12:03.1673926+07:00" endTime="2026-06-19T20:13:15.1820423+07:00" testType="13cdc9d9-ddb5-4fa4-a97d-d965ccfc6d4b" outcome="Passed" testListId="8c84fa94-04c1-424b-9868-57a2d4851a1d" relativeResultsDirectory="21a07243-4b8c-4de4-bd6d-352a4f9a8f68">
      <Output>
        <StdOut>Performing hard reset via Appium API...</StdOut>
      </Output>
    </UnitTestResult>
    <UnitTestResult executionId="bbcb3dbe-b70f-4443-bf2a-16feaef1691d" testId="989fcb05-8b2a-a35c-05f4-91341caac213" testName="TC_AUTH_012_LoginMissingEmail" computerName="LAPTOP-LM9S9518" duration="00:00:13.8127410" startTime="2026-06-19T17:58:59.3003441+07:00" endTime="2026-06-19T17:59:13.1130847+07:00" testType="13cdc9d9-ddb5-4fa4-a97d-d965ccfc6d4b" outcome="Passed" testListId="8c84fa94-04c1-424b-9868-57a2d4851a1d" relativeResultsDirectory="bbcb3dbe-b70f-4443-bf2a-16feaef1691d">
      <Output>
        <StdOut>App is already on login screen. Skipping reset.</StdOut>
      </Output>
    </UnitTestResult>
    <UnitTestResult executionId="d74ee2d8-24ab-45f5-b505-34012b6a07ea" testId="29e8d6b0-3a21-ffa3-a200-69771967eb51" testName="TC_AUTH_037_ForgotPassword" computerName="LAPTOP-LM9S9518" duration="00:01:10.1550440" startTime="2026-06-19T18:08:31.2403406+07:00" endTime="2026-06-19T18:09:41.3953816+07:00" testType="13cdc9d9-ddb5-4fa4-a97d-d965ccfc6d4b" outcome="Passed" testListId="8c84fa94-04c1-424b-9868-57a2d4851a1d" relativeResultsDirectory="d74ee2d8-24ab-45f5-b505-34012b6a07ea">
      <Output>
        <StdOut>App is logged in. Attempting logout via UI...&#xD;
Performing hard reset via Appium API...&#xD;
&#xD;
Kiểm tra chức năng Quên mật khẩu – xem ảnh chụp</StdOut>
      </Output>
    </UnitTestResult>
    <UnitTestResult executionId="35e4d4b3-1ef3-4a1a-b2e5-e88f28c75583" testId="099713ee-6543-1ea4-e1aa-aac1206ced4e" testName="TC_ADM_014_EditProduct" computerName="LAPTOP-LM9S9518" duration="00:01:07.2978020" startTime="2026-06-19T19:16:15.7970235+07:00" endTime="2026-06-19T19:17:23.0948250+07:00" testType="13cdc9d9-ddb5-4fa4-a97d-d965ccfc6d4b" outcome="Passed" testListId="8c84fa94-04c1-424b-9868-57a2d4851a1d" relativeResultsDirectory="35e4d4b3-1ef3-4a1a-b2e5-e88f28c75583">
      <Output>
        <StdOut>Performing hard reset via Appium API...&#xD;
&#xD;
Sửa đổi sản phẩm thành công</StdOut>
      </Output>
    </UnitTestResult>
    <UnitTestResult executionId="ff1a37b1-daf4-409b-8ecd-4a307b672d8f" testId="4c70b3bb-0d6c-fecc-8539-36e68a7e72e2" testName="TC_DOC_024_BookWithoutTime" computerName="LAPTOP-LM9S9518" duration="00:00:14.8502640" startTime="2026-06-19T18:18:31.4025204+07:00" endTime="2026-06-19T18:18:46.2527836+07:00" testType="13cdc9d9-ddb5-4fa4-a97d-d965ccfc6d4b" outcome="Passed" testListId="8c84fa94-04c1-424b-9868-57a2d4851a1d" relativeResultsDirectory="ff1a37b1-daf4-409b-8ecd-4a307b672d8f" />
    <UnitTestResult executionId="cf84fa6c-2c2e-4b18-8791-206de5c4655b" testId="0c6cf807-d56a-2131-5744-4fff17e2b14c" testName="TC_DOC_015_DoctorNameCasing" computerName="LAPTOP-LM9S9518" duration="00:00:07.1614680" startTime="2026-06-19T18:17:00.9298644+07:00" endTime="2026-06-19T18:17:08.0913310+07:00" testType="13cdc9d9-ddb5-4fa4-a97d-d965ccfc6d4b" outcome="Passed" testListId="8c84fa94-04c1-424b-9868-57a2d4851a1d" relativeResultsDirectory="cf84fa6c-2c2e-4b18-8791-206de5c4655b">
      <Output>
        <StdOut>Kiểm tra casing tên bác sĩ – xem ảnh chụp</StdOut>
      </Output>
    </UnitTestResult>
    <UnitTestResult executionId="498e348f-3672-4181-9d89-0fa03a7c3d78" testId="c5ed97f9-2e60-b346-0600-43cde4720efa" testName="TC_SPEC_014_SpecialtyIconLoad" computerName="LAPTOP-LM9S9518" duration="00:00:00.0017910" startTime="2026-06-19T20:14:26.4103248+07:00" endTime="2026-06-19T20:14:26.4121153+07:00" testType="13cdc9d9-ddb5-4fa4-a97d-d965ccfc6d4b" outcome="Passed" testListId="8c84fa94-04c1-424b-9868-57a2d4851a1d" relativeResultsDirectory="498e348f-3672-4181-9d89-0fa03a7c3d78" />
    <UnitTestResult executionId="0e74dee2-98c8-43e7-a33c-28c27d00cf90" testId="03a694a8-ce5e-1ccb-c3f9-501e879f6711" testName="TC_DOC_005_FilterBySpecialty" computerName="LAPTOP-LM9S9518" duration="00:00:07.5697520" startTime="2026-06-19T18:15:41.4748959+07:00" endTime="2026-06-19T18:15:49.0446475+07:00" testType="13cdc9d9-ddb5-4fa4-a97d-d965ccfc6d4b" outcome="Passed" testListId="8c84fa94-04c1-424b-9868-57a2d4851a1d" relativeResultsDirectory="0e74dee2-98c8-43e7-a33c-28c27d00cf90">
      <Output>
        <StdOut>Kiểm tra lọc chuyên khoa – xem ảnh chụp</StdOut>
      </Output>
    </UnitTestResult>
    <UnitTestResult executionId="c1d16f91-a5dd-4984-abad-c845d49c700d" testId="16ed2e5f-7238-3d4e-89ee-b330b74783e5" testName="TC_NOTI_012_ThongBaoSapXepTheoThu" computerName="LAPTOP-LM9S9518" duration="00:00:18.7864720" startTime="2026-06-19T18:55:50.4369067+07:00" endTime="2026-06-19T18:56:09.2233784+07:00" testType="13cdc9d9-ddb5-4fa4-a97d-d965ccfc6d4b" outcome="Passed" testListId="8c84fa94-04c1-424b-9868-57a2d4851a1d" relativeResultsDirectory="c1d16f91-a5dd-4984-abad-c845d49c700d">
      <Output>
        <StdOut>Performing hard reset via Appium API...</StdOut>
      </Output>
    </UnitTestResult>
    <UnitTestResult executionId="068e16e6-b69e-40fb-9f2c-878612fb2dee" testId="658d7247-701b-2625-8157-0cd39faf6922" testName="TC_PROF_002_EditProfileSuccess" computerName="LAPTOP-LM9S9518" duration="00:01:16.5103800" startTime="2026-06-19T20:03:15.6800145+07:00" endTime="2026-06-19T20:04:32.1903948+07:00" testType="13cdc9d9-ddb5-4fa4-a97d-d965ccfc6d4b" outcome="Passed" testListId="8c84fa94-04c1-424b-9868-57a2d4851a1d" relativeResultsDirectory="068e16e6-b69e-40fb-9f2c-878612fb2dee">
      <Output>
        <StdOut>Performing hard reset via Appium API...</StdOut>
      </Output>
    </UnitTestResult>
    <UnitTestResult executionId="8a2b268c-1c76-462f-b781-2ce78953eef3" testId="79b631dd-d8db-075b-cc89-9b8514d2e9ad" testName="TC_AUTH_029_LoginEmailCaseInsensitive" computerName="LAPTOP-LM9S9518" duration="00:00:25.0915140" startTime="2026-06-19T18:02:45.3074194+07:00" endTime="2026-06-19T18:03:10.3989335+07:00" testType="13cdc9d9-ddb5-4fa4-a97d-d965ccfc6d4b" outcome="Passed" testListId="8c84fa94-04c1-424b-9868-57a2d4851a1d" relativeResultsDirectory="8a2b268c-1c76-462f-b781-2ce78953eef3">
      <Output>
        <StdOut>Performing hard reset via Appium API...&#xD;
&#xD;
Kiểm tra case-insensitive email – xem ảnh chụp và source</StdOut>
      </Output>
    </UnitTestResult>
    <UnitTestResult executionId="29b114a5-9aad-474b-9fb0-a05f71a3164a" testId="21723698-39b4-b946-4a6a-8f740e8ddced" testName="TC_STORE_027_ReorderPreviousOrder" computerName="LAPTOP-LM9S9518" duration="00:00:00.0003240" startTime="2026-06-19T20:24:17.1995618+07:00" endTime="2026-06-19T20:24:17.1998853+07:00" testType="13cdc9d9-ddb5-4fa4-a97d-d965ccfc6d4b" outcome="Passed" testListId="8c84fa94-04c1-424b-9868-57a2d4851a1d" relativeResultsDirectory="29b114a5-9aad-474b-9fb0-a05f71a3164a" />
    <UnitTestResult executionId="945faa51-3f72-4c02-89b7-4eee69a9b059" testId="96e1c73c-1726-70e3-6f78-384003f36627" testName="TC_MED_016_HoSoHienThiKetQua" computerName="LAPTOP-LM9S9518" duration="00:00:20.5253270" startTime="2026-06-19T18:38:55.0663922+07:00" endTime="2026-06-19T18:39:15.5917191+07:00" testType="13cdc9d9-ddb5-4fa4-a97d-d965ccfc6d4b" outcome="Passed" testListId="8c84fa94-04c1-424b-9868-57a2d4851a1d" relativeResultsDirectory="945faa51-3f72-4c02-89b7-4eee69a9b059">
      <Output>
        <StdOut>Performing hard reset via Appium API...</StdOut>
      </Output>
    </UnitTestResult>
    <UnitTestResult executionId="6cb59f31-a8b3-4425-8ece-d249da9b4a06" testId="4ec225ce-7bb1-72d6-654c-bf755c659544" testName="TC_STORE_007_AddProductToCart" computerName="LAPTOP-LM9S9518" duration="00:01:13.3337279" startTime="2026-06-19T20:20:35.5789851+07:00" endTime="2026-06-19T20:21:48.9127125+07:00" testType="13cdc9d9-ddb5-4fa4-a97d-d965ccfc6d4b" outcome="Passed" testListId="8c84fa94-04c1-424b-9868-57a2d4851a1d" relativeResultsDirectory="6cb59f31-a8b3-4425-8ece-d249da9b4a06">
      <Output>
        <StdOut>Performing hard reset via Appium API...&#xD;
&#xD;
Thêm sản phẩm vào giỏ hàng hoạt động bình thường</StdOut>
      </Output>
    </UnitTestResult>
    <UnitTestResult executionId="51146783-9ae7-4067-8934-c61d39739d82" testId="49ed5646-f834-e6b5-db59-41246698cb68" testName="TC_ADM_002_LoginAdminWrongPass" computerName="LAPTOP-LM9S9518" duration="00:01:05.1186040" startTime="2026-06-19T19:02:57.6428893+07:00" endTime="2026-06-19T19:04:02.7614932+07:00" testType="13cdc9d9-ddb5-4fa4-a97d-d965ccfc6d4b" outcome="Failed" testListId="8c84fa94-04c1-424b-9868-57a2d4851a1d" relativeResultsDirectory="51146783-9ae7-4067-8934-c61d39739d82">
      <Output>
        <StdOut>Performing hard reset via Appium API...</StdOut>
        <ErrorInfo>
          <Message>  Không hiển thị thông báo lỗi khi đăng nhập sai mật khẩu&#xD;
  Expected: True&#xD;
  But was:  False&#xD;
</Message>
          <StackTrace>   at Care4U.AppiumTests.Tests.AdminTests.TC_ADM_002_LoginAdminWrongPass() in D:\mobile\project\care4u_medical_booking\test_automation\Care4U.AppiumTests\Tests\AdminTests.cs:line 42&#xD;

1)    at Care4U.AppiumTests.Tests.AdminTests.TC_ADM_002_LoginAdminWrongPass() in D:\mobile\project\care4u_medical_booking\test_automation\Care4U.AppiumTests\Tests\AdminTests.cs:line 42&#xD;

</StackTrace>
        </ErrorInfo>
      </Output>
    </UnitTestResult>
    <UnitTestResult executionId="a04a0aeb-23c8-4e16-8217-db4767069d5d" testId="e491df14-92d7-7817-fc4d-e174dd1610a2" testName="TC_STORE_032_ProductPagination" computerName="LAPTOP-LM9S9518" duration="00:00:00.0003590" startTime="2026-06-19T20:24:17.2026570+07:00" endTime="2026-06-19T20:24:17.2030162+07:00" testType="13cdc9d9-ddb5-4fa4-a97d-d965ccfc6d4b" outcome="Passed" testListId="8c84fa94-04c1-424b-9868-57a2d4851a1d" relativeResultsDirectory="a04a0aeb-23c8-4e16-8217-db4767069d5d" />
    <UnitTestResult executionId="fa620077-cea9-4e6c-8246-dbeba96aa767" testId="c69dd24e-2826-eb2b-7fcb-2d6af53d2361" testName="TC_DOC_028_ClearSearchRestoresList" computerName="LAPTOP-LM9S9518" duration="00:00:13.3115510" startTime="2026-06-19T18:19:09.9976961+07:00" endTime="2026-06-19T18:19:23.3092470+07:00" testType="13cdc9d9-ddb5-4fa4-a97d-d965ccfc6d4b" outcome="Failed" testListId="8c84fa94-04c1-424b-9868-57a2d4851a1d" relativeResultsDirectory="fa620077-cea9-4e6c-8246-dbeba96aa767">
      <Output>
        <ErrorInfo>
          <Message>  Xóa ô tìm kiếm không khôi phục danh sách&#xD;
  Expected: True&#xD;
  But was:  False&#xD;
</Message>
          <StackTrace>   at Care4U.AppiumTests.Tests.DoctorTests.TC_DOC_028_ClearSearchRestoresList() in D:\mobile\project\care4u_medical_booking\test_automation\Care4U.AppiumTests\Tests\DoctorTests.cs:line 449&#xD;

1)    at Care4U.AppiumTests.Tests.DoctorTests.TC_DOC_028_ClearSearchRestoresList() in D:\mobile\project\care4u_medical_booking\test_automation\Care4U.AppiumTests\Tests\DoctorTests.cs:line 449&#xD;

</StackTrace>
        </ErrorInfo>
      </Output>
    </UnitTestResult>
[...]
</Text>
      </RunInfo>
      <RunInfo computerName="LAPTOP-LM9S9518" outcome="Warning" timestamp="2026-06-19T18:53:43.3934082+07:00">
        <Text>Performing hard reset via Appium API...&#xD;
[ADB Log] cmd: adb -s emulator-5554 shell am start-activity -a android.intent.action.MAIN -c android.intent.category.LAUNCHER -f 0x10200000 -n com.example.care4u_medical_booking/.MainActivity&#xD;
ExitCode: 0&#xD;
Stderr: Warning: Activity not started, intent has been delivered to currently running top-most instance.&#xD;
&#xD;
Stdout: Starting: Intent { act=android.intent.action.MAIN cat=[android.intent.category.LAUNCHER] flg=0x10200000 cmp=com.example.care4u_medical_booking/.MainActivity }&#xD;
&#xD;
</Text>
      </RunInfo>
      <RunInfo computerName="LAPTOP-LM9S9518" outcome="Warning" timestamp="2026-06-19T18:54:04.7982688+07:00">
        <Text>Performing hard reset via Appium API...&#xD;
</Text>
      </RunInfo>
      <RunInfo computerName="LAPTOP-LM9S9518" outcome="Warning" timestamp="2026-06-19T18:54:21.8202648+07:00">
        <Text>Performing hard reset via Appium API...&#xD;
</Text>
      </RunInfo>
      <RunInfo computerName="LAPTOP-LM9S9518" outcome="Warning" timestamp="2026-06-19T18:54:38.6548780+07:00">
        <Text>Performing hard reset via Appium API...&#xD;
</Text>
      </RunInfo>
      <RunInfo computerName="LAPTOP-LM9S9518" outcome="Warning" timestamp="2026-06-19T18:54:55.3592950+07:00">
        <Text>Performing hard reset via Appium API...&#xD;
</Text>
      </RunInfo>
      <RunInfo computerName="LAPTOP-LM9S9518" outcome="Warning" timestamp="2026-06-19T18:55:12.0878956+07:00">
        <Text>Performing hard reset via Appium API...&#xD;
</Text>
      </RunInfo>
      <RunInfo computerName="LAPTOP-LM9S9518" outcome="Warning" timestamp="2026-06-19T18:55:31.6112169+07:00">
        <Text>Performing hard reset via Appium API...&#xD;
</Text>
      </RunInfo>
      <RunInfo computerName="LAPTOP-LM9S9518" outcome="Warning" timestamp="2026-06-19T18:55:50.4350419+07:00">
        <Text>Performing hard reset via Appium API...&#xD;
</Text>
      </RunInfo>
      <RunInfo computerName="LAPTOP-LM9S9518" outcome="Warning" timestamp="2026-06-19T18:56:09.2242272+07:00">
        <Text>Performing hard reset via Appium API...&#xD;
</Text>
      </RunInfo>
      <RunInfo computerName="LAPTOP-LM9S9518" outcome="Warning" timestamp="2026-06-19T18:56:28.7143363+07:00">
        <Text>Performing hard reset via Appium API...&#xD;
</Text>
      </RunInfo>
      <RunInfo computerName="LAPTOP-LM9S9518" outcome="Warning" timestamp="2026-06-19T18:56:51.1953302+07:00">
        <Text>Performing hard reset via Appium API...&#xD;
</Text>
      </RunInfo>
      <RunInfo computerName="LAPTOP-LM9S9518" outcome="Warning" timestamp="2026-06-19T18:57:10.7395956+07:00">
        <Text>Performing hard reset via Appium API...&#xD;
</Text>
      </RunInfo>
      <RunInfo computerName="LAPTOP-LM9S9518" outcome="Warning" timestamp="2026-06-19T18:57:30.0047270+07:00">
        <Text>Performing hard reset via Appium API...&#xD;
</Text>
      </RunInfo>
      <RunInfo computerName="LAPTOP-LM9S9518" outcome="Warning" timestamp="2026-06-19T18:57:48.6764882+07:00">
        <Text>Performing hard reset via Appium API...&#xD;
</Text>
      </RunInfo>
      <RunInfo computerName="LAPTOP-LM9S9518" outcome="Warning" timestamp="2026-06-19T18:58:08.9074676+07:00">
        <Text>Performing hard reset via Appium API...&#xD;
</Text>
      </RunInfo>
      <RunInfo computerName="LAPTOP-LM9S9518" outcome="Warning" timestamp="2026-06-19T18:58:31.5886999+07:00">
        <Text>Performing hard reset via Appium API...&#xD;
</Text>
      </RunInfo>
      <RunInfo computerName="LAPTOP-LM9S9518" outcome="Warning" timestamp="2026-06-19T18:58:48.6937207+07:00">
        <Text>Performing hard reset via Appium API...&#xD;
</Text>
      </RunInfo>
      <RunInfo computerName="LAPTOP-LM9S9518" outcome="Warning" timestamp="2026-06-19T18:59:06.9031572+07:00">
        <Text>Performing hard reset via Appium API...&#xD;
</Text>
      </RunInfo>
      <RunInfo computerName="LAPTOP-LM9S9518" outcome="Warning" timestamp="2026-06-19T18:59:24.6465264+07:00">
        <Text>Performing hard reset via Appium API...&#xD;
</Text>
      </RunInfo>
      <RunInfo computerName="LAPTOP-LM9S9518" outcome="Warning" timestamp="2026-06-19T18:59:41.9768202+07:00">
        <Text>Performing hard reset via Appium API...&#xD;
</Text>
      </RunInfo>
      <RunInfo computerName="LAPTOP-LM9S9518" outcome="Warning" timestamp="2026-06-19T18:59:58.8910424+07:00">
        <Text>Performing hard reset via Appium API...&#xD;
</Text>
      </RunInfo>
      <RunInfo computerName="LAPTOP-LM9S9518" outcome="Warning" timestamp="2026-06-19T19:00:16.3239447+07:00">
        <Text>Performing hard reset via Appium API...&#xD;
</Text>
      </RunInfo>
      <RunInfo computerName="LAPTOP-LM9S9518" outcome="Warning" timestamp="2026-06-19T19:00:34.7927818+07:00">
        <Text>Performing hard reset via Appium API...&#xD;
</Text>
      </RunInfo>
      <RunInfo computerName="LAPTOP-LM9S9518" outcome="Warning" timestamp="2026-06-19T19:00:53.9211084+07:00">
        <Text>Performing hard reset via Appium API...&#xD;
</Text>
      </RunInfo>
      <RunInfo computerName="LAPTOP-LM9S9518" outcome="Warning" timestamp="2026-06-19T19:01:11.3726841+07:00">
        <Text>Performing hard reset via Appium API...&#xD;
</Text>
      </RunInfo>
      <RunInfo computerName="LAPTOP-LM9S9518" outcome="Warning" timestamp="2026-06-19T19:01:28.6720418+07:00">
        <Text>Performing hard reset via Appium API...&#xD;
</Text>
      </RunInfo>
      <RunInfo computerName="LAPTOP-LM9S9518" outcome="Warning" timestamp="2026-06-19T19:01:45.9284350+07:00">
        <Text>Performing hard reset via Appium API...&#xD;
</Text>
      </RunInfo>
      <RunInfo computerName="LAPTOP-LM9S9518" outcome="Warning" timestamp="2026-06-19T19:02:57.6443438+07:00">
        <Text>Performing hard reset via Appium API...&#xD;
</Text>
      </RunInfo>
      <RunInfo computerName="LAPTOP-LM9S9518" outcome="Warning" timestamp="2026-06-19T19:04:02.7620611+07:00">
        <Text>Performing hard reset via Appium API...&#xD;
</Text>
      </RunInfo>
      <RunInfo computerName="LAPTOP-LM9S9518" outcome="Warning" timestamp="2026-06-19T19:05:08.2720159+07:00">
        <Text>Performing hard reset via Appium API...&#xD;
</Text>
      </RunInfo>
      <RunInfo computerName="LAPTOP-LM9S9518" outcome="Warning" timestamp="2026-06-19T19:06:16.8073560+07:00">
        <Text>Performing hard reset via Appium API...&#xD;
</Text>
      </RunInfo>
      <RunInfo computerName="LAPTOP-LM9S9518" outcome="Warning" timestamp="2026-06-19T19:07:26.0808143+07:00">
        <Text>Performing hard reset via Appium API...&#xD;
</Text>
      </RunInfo>
      <RunInfo computerName="LAPTOP-LM9S9518" outcome="Warning" timestamp="2026-06-19T19:08:35.3756738+07:00">
        <Text>Performing hard reset via Appium API...&#xD;
</Text>
      </RunInfo>
      <RunInfo computerName="LAPTOP-LM9S9518" outcome="Warning" timestamp="2026-06-19T19:09:42.2632765+07:00">
        <Text>Performing hard reset via Appium API...&#xD;
</Text>
      </RunInfo>
      <RunInfo computerName="LAPTOP-LM9S9518" outcome="Warning" timestamp="2026-06-19T19:10:47.4529065+07:00">
        <Text>Performing hard reset via Appium API...&#xD;
</Text>
      </RunInfo>
      <RunInfo computerName="LAPTOP-LM9S9518" outcome="Warning" timestamp="2026-06-19T19:11:52.6357918+07:00">
        <Text>Performing hard reset via Appium API...&#xD;
</Text>
      </RunInfo>
      <RunInfo computerName="LAPTOP-LM9S9518" outcome="Warning" timestamp="2026-06-19T19:12:58.1040028+07:00">
        <Text>Performing hard reset via Appium API...&#xD;
</Text>
      </RunInfo>
      <RunInfo computerName="LAPTOP-LM9S9518" outcome="Warning" timestamp="2026-06-19T19:14:05.1935460+07:00">
        <Text>Performing hard reset via Appium API...&#xD;
</Text>
      </RunInfo>
      <RunInfo computerName="LAPTOP-LM9S9518" outcome="Warning" timestamp="2026-06-19T19:15:10.3764461+07:00">
        <Text>Performing hard reset via Appium API...&#xD;
</Text>
      </RunInfo>
      <RunInfo computerName="LAPTOP-LM9S9518" outcome="Warning" timestamp="2026-06-19T19:16:15.7974939+07:00">
        <Text>Performing hard reset via Appium API...&#xD;
</Text>
      </RunInfo>
      <RunInfo computerName="LAPTOP-LM9S9518" outcome="Warning" timestamp="2026-06-19T19:17:23.0955425+07:00">
        <Text>Performing hard reset via Appium API...&#xD;
</Text>
      </RunInfo>
      <RunInfo computerName="LAPTOP-LM9S9518" outcome="Warning" timestamp="2026-06-19T19:18:28.3377385+07:00">
        <Text>Performing hard reset via Appium API...&#xD;
</Text>
      </RunInfo>
      <RunInfo computerName="LAPTOP-LM9S9518" outcome="Warning" timestamp="2026-06-19T19:19:34.0550795+07:00">
        <Text>Performing hard reset via Appium API...&#xD;
</Text>
      </RunInfo>
      <RunInfo computerName="LAPTOP-LM9S9518" outcome="Warning" timestamp="2026-06-19T19:20:38.0314283+07:00">
        <Text>Performing hard reset via Appium API...&#xD;
</Text>
      </RunInfo>
      <RunInfo computerName="LAPTOP-LM9S9518" outcome="Warning" timestamp="2026-06-19T19:21:44.3454566+07:00">
        <Text>Performing hard reset via Appium API...&#xD;
</Text>
      </RunInfo>
      <RunInfo computerName="LAPTOP-LM9S9518" outcome="Warning" timestamp="2026-06-19T19:22:49.3863969+07:00">
        <Text>Performing hard reset via Appium API...&#xD;
</Text>
      </RunInfo>
      <RunInfo computerName="LAPTOP-LM9S9518" outcome="Warning" timestamp="2026-06-19T19:23:54.1396017+07:00">
        <Text>Performing hard reset via Appium API...&#xD;
</Text>
      </RunInfo>
      <RunInfo computerName="LAPTOP-LM9S9518" outcome="Warning" timestamp="2026-06-19T19:25:01.2809256+07:00">
        <Text>Performing hard reset via Appium API...&#xD;
</Text>
      </RunInfo>
      <RunInfo computerName="LAPTOP-LM9S9518" outcome="Warning" timestamp="2026-06-19T19:26:05.9078345+07:00">
        <Text>Performing hard reset via Appium API...&#xD;
</Text>
      </RunInfo>
      <RunInfo computerName="LAPTOP-LM9S9518" outcome="Warning" timestamp="2026-06-19T19:27:10.2370534+07:00">
        <Text>Performing hard reset via Appium API...&#xD;
</Text>
      </RunInfo>
      <RunInfo computerName="LAPTOP-LM9S9518" outcome="Warning" timestamp="2026-06-19T19:28:15.9283756+07:00">
        <Text>Performing hard reset via Appium API...&#xD;
</Text>
      </RunInfo>
      <RunInfo computerName="LAPTOP-LM9S9518" outcome="Warning" timestamp="2026-06-19T19:29:21.7761258+07:00">
        <Text>Performing hard reset via Appium API...&#xD;
</Text>
      </RunInfo>
      <RunInfo computerName="LAPTOP-LM9S9518" outcome="Warning" timestamp="2026-06-19T19:30:27.1196684+07:00">
        <Text>Performing hard reset via Appium API...&#xD;
</Text>
      </RunInfo>
      <RunInfo computerName="LAPTOP-LM9S9518" outcome="Warning" timestamp="2026-06-19T19:31:33.8131838+07:00">
        <Text>Performing hard reset via Appium API...&#xD;
</Text>
      </RunInfo>
      <RunInfo computerName="LAPTOP-LM9S9518" outcome="Warning" timestamp="2026-06-19T19:32:39.5496529+07:00">
        <Text>Performing hard reset via Appium API...&#xD;
</Text>
      </RunInfo>
      <RunInfo computerName="LAPTOP-LM9S9518" outcome="Warning" timestamp="2026-06-19T19:33:43.7682299+07:00">
        <Text>Performing hard reset via Appium API...&#xD;
</Text>
      </RunInfo>
      <RunInfo computerName="LAPTOP-LM9S9518" outcome="Warning" timestamp="2026-06-19T19:34:51.9233961+07:00">
        <Text>Performing hard reset via Appium API...&#xD;
</Text>
      </RunInfo>
      <RunInfo computerName="LAPTOP-LM9S9518" outcome="Warning" timestamp="2026-06-19T19:35:57.3273537+07:00">
        <Text>Performing hard reset via Appium API...&#xD;
</Text>
      </RunInfo>
      <RunInfo computerName="LAPTOP-LM9S9518" outcome="Warning" timestamp="2026-06-19T19:37:03.6637593+07:00">
        <Text>Performing hard reset via Appium API...&#xD;
</Text>
      </RunInfo>
      <RunInfo computerName="LAPTOP-LM9S9518" outcome="Warning" timestamp="2026-06-19T19:38:10.2708445+07:00">
        <Text>Performing hard reset via Appium API...&#xD;
</Text>
      </RunInfo>
      <RunInfo computerName="LAPTOP-LM9S9518" outcome="Warning" timestamp="2026-06-19T19:39:15.4342204+07:00">
        <Text>Performing hard reset via Appium API...&#xD;
</Text>
      </RunInfo>
      <RunInfo computerName="LAPTOP-LM9S9518" outcome="Warning" timestamp="2026-06-19T19:40:21.0424551+07:00">
        <Text>Performing hard reset via Appium API...&#xD;
</Text>
      </RunInfo>
      <RunInfo computerName="LAPTOP-LM9S9518" outcome="Warning" timestamp="2026-06-19T19:41:49.8940966+07:00">
        <Text>Performing hard reset via Appium API...&#xD;
</Text>
      </RunInfo>
      <RunInfo computerName="LAPTOP-LM9S9518" outcome="Warning" timestamp="2026-06-19T19:43:10.1933614+07:00">
        <Text>Performing hard reset via Appium API...&#xD;
</Text>
      </RunInfo>
      <RunInfo computerName="LAPTOP-LM9S9518" outcome="Warning" timestamp="2026-06-19T19:44:17.4400539+07:00">
        <Text>Performing hard reset via Appium API...&#xD;
</Text>
      </RunInfo>
      <RunInfo computerName="LAPTOP-LM9S9518" outcome="Warning" timestamp="2026-06-19T19:45:31.6024860+07:00">
        <Text>Performing hard reset via Appium API...&#xD;
</Text>
      </RunInfo>
      <RunInfo computerName="LAPTOP-LM9S9518" outcome="Warning" timestamp="2026-06-19T19:46:40.2615572+07:00">
        <Text>Performing hard reset via Appium API...&#xD;
</Text>
      </RunInfo>
      <RunInfo computerName="LAPTOP-LM9S9518" outcome="Warning" timestamp="2026-06-19T19:47:54.3264568+07:00">
        <Text>Performing hard reset via Appium API...&#xD;
</Text>
      </RunInfo>
      <RunInfo computerName="LAPTOP-LM9S9518" outcome="Warning" timestamp="2026-06-19T19:49:02.7237999+07:00">
        <Text>Performing hard reset via Appium API...&#xD;
</Text>
      </RunInfo>
      <RunInfo computerName="LAPTOP-LM9S9518" outcome="Warning" timestamp="2026-06-19T19:50:12.3329092+07:00">
        <Text>Performing hard reset via Appium API...&#xD;
</Text>
      </RunInfo>
      <RunInfo computerName="LAPTOP-LM9S9518" outcome="Warning" timestamp="2026-06-19T19:51:22.0493965+07:00">
        <Text>Performing hard reset via Appium API...&#xD;
</Text>
      </RunInfo>
      <RunInfo computerName="LAPTOP-LM9S9518" outcome="Warning" timestamp="2026-06-19T19:52:35.5142990+07:00">
        <Text>Performing hard reset via Appium API...&#xD;
</Text>
      </RunInfo>
      <RunInfo computerName="LAPTOP-LM9S9518" outcome="Warning" timestamp="2026-06-19T19:53:45.7092398+07:00">
        <Text>Performing hard reset via Appium API...&#xD;
</Text>
      </RunInfo>
      <RunInfo computerName="LAPTOP-LM9S9518" outcome="Warning" timestamp="2026-06-19T19:54:57.0486047+07:00">
        <Text>Performing hard reset via Appium API...&#xD;
</Text>
      </RunInfo>
      <RunInfo computerName="LAPTOP-LM9S9518" outcome="Warning" timestamp="2026-06-19T19:56:05.3423671+07:00">
        <Text>Performing hard reset via Appium API...&#xD;
</Text>
      </RunInfo>
      <RunInfo computerName="LAPTOP-LM9S9518" outcome="Warning" timestamp="2026-06-19T19:57:13.1677054+07:00">
        <Text>Performing hard reset via Appium API...&#xD;
</Text>
      </RunInfo>
      <RunInfo computerName="LAPTOP-LM9S9518" outcome="Warning" timestamp="2026-06-19T19:58:27.0168730+07:00">
        <Text>Performing hard reset via Appium API...&#xD;
</Text>
      </RunInfo>
      <RunInfo computerName="LAPTOP-LM9S9518" outcome="Warning" timestamp="2026-06-19T19:59:41.0968674+07:00">
        <Text>Performing hard reset via Appium API...&#xD;
</Text>
      </RunInfo>
      <RunInfo computerName="LAPTOP-LM9S9518" outcome="Warning" timestamp="2026-06-19T20:00:54.9722163+07:00">
        <Text>Performing hard reset via Appium API...&#xD;
</Text>
      </RunInfo>
      <RunInfo computerName="LAPTOP-LM9S9518" outcome="Warning" timestamp="2026-06-19T20:02:00.7745055+07:00">
        <Text>Performing hard reset via Appium API...&#xD;
</Text>
      </RunInfo>
      <RunInfo computerName="LAPTOP-LM9S9518" outcome="Warning" timestamp="2026-06-19T20:03:15.6817961+07:00">
        <Text>Performing hard reset via Appium API...&#xD;
</Text>
      </RunInfo>
      <RunInfo computerName="LAPTOP-LM9S9518" outcome="Warning" timestamp="2026-06-19T20:04:32.1910265+07:00">
        <Text>Performing hard reset via Appium API...&#xD;
</Text>
      </RunInfo>
      <RunInfo computerName="LAPTOP-LM9S9518" outcome="Warning" timestamp="2026-06-19T20:05:48.8626339+07:00">
        <Text>Performing hard reset via Appium API...&#xD;
</Text>
      </RunInfo>
      <RunInfo computerName="LAPTOP-LM9S9518" outcome="Warning" timestamp="2026-06-19T20:07:04.0550158+07:00">
        <Text>Performing hard reset via Appium API...&#xD;
</Text>
      </RunInfo>
      <RunInfo computerName="LAPTOP-LM9S9518" outcome="Warning" timestamp="2026-06-19T20:08:18.8392133+07:00">
        <Text>Performing hard reset via Appium API...&#xD;
</Text>
      </RunInfo>
      <RunInfo computerName="LAPTOP-LM9S9518" outcome="Warning" timestamp="2026-06-19T20:09:33.3675018+07:00">
        <Text>Performing hard reset via Appium API...&#xD;
</Text>
      </RunInfo>
      <RunInfo computerName="LAPTOP-LM9S9518" outcome="Warning" timestamp="2026-06-19T20:10:50.1797265+07:00">
        <Text>Performing hard reset via Appium API...&#xD;
</Text>
      </RunInfo>
      <RunInfo computerName="LAPTOP-LM9S9518" outcome="Warning" timestamp="2026-06-19T20:12:03.1679537+07:00">
        <Text>Performing hard reset via Appium API...&#xD;
</Text>
      </RunInfo>
      <RunInfo computerName="LAPTOP-LM9S9518" outcome="Warning" timestamp="2026-06-19T20:13:15.1828646+07:00">
        <Text>Performing hard reset via Appium API...&#xD;
</Text>
      </RunInfo>
      <RunInfo computerName="LAPTOP-LM9S9518" outcome="Warning" timestamp="2026-06-19T20:14:26.3993177+07:00">
        <Text>Performing hard reset via Appium API...&#xD;
</Text>
      </RunInfo>
      <RunInfo computerName="LAPTOP-LM9S9518" outcome="Warning" timestamp="2026-06-19T20:15:43.9308406+07:00">
        <Text>Performing hard reset via Appium API...&#xD;
</Text>
      </RunInfo>
      <RunInfo computerName="LAPTOP-LM9S9518" outcome="Warning" timestamp="2026-06-19T20:16:57.7260285+07:00">
        <Text>Performing hard reset via Appium API...&#xD;
</Text>
      </RunInfo>
      <RunInfo computerName="LAPTOP-LM9S9518" outcome="Warning" timestamp="2026-06-19T20:18:11.6695006+07:00">
        <Text>Performing hard reset via Appium API...&#xD;
</Text>
      </RunInfo>
      <RunInfo computerName="LAPTOP-LM9S9518" outcome="Warning" timestamp="2026-06-19T20:19:22.7336776+07:00">
        <Text>Performing hard reset via Appium API...&#xD;
</Text>
      </RunInfo>
      <RunInfo computerName="LAPTOP-LM9S9518" outcome="Warning" timestamp="2026-06-19T20:20:35.5795369+07:00">
        <Text>Performing hard reset via Appium API...&#xD;
</Text>
      </RunInfo>
      <RunInfo computerName="LAPTOP-LM9S9518" outcome="Warning" timestamp="2026-06-19T20:21:48.9144079+07:00">
        <Text>Performing hard reset via Appium API...&#xD;
</Text>
      </RunInfo>
      <RunInfo computerName="LAPTOP-LM9S9518" outcome="Warning" timestamp="2026-06-19T20:23:05.9117553+07:00">
        <Text>Performing hard reset via Appium API...&#xD;
</Text>
      </RunInfo>
      <RunInfo computerName="LAPTOP-LM9S9518" outcome="Warning" timestamp="2026-06-19T20:24:17.1960072+07:00">
        <Text>Performing hard reset via Appium API...&#xD;
</Text>
      </RunInfo>
    </RunInfos>
  </ResultSummary>
</TestRun>