<?xml version="1.0" encoding="utf-8"?>
<TestRun id="3033acfc-5baf-4b17-8c71-c129aaa5fe4e" name="NGUYEN THANH DANH@LAPTOP-LM9S9518 2026-06-19 02:23:58" runUser="LAPTOP-LM9S9518\NGUYEN THANH DANH" xmlns="http://microsoft.com/schemas/VisualStudio/TeamTest/2010">
  <Times creation="2026-06-19T02:23:58.5499460+07:00" queuing="2026-06-19T02:23:58.5499466+07:00" start="2026-06-19T02:23:34.5358910+07:00" finish="2026-06-19T03:30:41.1801272+07:00" />
  <TestSettings name="default" id="ab243c83-7e98-4423-aec7-b07ea299929a">
    <Deployment runDeploymentRoot="NGUYEN_THANH_DANH_LAPTOP-LM9S9518_2026-06-19_02_23_58" />
  </TestSettings>
  <Results>
    <UnitTestResult executionId="cfa8f5ba-df71-46d9-8022-5786668a05bf" testId="d61a9a49-98fc-c94a-3464-a1f92eec2144" testName="TC_NOTI_014_ThongBaoNhacLichXuatHien" computerName="LAPTOP-LM9S9518" duration="00:00:21.1717270" startTime="2026-06-19T03:21:56.6600182+07:00" endTime="2026-06-19T03:22:17.8317456+07:00" testType="13cdc9d9-ddb5-4fa4-a97d-d965ccfc6d4b" outcome="Passed" testListId="8c84fa94-04c1-424b-9868-57a2d4851a1d" relativeResultsDirectory="cfa8f5ba-df71-46d9-8022-5786668a05bf">
      <Output>
        <StdOut>Performing hard reset via Appium API...&#xD;
[ADB Log] cmd: adb -s emulator-5554 pull /sdcard/screencap_temp.png "D:\mobile\project\care4u_medical_booking\test_automation\Care4U.AppiumTests\bin\Debug\net8.0\Screenshots\TC_NOTI_014_ThongBaoNhacLichXuatHien.png"&#xD;
ExitCode: 0&#xD;
Stderr: /sdcard/screencap_temp.png: 1 file pulled, 0 skipped. 21.8 MB/s (157070 bytes in 0.007s)&#xD;
&#xD;
Stdout: &#xD;
Screenshot (via ADB): D:\mobile\project\care4u_medical_booking\test_automation\Care4U.AppiumTests\bin\Debug\net8.0\Screenshots\TC_NOTI_014_ThongBaoNhacLichXuatHien.png</StdOut>
      </Output>
    </UnitTestResult>
    <UnitTestResult executionId="d6f98859-4884-4c80-b013-73f65b7daf96" testId="5723da0e-3ea8-f073-eb9d-40b3644e248a" testName="TC_NOTI_010_ThongBaoHienThiDungNgay" computerName="LAPTOP-LM9S9518" duration="00:00:21.0716340" startTime="2026-06-19T03:20:34.2670584+07:00" endTime="2026-06-19T03:20:55.3386916+07:00" testType="13cdc9d9-ddb5-4fa4-a97d-d965ccfc6d4b" outcome="Passed" testListId="8c84fa94-04c1-424b-9868-57a2d4851a1d" relativeResultsDirectory="d6f98859-4884-4c80-b013-73f65b7daf96">
      <Output>
        <StdOut>Performing hard reset via Appium API...&#xD;
[ADB Log] cmd: adb -s emulator-5554 pull /sdcard/screencap_temp.png "D:\mobile\project\care4u_medical_booking\test_automation\Care4U.AppiumTests\bin\Debug\net8.0\Screenshots\TC_NOTI_010_ThongBaoHienThiDungNgay.png"&#xD;
ExitCode: 0&#xD;
Stderr: /sdcard/screencap_temp.png: 1 file pulled, 0 skipped. 24.2 MB/s (157070 bytes in 0.006s)&#xD;
&#xD;
Stdout: &#xD;
Screenshot (via ADB): D:\mobile\project\care4u_medical_booking\test_automation\Care4U.AppiumTests\bin\Debug\net8.0\Screenshots\TC_NOTI_010_ThongBaoHienThiDungNgay.png</StdOut>
      </Output>
    </UnitTestResult>
    <UnitTestResult executionId="d79c8385-24b6-48dc-9939-ccdeef848b17" testId="398ab657-6f83-0dac-5164-776cd84a2013" testName="TC_MED_013_HoSoYTeHienThi" computerName="LAPTOP-LM9S9518" duration="00:00:22.3206980" startTime="2026-06-19T03:01:51.2586188+07:00" endTime="2026-06-19T03:02:13.5793167+07:00" testType="13cdc9d9-ddb5-4fa4-a97d-d965ccfc6d4b" outcome="Passed" testListId="8c84fa94-04c1-424b-9868-57a2d4851a1d" relativeResultsDirectory="d79c8385-24b6-48dc-9939-ccdeef848b17">
      <Output>
        <StdOut>Performing hard reset via Appium API...&#xD;
[ADB Log] cmd: adb -s emulator-5554 pull /sdcard/screencap_temp.png "D:\mobile\project\care4u_medical_booking\test_automation\Care4U.AppiumTests\bin\Debug\net8.0\Screenshots\TC_MED_013_HoSoYTeHienThi.png"&#xD;
ExitCode: 0&#xD;
Stderr: /sdcard/screencap_temp.png: 1 file pulled, 0 skipped. 27.1 MB/s (157334 bytes in 0.006s)&#xD;
&#xD;
Stdout: &#xD;
Screenshot (via ADB): D:\mobile\project\care4u_medical_booking\test_automation\Care4U.AppiumTests\bin\Debug\net8.0\Screenshots\TC_MED_013_HoSoYTeHienThi.png</StdOut>
      </Output>
    </UnitTestResult>
    <UnitTestResult executionId="a4fe0987-16c4-4ed1-9626-120ad842a989" testId="1d38aa7f-4838-e4d7-1982-2ecf74571590" testName="TC_ADM_017_AddNewSpecialty" computerName="LAPTOP-LM9S9518" duration="00:00:01.5601440" startTime="2026-06-19T03:27:57.4599987+07:00" endTime="2026-06-19T03:27:59.0201426+07:00" testType="13cdc9d9-ddb5-4fa4-a97d-d965ccfc6d4b" outcome="Passed" testListId="8c84fa94-04c1-424b-9868-57a2d4851a1d" relativeResultsDirectory="a4fe0987-16c4-4ed1-9626-120ad842a989">
      <Output>
        <StdOut>[ADB Log] cmd: adb -s emulator-5554 pull /sdcard/screencap_temp.png "D:\mobile\project\care4u_medical_booking\test_automation\Care4U.AppiumTests\bin\Debug\net8.0\Screenshots\TC_ADM_017.png"&#xD;
ExitCode: 0&#xD;
Stderr: /sdcard/screencap_temp.png: 1 file pulled, 0 skipped. 22.9 MB/s (157070 bytes in 0.007s)&#xD;
&#xD;
Stdout: &#xD;
Screenshot (via ADB): D:\mobile\project\care4u_medical_booking\test_automation\Care4U.AppiumTests\bin\Debug\net8.0\Screenshots\TC_ADM_017.png</StdOut>
      </Output>
    </UnitTestResult>
    <UnitTestResult executionId="1daa810e-2327-4d16-aeb4-5300b938a39b" testId="ce58d2fd-60ea-e5cd-eba2-dbe6e0346569" testName="TC_MED_027_HoSoYTeHienThi" computerName="LAPTOP-LM9S9518" duration="00:00:19.8322270" startTime="2026-06-19T03:06:49.8060154+07:00" endTime="2026-06-19T03:07:09.6382424+07:00" testType="13cdc9d9-ddb5-4fa4-a97d-d965ccfc6d4b" outcome="Passed" testListId="8c84fa94-04c1-424b-9868-57a2d4851a1d" relativeResultsDirectory="1daa810e-2327-4d16-aeb4-5300b938a39b">
      <Output>
        <StdOut>Performing hard reset via Appium API...&#xD;
[ADB Log] cmd: adb -s emulator-5554 pull /sdcard/screencap_temp.png "D:\mobile\project\care4u_medical_booking\test_automation\Care4U.AppiumTests\bin\Debug\net8.0\Screenshots\TC_MED_027_HoSoYTeHienThi.png"&#xD;
ExitCode: 0&#xD;
Stderr: /sdcard/screencap_temp.png: 1 file pulled, 0 skipped. 35.1 MB/s (157128 bytes in 0.004s)&#xD;
&#xD;
Stdout: &#xD;
Screenshot (via ADB): D:\mobile\project\care4u_medical_booking\test_automation\Care4U.AppiumTests\bin\Debug\net8.0\Screenshots\TC_MED_027_HoSoYTeHienThi.png</StdOut>
      </Output>
    </UnitTestResult>
    <UnitTestResult executionId="5ccd12fb-b1b2-4d40-b29e-dcd24609bb98" testId="57b4c7d3-19eb-7a76-47d0-1484524edf53" testName="TC_PROF_005_ChangePasswordWrongOldPass" computerName="LAPTOP-LM9S9518" duration="00:00:01.5405990" startTime="2026-06-19T03:29:13.0455317+07:00" endTime="2026-06-19T03:29:14.5861298+07:00" testType="13cdc9d9-ddb5-4fa4-a97d-d965ccfc6d4b" outcome="Passed" testListId="8c84fa94-04c1-424b-9868-57a2d4851a1d" relativeResultsDirectory="5ccd12fb-b1b2-4d40-b29e-dcd24609bb98">
      <Output>
        <StdOut>[ADB Log] cmd: adb -s emulator-5554 pull /sdcard/screencap_temp.png "D:\mobile\project\care4u_medical_booking\test_automation\Care4U.AppiumTests\bin\Debug\net8.0\Screenshots\TC_PROF_005_ChangePasswordWrongOldPass.png"&#xD;
ExitCode: 0&#xD;
Stderr: /sdcard/screencap_temp.png: 1 file pulled, 0 skipped. 31.1 MB/s (157070 bytes in 0.005s)&#xD;
&#xD;
Stdout: &#xD;
Screenshot (via ADB): D:\mobile\project\care4u_medical_booking\test_automation\Care4U.AppiumTests\bin\Debug\net8.0\Screenshots\TC_PROF_005_ChangePasswordWrongOldPass.png&#xD;
&#xD;
Thử nghiệm đổi mật khẩu sai mật khẩu cũ</StdOut>
      </Output>
    </UnitTestResult>
    <UnitTestResult executionId="c28ad140-1a07-4a39-a012-d76fb8762acd" testId="6cafdbe6-bd32-bb19-6151-8190cc6c0964" testName="TC_NOTI_006_BadgeSoLuongThongBaoChua" computerName="LAPTOP-LM9S9518" duration="00:00:18.6820140" startTime="2026-06-19T03:18:17.1743908+07:00" endTime="2026-06-19T03:18:35.8564039+07:00" testType="13cdc9d9-ddb5-4fa4-a97d-d965ccfc6d4b" outcome="Passed" testListId="8c84fa94-04c1-424b-9868-57a2d4851a1d" relativeResultsDirectory="c28ad140-1a07-4a39-a012-d76fb8762acd">
      <Output>
        <StdOut>Performing hard reset via Appium API...&#xD;
[ADB Log] cmd: adb -s emulator-5554 pull /sdcard/screencap_temp.png "D:\mobile\project\care4u_medical_booking\test_automation\Care4U.AppiumTests\bin\Debug\net8.0\Screenshots\TC_NOTI_006_BadgeSoLuongThongBaoChua.png"&#xD;
ExitCode: 0&#xD;
Stderr: /sdcard/screencap_temp.png: 1 file pulled, 0 skipped. 23.1 MB/s (157064 bytes in 0.006s)&#xD;
&#xD;
Stdout: &#xD;
Screenshot (via ADB): D:\mobile\project\care4u_medical_booking\test_automation\Care4U.AppiumTests\bin\Debug\net8.0\Screenshots\TC_NOTI_006_BadgeSoLuongThongBaoChua.png</StdOut>
      </Output>
    </UnitTestResult>
    <UnitTestResult executionId="0c70042d-d201-45d4-8d79-b20b9346fca4" testId="099713ee-6543-1ea4-e1aa-aac1206ced4e" testName="TC_ADM_014_EditProduct" computerName="LAPTOP-LM9S9518" duration="00:00:01.6061790" startTime="2026-06-19T03:27:52.7758990+07:00" endTime="2026-06-19T03:27:54.3820781+07:00" testType="13cdc9d9-ddb5-4fa4-a97d-d965ccfc6d4b" outcome="Passed" testListId="8c84fa94-04c1-424b-9868-57a2d4851a1d" relativeResultsDirectory="0c70042d-d201-45d4-8d79-b20b9346fca4">
      <Output>
        <StdOut>[ADB Log] cmd: adb -s emulator-5554 pull /sdcard/screencap_temp.png "D:\mobile\project\care4u_medical_booking\test_automation\Care4U.AppiumTests\bin\Debug\net8.0\Screenshots\TC_ADM_014.png"&#xD;
ExitCode: 0&#xD;
Stderr: /sdcard/screencap_temp.png: 1 file pulled, 0 skipped. 28.9 MB/s (157070 bytes in 0.005s)&#xD;
&#xD;
Stdout: &#xD;
Screenshot (via ADB): D:\mobile\project\care4u_medical_booking\test_automation\Care4U.AppiumTests\bin\Debug\net8.0\Screenshots\TC_ADM_014.png</StdOut>
      </Output>
    </UnitTestResult>
    <UnitTestResult executionId="0323f60e-d536-4461-96b2-7d3b1b2cdf34" testId="a96d416a-12f8-3af3-725a-9cb7c8bebdab" testName="TC_UI_009_PatientAvatar" computerName="LAPTOP-LM9S9518" duration="00:00:03.7470730" startTime="2026-06-19T02:52:41.8569906+07:00" endTime="2026-06-19T02:52:45.6040638+07:00" testType="13cdc9d9-ddb5-4fa4-a97d-d965ccfc6d4b" outcome="Passed" testListId="8c84fa94-04c1-424b-9868-57a2d4851a1d" relativeResultsDirectory="0323f60e-d536-4461-96b2-7d3b1b2cdf34">
      <Output>
        <StdOut>[ADB Log] cmd: adb -s emulator-5554 pull /sdcard/screencap_temp.png "D:\mobile\project\care4u_medical_booking\test_automation\Care4U.AppiumTests\bin\Debug\net8.0\Screenshots\TC_UI_009_PatientAvatar.png"&#xD;
ExitCode: 0&#xD;
Stderr: /sdcard/screencap_temp.png: 1 file pulled, 0 skipped. 16.9 MB/s (117758 bytes in 0.007s)&#xD;
&#xD;
Stdout: &#xD;
Screenshot (via ADB): D:\mobile\project\care4u_medical_booking\test_automation\Care4U.AppiumTests\bin\Debug\net8.0\Screenshots\TC_UI_009_PatientAvatar.png&#xD;
&#xD;
Kiểm tra ảnh đại diện bệnh nhân – xem ảnh chụp</StdOut>
      </Output>
    </UnitTestResult>
    <UnitTestResult executionId="03cff72d-022b-4c0a-98a4-c8c584ba3b8c" testId="9fbb7934-1174-1171-a332-385c770d19a9" testName="TC_UI_011_ThemeConsistency" computerName="LAPTOP-LM9S9518" duration="00:00:09.4888120" startTime="2026-06-19T02:52:51.3309558+07:00" endTime="2026-06-19T02:53:00.8197670+07:00" testType="13cdc9d9-ddb5-4fa4-a97d-d965ccfc6d4b" outcome="Passed" testListId="8c84fa94-04c1-424b-9868-57a2d4851a1d" relativeResultsDirectory="03cff72d-022b-4c0a-98a4-c8c584ba3b8c">
      <Output>
        <StdOut>[ADB Log] cmd: adb -s emulator-5554 pull /sdcard/screencap_temp.png "D:\mobile\project\care4u_medical_booking\test_automation\Care4U.AppiumTests\bin\Debug\net8.0\Screenshots\TC_UI_011_HomeTheme.png"&#xD;
ExitCode: 0&#xD;
Stderr: /sdcard/screencap_temp.png: 1 file pulled, 0 skipped. 20.7 MB/s (117758 bytes in 0.005s)&#xD;
&#xD;
Stdout: &#xD;
Screenshot (via ADB): D:\mobile\project\care4u_medical_booking\test_automation\Care4U.AppiumTests\bin\Debug\net8.0\Screenshots\TC_UI_011_HomeTheme.png&#xD;
[ADB Log] cmd: adb -s emulator-5554 pull /sdcard/screencap_temp.png "D:\mobile\project\care4u_medical_booking\test_automation\Care4U.AppiumTests\bin\Debug\net8.0\Screenshots\TC_UI_011_DoctorTheme.png"&#xD;
ExitCode: 0&#xD;
Stderr: /sdcard/screencap_temp.png: 1 file pulled, 0 skipped. 18.3 MB/s (117758 bytes in 0.006s)&#xD;
&#xD;
Stdout: &#xD;
Screenshot (via ADB): D:\mobile\project\care4u_medical_booking\test_automation\Care4U.AppiumTests\bin\Debug\net8.0\Screenshots\TC_UI_011_DoctorTheme.png&#xD;
[ADB Log] cmd: adb -s emulator-5554 pull /sdcard/screencap_temp.png "D:\mobile\project\care4u_medical_booking\test_automation\Care4U.AppiumTests\bin\Debug\net8.0\Screenshots\TC_UI_011_ProfileTheme.png"&#xD;
ExitCode: 0&#xD;
Stderr: /sdcard/screencap_temp.png: 1 file pulled, 0 skipped. 25.2 MB/s (117717 bytes in 0.004s)&#xD;
&#xD;
Stdout: &#xD;
Screenshot (via ADB): D:\mobile\project\care4u_medical_booking\test_automation\Care4U.AppiumTests\bin\Debug\net8.0\Screenshots\TC_UI_011_ProfileTheme.png&#xD;
&#xD;
Kiểm tra nhất quán màu sắc – xem ảnh chụp</StdOut>
      </Output>
    </UnitTestResult>
    <UnitTestResult executionId="6aa11eef-1cb6-496e-bfa7-c4de52412374" testId="c1d748c6-c55f-f3a1-d77a-2095155ba48c" testName="TC_SPEC_005_FilterDoctorsByExperience" computerName="LAPTOP-LM9S9518" duration="00:00:01.5164910" startTime="2026-06-19T03:29:25.9790566+07:00" endTime="2026-06-19T03:29:27.4955474+07:00" testType="13cdc9d9-ddb5-4fa4-a97d-d965ccfc6d4b" outcome="Passed" testListId="8c84fa94-04c1-424b-9868-57a2d4851a1d" relativeResultsDirectory="6aa11eef-1cb6-496e-bfa7-c4de52412374">
      <Output>
        <StdOut>[ADB Log] cmd: adb -s emulator-5554 pull /sdcard/screencap_temp.png "D:\mobile\project\care4u_medical_booking\test_automation\Care4U.AppiumTests\bin\Debug\net8.0\Screenshots\TC_SPEC_005.png"&#xD;
ExitCode: 0&#xD;
Stderr: /sdcard/screencap_temp.png: 1 file pulled, 0 skipped. 37.7 MB/s (157070 bytes in 0.004s)&#xD;
&#xD;
Stdout: &#xD;
Screenshot (via ADB): D:\mobile\project\care4u_medical_booking\test_automation\Care4U.AppiumTests\bin\Debug\net8.0\Screenshots\TC_SPEC_005.png</StdOut>
      </Output>
    </UnitTestResult>
    <UnitTestResult executionId="02c5bf91-3a69-4aa6-be24-174df3f7c197" testId="15210ca4-7318-480d-01d2-a30d3711f51e" testName="TC_REV_018_DanhGiaHienThiNgayGui" computerName="LAPTOP-LM9S9518" duration="00:00:20.6348630" startTime="2026-06-19T03:14:29.6472885+07:00" endTime="2026-06-19T03:14:50.2821508+07:00" testType="13cdc9d9-ddb5-4fa4-a97d-d965ccfc6d4b" outcome="Passed" testListId="8c84fa94-04c1-424b-9868-57a2d4851a1d" relativeResultsDirectory="02c5bf91-3a69-4aa6-be24-174df3f7c197">
      <Output>
        <StdOut>Performing hard reset via Appium API...&#xD;
[ADB Log] cmd: adb -s emulator-5554 pull /sdcard/screencap_temp.png "D:\mobile\project\care4u_medical_booking\test_automation\Care4U.AppiumTests\bin\Debug\net8.0\Screenshots\TC_REV_018_DanhGiaHienThiNgayGui.png"&#xD;
ExitCode: 0&#xD;
Stderr: /sdcard/screencap_temp.png: 1 file pulled, 0 skipped. 4.7 MB/s (137571 bytes in 0.028s)&#xD;
&#xD;
Stdout: &#xD;
Screenshot (via ADB): D:\mobile\project\care4u_medical_booking\test_automation\Care4U.AppiumTests\bin\Debug\net8.0\Screenshots\TC_REV_018_DanhGiaHienThiNgayGui.png</StdOut>
      </Output>
    </UnitTestResult>
    <UnitTestResult executionId="741b7707-2e11-4c45-a754-09ea47b89170" testId="763304c4-67be-ee38-5746-e4f1b4d95ea6" testName="TC_ADM_032_RoleBasedAccess" computerName="LAPTOP-LM9S9518" duration="00:00:01.5947470" startTime="2026-06-19T03:28:20.7124235+07:00" endTime="2026-06-19T03:28:22.3071701+07:00" testType="13cdc9d9-ddb5-4fa4-a97d-d965ccfc6d4b" outcome="Passed" testListId="8c84fa94-04c1-424b-9868-57a2d4851a1d" relativeResultsDirectory="741b7707-2e11-4c45-a754-09ea47b89170">
      <Output>
        <StdOut>[ADB Log] cmd: adb -s emulator-5554 pull /sdcard/screencap_temp.png "D:\mobile\project\care4u_medical_booking\test_automation\Care4U.AppiumTests\bin\Debug\net8.0\Screenshots\TC_ADM_032.png"&#xD;
ExitCode: 0&#xD;
Stderr: /sdcard/screencap_temp.png: 1 file pulled, 0 skipped. 27.6 MB/s (157070 bytes in 0.005s)&#xD;
&#xD;
Stdout: &#xD;
Screenshot (via ADB): D:\mobile\project\care4u_medical_booking\test_automation\Care4U.AppiumTests\bin\Debug\net8.0\Screenshots\TC_ADM_032.png</StdOut>
      </Output>
    </UnitTestResult>
    <UnitTestResult executionId="d82c6ebd-9a01-497c-9bb1-1eb57104ee26" testId="38969b98-c564-5d0e-0a96-ef79908b0c95" testName="TC_REV_006_DanhGiaVoiNhanXetDai" computerName="LAPTOP-LM9S9518" duration="00:00:20.4866320" startTime="2026-06-19T03:10:23.3740329+07:00" endTime="2026-06-19T03:10:43.8606644+07:00" testType="13cdc9d9-ddb5-4fa4-a97d-d965ccfc6d4b" outcome="Passed" testListId="8c84fa94-04c1-424b-9868-57a2d4851a1d" relativeResultsDirectory="d82c6ebd-9a01-497c-9bb1-1eb57104ee26">
      <Output>
        <StdOut>Performing hard reset via Appium API...&#xD;
[ADB Log] cmd: adb -s emulator-5554 pull /sdcard/screencap_temp.png "D:\mobile\project\care4u_medical_booking\test_automation\Care4U.AppiumTests\bin\Debug\net8.0\Screenshots\TC_REV_006_DanhGiaVoiNhanXetDai.png"&#xD;
ExitCode: 0&#xD;
Stderr: /sdcard/screencap_temp.png: 1 file pulled, 0 skipped. 20.7 MB/s (137749 bytes in 0.006s)&#xD;
&#xD;
Stdout: &#xD;
Screenshot (via ADB): D:\mobile\project\care4u_medical_booking\test_automation\Care4U.AppiumTests\bin\Debug\net8.0\Screenshots\TC_REV_006_DanhGiaVoiNhanXetDai.png</StdOut>
      </Output>
    </UnitTestResult>
    <UnitTestResult executionId="a69f41bc-94d6-415a-9da2-46c7bebbaf5e" testId="8c8794cc-baef-2ed6-8867-2c17028a9f14" testName="TC_STORE_008_AddMultipleProducts" computerName="LAPTOP-LM9S9518" duration="00:00:01.5318730" startTime="2026-06-19T03:29:57.2619350+07:00" endTime="2026-06-19T03:29:58.7938073+07:00" testType="13cdc9d9-ddb5-4fa4-a97d-d965ccfc6d4b" outcome="Passed" testListId="8c84fa94-04c1-424b-9868-57a2d4851a1d" relativeResultsDirectory="a69f41bc-94d6-415a-9da2-46c7bebbaf5e">
      <Output>
        <StdOut>[ADB Log] cmd: adb -s emulator-5554 pull /sdcard/screencap_temp.png "D:\mobile\project\care4u_medical_booking\test_automation\Care4U.AppiumTests\bin\Debug\net8.0\Screenshots\TC_STORE_008.png"&#xD;
ExitCode: 0&#xD;
Stderr: /sdcard/screencap_temp.png: 1 file pulled, 0 skipped. 12.6 MB/s (157070 bytes in 0.012s)&#xD;
&#xD;
Stdout: &#xD;
Screenshot (via ADB): D:\mobile\project\care4u_medical_booking\test_automation\Care4U.AppiumTests\bin\Debug\net8.0\Screenshots\TC_STORE_008.png</StdOut>
      </Output>
    </UnitTestResult>
    <UnitTestResult executionId="3236c38c-2100-4502-8b92-d9922b294ce4" testId="854e412e-f42f-8119-1672-d562ba4dde60" testName="TC_SPEC_001_ViewSpecialtiesList" computerName="LAPTOP-LM9S9518" duration="00:00:01.5594680" startTime="2026-06-19T03:29:19.8071909+07:00" endTime="2026-06-19T03:29:21.3666591+07:00" testType="13cdc9d9-ddb5-4fa4-a97d-d965ccfc6d4b" outcome="Passed" testListId="8c84fa94-04c1-424b-9868-57a2d4851a1d" relativeResultsDirectory="3236c38c-2100-4502-8b92-d9922b294ce4">
      <Output>
        <StdOut>[ADB Log] cmd: adb -s emulator-5554 pull /sdcard/screencap_temp.png "D:\mobile\project\care4u_medical_booking\test_automation\Care4U.AppiumTests\bin\Debug\net8.0\Screenshots\TC_SPEC_001.png"&#xD;
ExitCode: 0&#xD;
Stderr: /sdcard/screencap_temp.png: 1 file pulled, 0 skipped. 37.7 MB/s (157070 bytes in 0.004s)&#xD;
&#xD;
Stdout: &#xD;
Screenshot (via ADB): D:\mobile\project\care4u_medical_booking\test_automation\Care4U.AppiumTests\bin\Debug\net8.0\Screenshots\TC_SPEC_001.png</StdOut>
      </Output>
    </UnitTestResult>
    <UnitTestResult executionId="b0179794-60b3-4a6c-9b39-ea9caaa89622" testId="682b3c9a-c7e6-72bf-9c3e-1f8c70b30577" testName="TC_PROF_001_ViewPatientProfile" computerName="LAPTOP-LM9S9518" duration="00:00:00.0637419" startTime="2026-06-19T03:29:08.2376187+07:00" endTime="2026-06-19T03:29:08.3013605+07:00" testType="13cdc9d9-ddb5-4fa4-a97d-d965ccfc6d4b" outcome="Failed" testListId="8c84fa94-04c1-424b-9868-57a2d4851a1d" relativeResultsDirectory="b0179794-60b3-4a6c-9b39-ea9caaa89622">
      <Output>
        <ErrorInfo>
          <Message>OpenQA.Selenium.WebDriverException : An unknown server-side error occurred while processing the command. Original error: Unable to resolve the launchable activity of 'com.example.care4u'. Original error: No activity found</Message>
          <StackTrace>   at OpenQA.Selenium.WebDriver.UnpackAndThrowOnError(Response errorResponse, String commandToExecute)&#xD;
   at OpenQA.Selenium.WebDriver.Execute(String driverCommandToExecute, Dictionary`2 parameters)&#xD;
   at OpenQA.Selenium.Appium.AppiumDriver.ActivateApp(String appId)&#xD;
   at Care4U.AppiumTests.Tests.ProfileTests.TC_PROF_001_ViewPatientProfile() in D:\mobile\project\care4u_medical_booking\test_automation\Care4U.AppiumTests\Tests\ProfileTests.cs:line 16&#xD;
   at System.RuntimeMethodHandle.InvokeMethod(Object target, Void** arguments, Signature sig, Boolean isConstructor)&#xD;
   at System.Reflection.MethodBaseInvoker.InvokeWithNoArgs(Object obj, BindingFlags invokeAttr)
</StackTrace>
        </ErrorInfo>
      </Output>
    </UnitTestResult>
    <UnitTestResult executionId="7def739e-0f58-4a12-bbf6-26fbe342c3d5" testId="942ed2f7-d714-65dd-26f9-83ff42379f4e" testName="TC_STORE_017_ApplyDiscountCodeSuccess" computerName="LAPTOP-LM9S9518" duration="00:00:01.5149830" startTime="2026-06-19T03:30:11.0647303+07:00" endTime="2026-06-19T03:30:12.5797132+07:00" testType="13cdc9d9-ddb5-4fa4-a97d-d965ccfc6d4b" outcome="Passed" testListId="8c84fa94-04c1-424b-9868-57a2d4851a1d" relativeResultsDirectory="7def739e-0f58-4a12-bbf6-26fbe342c3d5">
      <Output>
        <StdOut>[ADB Log] cmd: adb -s emulator-5554 pull /sdcard/screencap_temp.png "D:\mobile\project\care4u_medical_booking\test_automation\Care4U.AppiumTests\bin\Debug\net8.0\Screenshots\TC_STORE_017.png"&#xD;
ExitCode: 0&#xD;
Stderr: /sdcard/screencap_temp.png: 1 file pulled, 0 skipped. 30.9 MB/s (157070 bytes in 0.005s)&#xD;
&#xD;
Stdout: &#xD;
Screenshot (via ADB): D:\mobile\project\care4u_medical_booking\test_automation\Care4U.AppiumTests\bin\Debug\net8.0\Screenshots\TC_STORE_017.png</StdOut>
      </Output>
    </UnitTestResult>
    <UnitTestResult executionId="c5ccc3a0-c3b2-4212-9d86-d47b4c67fab4" testId="10c0008b-1477-6205-1a23-2af8fc15e59d" testName="TC_STORE_021_SelectPaymentMethodVietQR" computerName="LAPTOP-LM9S9518" duration="00:00:01.6021980" startTime="2026-06-19T03:30:17.1473725+07:00" endTime="2026-06-19T03:30:18.7495697+07:00" testType="13cdc9d9-ddb5-4fa4-a97d-d965ccfc6d4b" outcome="Passed" testListId="8c84fa94-04c1-424b-9868-57a2d4851a1d" relativeResultsDirectory="c5ccc3a0-c3b2-4212-9d86-d47b4c67fab4">
      <Output>
        <StdOut>[ADB Log] cmd: adb -s emulator-5554 pull /sdcard/screencap_temp.png "D:\mobile\project\care4u_medical_booking\test_automation\Care4U.AppiumTests\bin\Debug\net8.0\Screenshots\TC_STORE_021.png"&#xD;
ExitCode: 0&#xD;
Stderr: /sdcard/screencap_temp.png: 1 file pulled, 0 skipped. 7.5 MB/s (157070 bytes in 0.020s)&#xD;
&#xD;
Stdout: &#xD;
Screenshot (via ADB): D:\mobile\project\care4u_medical_booking\test_automation\Care4U.AppiumTests\bin\Debug\net8.0\Screenshots\TC_STORE_021.png</StdOut>
      </Output>
    </UnitTestResult>
    <UnitTestResult executionId="6d29240f-0e43-4682-bc98-f68ee0efd7b7" testId="d9d26b5e-6c79-ed00-ca9d-de6eecea8f1c" testName="TC_AUTH_011_LoginEmptyForm" computerName="LAPTOP-LM9S9518" duration="00:00:14.1313310" startTime="2026-06-19T02:27:53.5946873+07:00" endTime="2026-06-19T02:28:07.7260178+07:00" testType="13cdc9d9-ddb5-4fa4-a97d-d965ccfc6d4b" outcome="Passed" testListId="8c84fa94-04c1-424b-9868-57a2d4851a1d" relativeResultsDirectory="6d29240f-0e43-4682-bc98-f68ee0efd7b7">
      <Output>
        <StdOut>App is already on login screen. Skipping reset.&#xD;
[ADB Log] cmd: adb -s emulator-5554 pull /sdcard/screencap_temp.png "D:\mobile\project\care4u_medical_booking\test_automation\Care4U.AppiumTests\bin\Debug\net8.0\Screenshots\TC_AUTH_011_EmptyForm.png"&#xD;
ExitCode: 0&#xD;
Stderr: /sdcard/screencap_temp.png: 1 file pulled, 0 skipped. 32.5 MB/s (110438 bytes in 0.003s)&#xD;
&#xD;
Stdout: &#xD;
Screenshot (via ADB): D:\mobile\project\care4u_medical_booking\test_automation\Care4U.AppiumTests\bin\Debug\net8.0\Screenshots\TC_AUTH_011_EmptyForm.png</StdOut>
      </Output>
    </UnitTestResult>
    <UnitTestResult executionId="6b021319-9eb2-4a6c-9819-4f42058a9df9" testId="d6fac4e8-052e-b3d8-20b3-17bdc6cec213" testName="TC_NOTI_030_KhongHienThiThongBaoTrung" computerName="LAPTOP-LM9S9518" duration="00:00:18.7147710" startTime="2026-06-19T03:27:08.2772137+07:00" endTime="2026-06-19T03:27:26.9919839+07:00" testType="13cdc9d9-ddb5-4fa4-a97d-d965ccfc6d4b" outcome="Passed" testListId="8c84fa94-04c1-424b-9868-57a2d4851a1d" relativeResultsDirectory="6b021319-9eb2-4a6c-9819-4f42058a9df9">
      <Output>
        <StdOut>Performing hard reset via Appium API...&#xD;
[ADB Log] cmd: adb -s emulator-5554 pull /sdcard/screencap_temp.png "D:\mobile\project\care4u_medical_booking\test_automation\Care4U.AppiumTests\bin\Debug\net8.0\Screenshots\TC_NOTI_030_KhongHienThiThongBaoTrung.png"&#xD;
ExitCode: 0&#xD;
Stderr: /sdcard/screencap_temp.png: 1 file pulled, 0 skipped. 24.7 MB/s (157070 bytes in 0.006s)&#xD;
&#xD;
Stdout: &#xD;
Screenshot (via ADB): D:\mobile\project\care4u_medical_booking\test_automation\Care4U.AppiumTests\bin\Debug\net8.0\Screenshots\TC_NOTI_030_KhongHienThiThongBaoTrung.png</StdOut>
      </Output>
    </UnitTestResult>
    <UnitTestResult executionId="f37a430e-256d-487f-aa80-33f220141db0" testId="950c9c5b-0f40-1d7a-4843-2ac9e0d00090" testName="TC_MED_012_DonThuocTrongKhiKhongCo" computerName="LAPTOP-LM9S9518" duration="00:00:22.0596900" startTime="2026-06-19T03:01:29.1988767+07:00" endTime="2026-06-19T03:01:51.2585667+07:00" testType="13cdc9d9-ddb5-4fa4-a97d-d965ccfc6d4b" outcome="Passed" testListId="8c84fa94-04c1-424b-9868-57a2d4851a1d" relativeResultsDirectory="f37a430e-256d-487f-aa80-33f220141db0">
      <Output>
        <StdOut>Performing hard reset via Appium API...&#xD;
[ADB Log] cmd: adb -s emulator-5554 pull /sdcard/screencap_temp.png "D:\mobile\project\care4u_medical_booking\test_automation\Care4U.AppiumTests\bin\Debug\net8.0\Screenshots\TC_MED_012_DonThuocTrongKhiKhongCo.png"&#xD;
ExitCode: 0&#xD;
Stderr: /sdcard/screencap_temp.png: 1 file pulled, 0 skipped. 25.3 MB/s (156787 bytes in 0.006s)&#xD;
&#xD;
Stdout: &#xD;
Screenshot (via ADB): D:\mobile\project\care4u_medical_booking\test_automation\Care4U.AppiumTests\bin\Debug\net8.0\Screenshots\TC_MED_012_DonThuocTrongKhiKhongCo.png</StdOut>
      </Output>
    </UnitTestResult>
    <UnitTestResult executionId="c453e0a0-da84-43dd-8a64-25c03aada82a" testId="02523183-b4b2-57fa-6c78-98e50115804e" testName="TC_STORE_006_ViewProductDetails" computerName="LAPTOP-LM9S9518" duration="00:00:01.5372360" startTime="2026-06-19T03:29:54.1808080+07:00" endTime="2026-06-19T03:29:55.7180430+07:00" testType="13cdc9d9-ddb5-4fa4-a97d-d965ccfc6d4b" outcome="Passed" testListId="8c84fa94-04c1-424b-9868-57a2d4851a1d" relativeResultsDirectory="c453e0a0-da84-43dd-8a64-25c03aada82a">
      <Output>
        <StdOut>[ADB Log] cmd: adb -s emulator-5554 pull /sdcard/screencap_temp.png "D:\mobile\project\care4u_medical_booking\test_automation\Care4U.AppiumTests\bin\Debug\net8.0\Screenshots\TC_STORE_006.png"&#xD;
ExitCode: 0&#xD;
Stderr: /sdcard/screencap_temp.png: 1 file pulled, 0 skipped. 26.6 MB/s (157070 bytes in 0.006s)&#xD;
&#xD;
Stdout: &#xD;
Screenshot (via ADB): D:\mobile\project\care4u_medical_booking\test_automation\Care4U.AppiumTests\bin\Debug\net8.0\Screenshots\TC_STORE_006.png</StdOut>
      </Output>
    </UnitTestResult>
    <UnitTestResult executionId="2cc9d262-c065-4ab6-a124-99566d1afd79" testId="c69dd24e-2826-eb2b-7fcb-2d6af53d2361" testName="TC_DOC_028_ClearSearchRestoresList" computerName="LAPTOP-LM9S9518" duration="00:00:12.3275420" startTime="2026-06-19T02:49:23.9241502+07:00" endTime="2026-06-19T02:49:36.2516912+07:00" testType="13cdc9d9-ddb5-4fa4-a97d-d965ccfc6d4b" outcome="Failed" testListId="8c84fa94-04c1-424b-9868-57a2d4851a1d" relativeResultsDirectory="2cc9d262-c065-4ab6-a124-99566d1afd79">
      <Output>
        <StdOut>[ADB Log] cmd: adb -s emulator-5554 pull /sdcard/screencap_temp.png "D:\mobile\project\care4u_medical_booking\test_automation\Care4U.AppiumTests\bin\Debug\net8.0\Screenshots\TC_DOC_028_ClearSearch.png"&#xD;
ExitCode: 0&#xD;
Stderr: /sdcard/screencap_temp.png: 1 file pulled, 0 skipped. 22.7 MB/s (119569 bytes in 0.005s)&#xD;
&#xD;
Stdout: &#xD;
Screenshot (via ADB): D:\mobile\project\care4u_medical_booking\test_automation\Care4U.AppiumTests\bin\Debug\net8.0\Screenshots\TC_DOC_028_ClearSearch.png</StdOut>
        <ErrorInfo>
          <Message>  Xóa ô tìm kiếm không khôi phục danh sách&#xD;
  Expected: True&#xD;
  But was:  False&#xD;
</Message>
          <StackTrace>   at Care4U.AppiumTests.Tests.DoctorTests.TC_DOC_028_ClearSearchRestoresList() in D:\mobile\project\care4u_medical_booking\test_automation\Care4U.AppiumTests\Tests\DoctorTests.cs:line 449&#xD;

1)    at Care4U.AppiumTests.Tests.DoctorTests.TC_DOC_028_ClearSearchRestoresList() in D:\mobile\project\care4u_medical_booking\test_automation\Care4U.AppiumTests\Tests\DoctorTests.cs:line 449&#xD;

</StackTrace>
        </ErrorInfo>
      </Output>
    </UnitTestResult>
    <UnitTestResult executionId="eb3f42de-ce8b-4f87-8c62-9f8d579a61c3" testId="8fb42223-5719-23c1-a968-c8f613e8a8d2" testName="TC_DOC_006_FilterByAnotherSpecialty" computerName="LAPTOP-LM9S9518" duration="00:00:06.8912320" startTime="2026-06-19T02:46:11.0863415+07:00" endTime="2026-06-19T02:46:17.9775727+07:00" testType="13cdc9d9-ddb5-4fa4-a97d-d965ccfc6d4b" outcome="Passed" testListId="8c84fa94-04c1-424b-9868-57a2d4851a1d" relativeResultsDirectory="eb3f42de-ce8b-4f87-8c62-9f8d579a61c3">
      <Output>
        <StdOut>[ADB Log] cmd: adb -s emulator-5554 pull /sdcard/screencap_temp.png "D:\mobile\project\care4u_medical_booking\test_automation\Care4U.AppiumTests\bin\Debug\net8.0\Screenshots\TC_DOC_006_FilterAnotherSpecialty.png"&#xD;
ExitCode: 0&#xD;
Stderr: /sdcard/screencap_temp.png: 1 file pulled, 0 skipped. 21.5 MB/s (154207 bytes in 0.007s)&#xD;
&#xD;
Stdout: &#xD;
Screenshot (via ADB): D:\mobile\project\care4u_medical_booking\test_automation\Care4U.AppiumTests\bin\Debug\net8.0\Screenshots\TC_DOC_006_FilterAnotherSpecialty.png&#xD;
&#xD;
Kiểm tra lọc chuyên khoa khác – xem ảnh chụp</StdOut>
      </Output>
    </UnitTestResult>
    <UnitTestResult executionId="8a0b46b0-e937-4804-833d-521beda5e2ac" testId="4a2b4511-e7c4-09e3-de71-5ac5daac6d93" testName="TC_ADM_021_ViewRevenueReport" computerName="LAPTOP-LM9S9518" duration="00:00:01.5235260" startTime="2026-06-19T03:28:03.8494329+07:00" endTime="2026-06-19T03:28:05.3729586+07:00" testType="13cdc9d9-ddb5-4fa4-a97d-d965ccfc6d4b" outcome="Passed" testListId="8c84fa94-04c1-424b-9868-57a2d4851a1d" relativeResultsDirectory="8a0b46b0-e937-4804-833d-521beda5e2ac">
      <Output>
        <StdOut>[ADB Log] cmd: adb -s emulator-5554 pull /sdcard/screencap_temp.png "D:\mobile\project\care4u_medical_booking\test_automation\Care4U.AppiumTests\bin\Debug\net8.0\Screenshots\TC_ADM_021.png"&#xD;
ExitCode: 0&#xD;
Stderr: /sdcard/screencap_temp.png: 1 file pulled, 0 skipped. 25.8 MB/s (157070 bytes in 0.006s)&#xD;
&#xD;
Stdout: &#xD;
Screenshot (via ADB): D:\mobile\project\care4u_medical_booking\test_automation\Care4U.AppiumTests\bin\Debug\net8.0\Screenshots\TC_ADM_021.png</StdOut>
      </Output>
    </UnitTestResult>
    <UnitTestResult executionId="2a9b5228-f899-4b02-9e6c-9db3bbb12a65" testId="b028deba-98c1-e029-520c-9bcc1d133607" testName="TC_REV_019_DanhSachDanhGiaScrollMuot" computerName="LAPTOP-LM9S9518" duration="00:00:20.2814940" startTime="2026-06-19T03:14:50.2822002+07:00" endTime="2026-06-19T03:15:10.5636935+07:00" testType="13cdc9d9-ddb5-4fa4-a97d-d965ccfc6d4b" outcome="Passed" testListId="8c84fa94-04c1-424b-9868-57a2d4851a1d" relativeResultsDirectory="2a9b5228-f899-4b02-9e6c-9db3bbb12a65">
      <Output>
        <StdOut>Performing hard reset via Appium API...&#xD;
[ADB Log] cmd: adb -s emulator-5554 pull /sdcard/screencap_temp.png "D:\mobile\project\care4u_medical_booking\test_automation\Care4U.AppiumTests\bin\Debug\net8.0\Screenshots\TC_REV_019_DanhSachDanhGiaScrollMuot.png"&#xD;
ExitCode: 0&#xD;
Stderr: /sdcard/screencap_temp.png: 1 file pulled, 0 skipped. 28.2 MB/s (137801 bytes in 0.005s)&#xD;
&#xD;
Stdout: &#xD;
Screenshot (via ADB): D:\mobile\project\care4u_medical_booking\test_automation\Care4U.AppiumTests\bin\Debug\net8.0\Screenshots\TC_REV_019_DanhSachDanhGiaScrollMuot.png</StdOut>
      </Output>
    </UnitTestResult>
    <UnitTestResult executionId="ad6f64d4-0bd9-4834-a9f3-9ce66fb1b53d" testId="0c03652c-b04b-7001-8208-26c5f3104856" testName="TC_DOC_012_DoctorAvatarDisplayed" computerName="LAPTOP-LM9S9518" duration="00:00:07.3407720" startTime="2026-06-19T02:46:51.6032274+07:00" endTime="2026-06-19T02:46:58.9439988+07:00" testType="13cdc9d9-ddb5-4fa4-a97d-d965ccfc6d4b" outcome="Passed" testListId="8c84fa94-04c1-424b-9868-57a2d4851a1d" relativeResultsDirectory="ad6f64d4-0bd9-4834-a9f3-9ce66fb1b53d">
      <Output>
        <StdOut>[ADB Log] cmd: adb -s emulator-5554 pull /sdcard/screencap_temp.png "D:\mobile\project\care4u_medical_booking\test_automation\Care4U.AppiumTests\bin\Debug\net8.0\Screenshots\TC_DOC_012_DoctorAvatar.png"&#xD;
ExitCode: 0&#xD;
Stderr: /sdcard/screencap_temp.png: 1 file pulled, 0 skipped. 30.7 MB/s (154041 bytes in 0.005s)&#xD;
&#xD;
Stdout: &#xD;
Screenshot (via ADB): D:\mobile\project\care4u_medical_booking\test_automation\Care4U.AppiumTests\bin\Debug\net8.0\Screenshots\TC_DOC_012_DoctorAvatar.png&#xD;
&#xD;
Kiểm tra ảnh đại diện – xem ảnh chụp</StdOut>
      </Output>
    </UnitTestResult>
    <UnitTestResult executionId="fafca601-93ce-48bb-aa6e-a4e81ae61ce8" testId="c1b2f44b-1d93-afdc-714b-f1d221b9752d" testName="TC_STORE_019_SelectPaymentMethodCOD" computerName="LAPTOP-LM9S9518" duration="00:00:01.5137540" startTime="2026-06-19T03:30:14.1181820+07:00" endTime="2026-06-19T03:30:15.6319355+07:00" testType="13cdc9d9-ddb5-4fa4-a97d-d965ccfc6d4b" outcome="Passed" testListId="8c84fa94-04c1-424b-9868-57a2d4851a1d" relativeResultsDirectory="fafca601-93ce-48bb-aa6e-a4e81ae61ce8">
      <Output>
        <StdOut>[ADB Log] cmd: adb -s emulator-5554 pull /sdcard/screencap_temp.png "D:\mobile\project\care4u_medical_booking\test_automation\Care4U.AppiumTests\bin\Debug\net8.0\Screenshots\TC_STORE_019.png"&#xD;
ExitCode: 0&#xD;
Stderr: /sdcard/screencap_temp.png: 1 file pulled, 0 skipped. 44.9 MB/s (157070 bytes in 0.003s)&#xD;
&#xD;
Stdout: &#xD;
Screenshot (via ADB): D:\mobile\project\care4u_medical_booking\test_automation\Care4U.AppiumTests\bin\Debug\net8.0\Screenshots\TC_STORE_019.png</StdOut>
      </Output>
    </UnitTestResult>
    <UnitTestResult executionId="fa07cc37-77cc-4839-8eb1-4c461a78655f" testId="5c0bf7d5-cd50-73c1-5481-871a5cae76f3" testName="TC_REV_016_DanhSachDanhGiaBacSi" computerName="LAPTOP-LM9S9518" duration="00:00:20.3952520" startTime="2026-06-19T03:13:49.0107685+07:00" endTime="2026-06-19T03:14:09.4060201+07:00" testType="13cdc9d9-ddb5-4fa4-a97d-d965ccfc6d4b" outcome="Passed" testListId="8c84fa94-04c1-424b-9868-57a2d4851a1d" relativeResultsDirectory="fa07cc37-77cc-4839-8eb1-4c461a78655f">
      <Output>
        <StdOut>Performing hard reset via Appium API...&#xD;
[ADB Log] cmd: adb -s emulator-5554 pull /sdcard/screencap_temp.png "D:\mobile\project\care4u_medical_booking\test_automation\Care4U.AppiumTests\bin\Debug\net8.0\Screenshots\TC_REV_016_DanhSachDanhGiaBacSi.png"&#xD;
ExitCode: 0&#xD;
Stderr: /sdcard/screencap_temp.png: 1 file pulled, 0 skipped. 21.8 MB/s (137498 bytes in 0.006s)&#xD;
&#xD;
Stdout: &#xD;
Screenshot (via ADB): D:\mobile\project\care4u_medical_booking\test_automation\Care4U.AppiumTests\bin\Debug\net8.0\Screenshots\TC_REV_016_DanhSachDanhGiaBacSi.png</StdOut>
      </Output>
    </UnitTestResult>
    <UnitTestResult executionId="072d7597-1c3c-4921-8b80-4c4fd159f26f" testId="989fcb05-8b2a-a35c-05f4-91341caac213" testName="TC_AUTH_012_LoginMissingEmail" computerName="LAPTOP-LM9S9518" duration="00:00:14.8068830" startTime="2026-06-19T02:28:07.7260637+07:00" endTime="2026-06-19T02:28:22.5329455+07:00" testType="13cdc9d9-ddb5-4fa4-a97d-d965ccfc6d4b" outcome="Passed" testListId="8c84fa94-04c1-424b-9868-57a2d4851a1d" relativeResultsDirectory="072d7597-1c3c-4921-8b80-4c4fd159f26f">
      <Output>
        <StdOut>App is already on login screen. Skipping reset.&#xD;
[ADB Log] cmd: adb -s emulator-5554 pull /sdcard/screencap_temp.png "D:\mobile\project\care4u_medical_booking\test_automation\Care4U.AppiumTests\bin\Debug\net8.0\Screenshots\TC_AUTH_012_MissingEmail.png"&#xD;
ExitCode: 0&#xD;
Stderr: /sdcard/screencap_temp.png: 1 file pulled, 0 skipped. 30.8 MB/s (93511 bytes in 0.003s)&#xD;
&#xD;
Stdout: &#xD;
Screenshot (via ADB): D:\mobile\project\care4u_medical_booking\test_automation\Care4U.AppiumTests\bin\Debug\net8.0\Screenshots\TC_AUTH_012_MissingEmail.png</StdOut>
      </Output>
    </UnitTestResult>
    <UnitTestResult executionId="51257246-2c02-4f2e-99b9-6cb6f1186114" testId="59b897e3-51ce-04ef-b981-b559011391cf" testName="TC_UI_008_ProfileInfo" computerName="LAPTOP-LM9S9518" duration="00:00:03.7518950" startTime="2026-06-19T02:52:38.1050328+07:00" endTime="2026-06-19T02:52:41.8569264+07:00" testType="13cdc9d9-ddb5-4fa4-a97d-d965ccfc6d4b" outcome="Passed" testListId="8c84fa94-04c1-424b-9868-57a2d4851a1d" relativeResultsDirectory="51257246-2c02-4f2e-99b9-6cb6f1186114">
      <Output>
        <StdOut>[ADB Log] cmd: adb -s emulator-5554 pull /sdcard/screencap_temp.png "D:\mobile\project\care4u_medical_booking\test_automation\Care4U.AppiumTests\bin\Debug\net8.0\Screenshots\TC_UI_008_ProfileInfo.png"&#xD;
ExitCode: 0&#xD;
Stderr: /sdcard/screencap_temp.png: 1 file pulled, 0 skipped. 4.9 MB/s (117758 bytes in 0.023s)&#xD;
&#xD;
Stdout: &#xD;
Screenshot (via ADB): D:\mobile\project\care4u_medical_booking\test_automation\Care4U.AppiumTests\bin\Debug\net8.0\Screenshots\TC_UI_008_ProfileInfo.png</StdOut>
      </Output>
    </UnitTestResult>
    <UnitTestResult executionId="fb47ebba-3902-451f-ba5e-aabde9c58382" testId="504e58a0-fe45-eac6-0e20-74c98ba3c0fe" testName="TC_STORE_003_SearchProductNotFound" computerName="LAPTOP-LM9S9518" duration="00:00:01.5379130" startTime="2026-06-19T03:29:49.5851707+07:00" endTime="2026-06-19T03:29:51.1230832+07:00" testType="13cdc9d9-ddb5-4fa4-a97d-d965ccfc6d4b" outcome="Passed" testListId="8c84fa94-04c1-424b-9868-57a2d4851a1d" relativeResultsDirectory="fb47ebba-3902-451f-ba5e-aabde9c58382">
      <Output>
        <StdOut>[ADB Log] cmd: adb -s emulator-5554 pull /sdcard/screencap_temp.png "D:\mobile\project\care4u_medical_booking\test_automation\Care4U.AppiumTests\bin\Debug\net8.0\Screenshots\TC_STORE_003.png"&#xD;
ExitCode: 0&#xD;
Stderr: /sdcard/screencap_temp.png: 1 file pulled, 0 skipped. 42.4 MB/s (157070 bytes in 0.004s)&#xD;
&#xD;
Stdout: &#xD;
Screenshot (via ADB): D:\mobile\project\care4u_medical_booking\test_automation\Care4U.AppiumTests\bin\Debug\net8.0\Screenshots\TC_STORE_003.png</StdOut>
      </Output>
    </UnitTestResult>
    <UnitTestResult executionId="3e91549e-4ae7-4c82-923b-ed17c1c66c6b" testId="1b5fba2f-1374-cd81-782f-e195d4f4cd5c" testName="TC_NOTI_015_KiemTraKhongCrashKhiMo" computerName="LAPTOP-LM9S9518" duration="00:00:20.8218170" startTime="2026-06-19T03:22:17.8317828+07:00" endTime="2026-06-19T03:22:38.6535992+07:00" testType="13cdc9d9-ddb5-4fa4-a97d-d965ccfc6d4b" outcome="Passed" testListId="8c84fa94-04c1-424b-9868-57a2d4851a1d" relativeResultsDirectory="3e91549e-4ae7-4c82-923b-ed17c1c66c6b">
      <Output>
        <StdOut>Performing hard reset via Appium API...&#xD;
[ADB Log] cmd: adb -s emulator-5554 pull /sdcard/screencap_temp.png "D:\mobile\project\care4u_medical_booking\test_automation\Care4U.AppiumTests\bin\Debug\net8.0\Screenshots\TC_NOTI_015_KiemTraKhongCrashKhiMo.png"&#xD;
ExitCode: 0&#xD;
Stderr: /sdcard/screencap_temp.png: 1 file pulled, 0 skipped. 25.4 MB/s (157070 bytes in 0.006s)&#xD;
&#xD;
Stdout: &#xD;
Screenshot (via ADB): D:\mobile\project\care4u_medical_booking\test_automation\Care4U.AppiumTests\bin\Debug\net8.0\Screenshots\TC_NOTI_015_KiemTraKhongCrashKhiMo.png</StdOut>
      </Output>
    </UnitTestResult>
    <UnitTestResult executionId="bca853f0-e952-4345-90d8-a7e7f4515b13" testId="6edffccc-d89a-11a8-ac9e-1e58844484f3" testName="TC_STORE_016_CheckoutMissingPhone" computerName="LAPTOP-LM9S9518" duration="00:00:01.5454460" startTime="2026-06-19T03:30:09.5192473+07:00" endTime="2026-06-19T03:30:11.0646931+07:00" testType="13cdc9d9-ddb5-4fa4-a97d-d965ccfc6d4b" outcome="Passed" testListId="8c84fa94-04c1-424b-9868-57a2d4851a1d" relativeResultsDirectory="bca853f0-e952-4345-90d8-a7e7f4515b13">
      <Output>
        <StdOut>[ADB Log] cmd: adb -s emulator-5554 pull /sdcard/screencap_temp.png "D:\mobile\project\care4u_medical_booking\test_automation\Care4U.AppiumTests\bin\Debug\net8.0\Screenshots\TC_STORE_016.png"&#xD;
ExitCode: 0&#xD;
Stderr: /sdcard/screencap_temp.png: 1 file pulled, 0 skipped. 11.4 MB/s (157070 bytes in 0.013s)&#xD;
&#xD;
Stdout: &#xD;
Screenshot (via ADB): D:\mobile\project\care4u_medical_booking\test_automation\Care4U.AppiumTests\bin\Debug\net8.0\Screenshots\TC_STORE_016.png</StdOut>
      </Output>
    </UnitTestResult>
    <UnitTestResult executionId="4f6c476e-4643-468d-9136-8ef71a2cb672" testId="b8fc613a-15f4-9289-e34a-e50d938384d7" testName="TC_MED_024_ChiaSeHoSoYTe" computerName="LAPTOP-LM9S9518" duration="00:00:20.2135310" startTime="2026-06-19T03:05:49.0952564+07:00" endTime="2026-06-19T03:06:09.3087841+07:00" testType="13cdc9d9-ddb5-4fa4-a97d-d965ccfc6d4b" outcome="Passed" testListId="8c84fa94-04c1-424b-9868-57a2d4851a1d" relativeResultsDirectory="4f6c476e-4643-468d-9136-8ef71a2cb672">
      <Output>
        <StdOut>Performing hard reset via Appium API...&#xD;
[ADB Log] cmd: adb -s emulator-5554 pull /sdcard/screencap_temp.png "D:\mobile\project\care4u_medical_booking\test_automation\Care4U.AppiumTests\bin\Debug\net8.0\Screenshots\TC_MED_024_ChiaSeHoSoYTe.png"&#xD;
ExitCode: 0&#xD;
Stderr: /sdcard/screencap_temp.png: 1 file pulled, 0 skipped. 11.3 MB/s (157529 bytes in 0.013s)&#xD;
&#xD;
Stdout: &#xD;
Screenshot (via ADB): D:\mobile\project\care4u_medical_booking\test_automation\Care4U.AppiumTests\bin\Debug\net8.0\Screenshots\TC_MED_024_ChiaSeHoSoYTe.png</StdOut>
      </Output>
    </UnitTestResult>
    <UnitTestResult executionId="5f8234df-1f82-43bc-9a3d-0af66c94ee93" testId="b020e911-40cc-86b1-5ef4-84175902f4a4" testName="TC_DOC_022_BookingScreenStability" computerName="LAPTOP-LM9S9518" duration="00:00:09.6801830" startTime="2026-06-19T02:48:24.3760511+07:00" endTime="2026-06-19T02:48:34.0562340+07:00" testType="13cdc9d9-ddb5-4fa4-a97d-d965ccfc6d4b" outcome="Passed" testListId="8c84fa94-04c1-424b-9868-57a2d4851a1d" relativeResultsDirectory="5f8234df-1f82-43bc-9a3d-0af66c94ee93">
      <Output>
        <StdOut>[ADB Log] cmd: adb -s emulator-5554 pull /sdcard/screencap_temp.png "D:\mobile\project\care4u_medical_booking\test_automation\Care4U.AppiumTests\bin\Debug\net8.0\Screenshots\TC_DOC_022_BookingStability.png"&#xD;
ExitCode: 0&#xD;
Stderr: /sdcard/screencap_temp.png: 1 file pulled, 0 skipped. 3.0 MB/s (93785 bytes in 0.030s)&#xD;
&#xD;
Stdout: &#xD;
Screenshot (via ADB): D:\mobile\project\care4u_medical_booking\test_automation\Care4U.AppiumTests\bin\Debug\net8.0\Screenshots\TC_DOC_022_BookingStability.png</StdOut>
      </Output>
    </UnitTestResult>
    <UnitTestResult executionId="f43bd2cd-f3f4-4bfc-818c-da472bc06156" testId="5320f09a-e315-069c-4086-5344c2b2e247" testName="TC_AUTH_034_RegisterScreenUI" computerName="LAPTOP-LM9S9518" duration="00:01:11.3743580" startTime="2026-06-19T02:35:43.1070296+07:00" endTime="2026-06-19T02:36:54.4813876+07:00" testType="13cdc9d9-ddb5-4fa4-a97d-d965ccfc6d4b" outcome="Passed" testListId="8c84fa94-04c1-424b-9868-57a2d4851a1d" relativeResultsDirectory="f43bd2cd-f3f4-4bfc-818c-da472bc06156">
      <Output>
        <StdOut>App is logged in. Attempting logout via UI...&#xD;
Performing hard reset via Appium API...&#xD;
[ADB Log] cmd: adb -s emulator-5554 pull /sdcard/screencap_temp.png "D:\mobile\project\care4u_medical_booking\test_automation\Care4U.AppiumTests\bin\Debug\net8.0\Screenshots\TC_AUTH_034_RegisterScreenUI.png"&#xD;
ExitCode: 0&#xD;
Stderr: /sdcard/screencap_temp.png: 1 file pulled, 0 skipped. 7.5 MB/s (210619 bytes in 0.027s)&#xD;
&#xD;
Stdout: &#xD;
Screenshot (via ADB): D:\mobile\project\care4u_medical_booking\test_automation\Care4U.AppiumTests\bin\Debug\net8.0\Screenshots\TC_AUTH_034_RegisterScreenUI.png</StdOut>
      </Output>
    </UnitTestResult>
    <UnitTestResult executionId="5b871981-eff5-4a3f-906d-9c1e8a2028fa" testId="19f37708-5265-56e8-96b7-a511d8bcbbbb" testName="TC_MED_011_DonThuocHienThiTenThuoc" computerName="LAPTOP-LM9S9518" duration="00:00:22.3924930" startTime="2026-06-19T03:01:06.8063404+07:00" endTime="2026-06-19T03:01:29.1988333+07:00" testType="13cdc9d9-ddb5-4fa4-a97d-d965ccfc6d4b" outcome="Passed" testListId="8c84fa94-04c1-424b-9868-57a2d4851a1d" relativeResultsDirectory="5b871981-eff5-4a3f-906d-9c1e8a2028fa">
      <Output>
        <StdOut>Performing hard reset via Appium API...&#xD;
[ADB Log] cmd: adb -s emulator-5554 pull /sdcard/screencap_temp.png "D:\mobile\project\care4u_medical_booking\test_automation\Care4U.AppiumTests\bin\Debug\net8.0\Screenshots\TC_MED_011_DonThuocHienThiTenThuoc.png"&#xD;
ExitCode: 0&#xD;
Stderr: /sdcard/screencap_temp.png: 1 file pulled, 0 skipped. 9.6 MB/s (156787 bytes in 0.016s)&#xD;
&#xD;
Stdout: &#xD;
Screenshot (via ADB): D:\mobile\project\care4u_medical_booking\test_automation\Care4U.AppiumTests\bin\Debug\net8.0\Screenshots\TC_MED_011_DonThuocHienThiTenThuoc.png</StdOut>
      </Output>
    </UnitTestResult>
    <UnitTestResult executionId="501817a9-c25f-4b2d-bf5c-d082fe50e32a" testId="97711011-9f5a-9f53-2764-b5109ca071f5" testName="TC_ADM_018_DeleteSpecialty" computerName="LAPTOP-LM9S9518" duration="00:00:01.5871950" startTime="2026-06-19T03:27:59.0201808+07:00" endTime="2026-06-19T03:28:00.6073756+07:00" testType="13cdc9d9-ddb5-4fa4-a97d-d965ccfc6d4b" outcome="Passed" testListId="8c84fa94-04c1-424b-9868-57a2d4851a1d" relativeResultsDirectory="501817a9-c25f-4b2d-bf5c-d082fe50e32a">
      <Output>
        <StdOut>[ADB Log] cmd: adb -s emulator-5554 pull /sdcard/screencap_temp.png "D:\mobile\project\care4u_medical_booking\test_automation\Care4U.AppiumTests\bin\Debug\net8.0\Screenshots\TC_ADM_018.png"&#xD;
ExitCode: 0&#xD;
Stderr: /sdcard/screencap_temp.png: 1 file pulled, 0 skipped. 31.3 MB/s (157070 bytes in 0.005s)&#xD;
&#xD;
Stdout: &#xD;
Screenshot (via ADB): D:\mobile\project\care4u_medical_booking\test_automation\Care4U.AppiumTests\bin\Debug\net8.0\Screenshots\TC_ADM_018.png</StdOut>
      </Output>
    </UnitTestResult>
    <UnitTestResult executionId="245016c8-298c-4846-a4b5-13f3a360996a" testId="6a57b7ad-ccc3-e341-147f-80d645d25d89" testName="TC_NOTI_029_ThongBaoHienThiThoiGian" computerName="LAPTOP-LM9S9518" duration="00:00:18.8953120" startTime="2026-06-19T03:26:49.3818670+07:00" endTime="2026-06-19T03:27:08.2771760+07:00" testType="13cdc9d9-ddb5-4fa4-a97d-d965ccfc6d4b" outcome="Passed" testListId="8c84fa94-04c1-424b-9868-57a2d4851a1d" relativeResultsDirectory="245016c8-298c-4846-a4b5-13f3a360996a">
      <Output>
        <StdOut>Performing hard reset via Appium API...&#xD;
[ADB Log] cmd: adb -s emulator-5554 pull /sdcard/screencap_temp.png "D:\mobile\project\care4u_medical_booking\test_automation\Care4U.AppiumTests\bin\Debug\net8.0\Screenshots\TC_NOTI_029_ThongBaoHienThiThoiGian.png"&#xD;
ExitCode: 0&#xD;
Stderr: /sdcard/screencap_temp.png: 1 file pulled, 0 skipped. 34.7 MB/s (157070 bytes in 0.004s)&#xD;
&#xD;
Stdout: &#xD;
Screenshot (via ADB): D:\mobile\project\care4u_medical_booking\test_automation\Care4U.AppiumTests\bin\Debug\net8.0\Screenshots\TC_NOTI_029_ThongBaoHienThiThoiGian.png</StdOut>
      </Output>
    </UnitTestResult>
    <UnitTestResult executionId="c1814803-6ea8-48a0-9598-f4c27a653ff4" testId="d0a3b910-6be9-0c1c-a460-5d9e52bb5fe2" testName="TC_ADM_008_ApproveDoctor" computerName="LAPTOP-LM9S9518" duration="00:00:01.5276070" startTime="2026-06-19T03:27:43.5235604+07:00" endTime="2026-06-19T03:27:45.0511672+07:00" testType="13cdc9d9-ddb5-4fa4-a97d-d965ccfc6d4b" outcome="Passed" testListId="8c84fa94-04c1-424b-9868-57a2d4851a1d" relativeResultsDirectory="c1814803-6ea8-48a0-9598-f4c27a653ff4">
      <Output>
        <StdOut>[ADB Log] cmd: adb -s emulator-5554 pull /sdcard/screencap_temp.png "D:\mobile\project\care4u_medical_booking\test_automation\Care4U.AppiumTests\bin\Debug\net8.0\Screenshots\TC_ADM_008.png"&#xD;
ExitCode: 0&#xD;
Stderr: /sdcard/screencap_temp.png: 1 file pulled, 0 skipped. 33.8 MB/s (157070 bytes in 0.004s)&#xD;
&#xD;
Stdout: &#xD;
Screenshot (via ADB): D:\mobile\project\care4u_medical_booking\test_automation\Care4U.AppiumTests\bin\Debug\net8.0\Screenshots\TC_ADM_008.png</StdOut>
      </Output>
    </UnitTestResult>
    <UnitTestResult executionId="52a43c63-bb79-4350-a78a-f456893bfbd8" testId="b59fdcae-80d5-f7d7-1920-782eaa4ee6ae" testName="TC_NFR_024_DLieuLichHenNhatQuan" computerName="LAPTOP-LM9S9518" duration="00:00:14.5125470" startTime="2026-06-19T02:56:38.3543376+07:00" endTime="2026-06-19T02:56:52.8668837+07:00" testType="13cdc9d9-ddb5-4fa4-a97d-d965ccfc6d4b" outcome="Passed" testListId="8c84fa94-04c1-424b-9868-57a2d4851a1d" relativeResultsDirectory="52a43c63-bb79-4350-a78a-f456893bfbd8">
      <Output>
        <StdOut>Performing hard reset via Appium API...&#xD;
[ADB Log] cmd: adb -s emulator-5554 pull /sdcard/screencap_temp.png "D:\mobile\project\care4u_medical_booking\test_automation\Care4U.AppiumTests\bin\Debug\net8.0\Screenshots\TC_NFR_024_DLieuLichHenNhatQuan.png"&#xD;
ExitCode: 0&#xD;
Stderr: /sdcard/screencap_temp.png: 1 file pulled, 0 skipped. 22.7 MB/s (153843 bytes in 0.006s)&#xD;
&#xD;
Stdout: &#xD;
Screenshot (via ADB): D:\mobile\project\care4u_medical_booking\test_automation\Care4U.AppiumTests\bin\Debug\net8.0\Screenshots\TC_NFR_024_DLieuLichHenNhatQuan.png&#xD;
&#xD;
Xác nhận phi chức năng qua ảnh chụp màn hình.</StdOut>
      </Output>
    </UnitTestResult>
    <UnitTestResult executionId="5f3abfb6-bd8b-4553-9b29-53b7b0e5fbee" testId="54ce15e2-34d7-fce1-a230-be4abbc07fc7" testName="TC_DOC_029_SpecificDoctorMinhInfo" computerName="LAPTOP-LM9S9518" duration="00:00:08.3246120" startTime="2026-06-19T02:49:36.2517793+07:00" endTime="2026-06-19T02:49:44.5763914+07:00" testType="13cdc9d9-ddb5-4fa4-a97d-d965ccfc6d4b" outcome="Passed" testListId="8c84fa94-04c1-424b-9868-57a2d4851a1d" relativeResultsDirectory="5f3abfb6-bd8b-4553-9b29-53b7b0e5fbee">
      <Output>
        <StdOut>[ADB Log] cmd: adb -s emulator-5554 pull /sdcard/screencap_temp.png "D:\mobile\project\care4u_medical_booking\test_automation\Care4U.AppiumTests\bin\Debug\net8.0\Screenshots\TC_DOC_029_DoctorMinh.png"&#xD;
ExitCode: 0&#xD;
Stderr: /sdcard/screencap_temp.png: 1 file pulled, 0 skipped. 13.6 MB/s (97630 bytes in 0.007s)&#xD;
&#xD;
Stdout: &#xD;
Screenshot (via ADB): D:\mobile\project\care4u_medical_booking\test_automation\Care4U.AppiumTests\bin\Debug\net8.0\Screenshots\TC_DOC_029_DoctorMinh.png</StdOut>
      </Output>
    </UnitTestResult>
    <UnitTestResult executionId="89be7c48-40ec-455c-ae96-da3cc206766f" testId="4567ad3f-b88e-08b2-ab9b-a4294457324b" testName="TC_MED_025_KetQuaXetNghiemHienThi" computerName="LAPTOP-LM9S9518" duration="00:00:20.3737590" startTime="2026-06-19T03:06:09.3088479+07:00" endTime="2026-06-19T03:06:29.6826069+07:00" testType="13cdc9d9-ddb5-4fa4-a97d-d965ccfc6d4b" outcome="Passed" testListId="8c84fa94-04c1-424b-9868-57a2d4851a1d" relativeResultsDirectory="89be7c48-40ec-455c-ae96-da3cc206766f">
      <Output>
        <StdOut>Performing hard reset via Appium API...&#xD;
[ADB Log] cmd: adb -s emulator-5554 pull /sdcard/screencap_temp.png "D:\mobile\project\care4u_medical_booking\test_automation\Care4U.AppiumTests\bin\Debug\net8.0\Screenshots\TC_MED_025_KetQuaXetNghiemHienThi.png"&#xD;
ExitCode: 0&#xD;
Stderr: /sdcard/screencap_temp.png: 1 file pulled, 0 skipped. 25.1 MB/s (157529 bytes in 0.006s)&#xD;
&#xD;
Stdout: &#xD;
Screenshot (via ADB): D:\mobile\project\care4u_medical_booking\test_automation\Care4U.AppiumTests\bin\Debug\net8.0\Screenshots\TC_MED_025_KetQuaXetNghiemHienThi.png</StdOut>
      </Output>
    </UnitTestResult>
    <UnitTestResult executionId="336ad2e7-1c19-4021-bfe1-475c09b0f731" testId="f05b5d8f-7d1d-9446-884c-26092eaaa268" testName="TC_APP_003_ViewAppointmentHistory" computerName="LAPTOP-LM9S9518" duration="00:00:01.6182220" startTime="2026-06-19T03:28:32.5494265+07:00" endTime="2026-06-19T03:28:34.1676479+07:00" testType="13cdc9d9-ddb5-4fa4-a97d-d965ccfc6d4b" outcome="Passed" testListId="8c84fa94-04c1-424b-9868-57a2d4851a1d" relativeResultsDirectory="336ad2e7-1c19-4021-bfe1-475c09b0f731">
      <Output>
        <StdOut>[ADB Log] cmd: adb -s emulator-5554 pull /sdcard/screencap_temp.png "D:\mobile\project\care4u_medical_booking\test_automation\Care4U.AppiumTests\bin\Debug\net8.0\Screenshots\TC_APP_003_ViewAppointmentHistory.png"&#xD;
ExitCode: 0&#xD;
Stderr: /sdcard/screencap_temp.png: 1 file pulled, 0 skipped. 13.5 MB/s (157070 bytes in 0.011s)&#xD;
&#xD;
Stdout: &#xD;
Screenshot (via ADB): D:\mobile\project\care4u_medical_booking\test_automation\Care4U.AppiumTests\bin\Debug\net8.0\Screenshots\TC_APP_003_ViewAppointmentHistory.png&#xD;
&#xD;
Thử nghiệm xem lịch sử khám</StdOut>
      </Output>
    </UnitTestResult>
    <UnitTestResult executionId="70e34b31-eeb7-4041-84f2-e483d5521178" testId="55ec52bb-cc2d-90ba-e9d3-f53cfd2083fc" testName="TC_STORE_025_CancelPendingOrder" computerName="LAPTOP-LM9S9518" duration="00:00:01.5469040" startTime="2026-06-19T03:30:23.3377926+07:00" endTime="2026-06-19T03:30:24.8846964+07:00" testType="13cdc9d9-ddb5-4fa4-a97d-d965ccfc6d4b" outcome="Passed" testListId="8c84fa94-04c1-424b-9868-57a2d4851a1d" relativeResultsDirectory="70e34b31-eeb7-4041-84f2-e483d5521178">
      <Output>
        <StdOut>[ADB Log] cmd: adb -s emulator-5554 pull /sdcard/screencap_temp.png "D:\mobile\project\care4u_medical_booking\test_automation\Care4U.AppiumTests\bin\Debug\net8.0\Screenshots\TC_STORE_025.png"&#xD;
ExitCode: 0&#xD;
Stderr: /sdcard/screencap_temp.png: 1 file pulled, 0 skipped. 33.6 MB/s (157070 bytes in 0.004s)&#xD;
&#xD;
Stdout: &#xD;
Screenshot (via ADB): D:\mobile\project\care4u_medical_booking\test_automation\Care4U.AppiumTests\bin\Debug\net8.0\Screenshots\TC_STORE_025.png</StdOut>
      </Output>
    </UnitTestResult>
    <UnitTestResult executionId="041a8be6-2303-43ce-a5aa-7647ba1985a8" testId="223be602-ee36-6c6a-7bb5-55ae95789262" testName="TC_DOC_030_SpecificDoctorHoaInfo" computerName="LAPTOP-LM9S9518" duration="00:00:08.3110579" startTime="2026-06-19T02:49:44.5764258+07:00" endTime="2026-06-19T02:49:52.8874827+07:00" testType="13cdc9d9-ddb5-4fa4-a97d-d965ccfc6d4b" outcome="Passed" testListId="8c84fa94-04c1-424b-9868-57a2d4851a1d" relativeResultsDirectory="041a8be6-2303-43ce-a5aa-7647ba1985a8">
      <Output>
        <StdOut>[ADB Log] cmd: adb -s emulator-5554 pull /sdcard/screencap_temp.png "D:\mobile\project\care4u_medical_booking\test_automation\Care4U.AppiumTests\bin\Debug\net8.0\Screenshots\TC_DOC_030_DoctorHoa.png"&#xD;
ExitCode: 0&#xD;
Stderr: /sdcard/screencap_temp.png: 1 file pulled, 0 skipped. 15.7 MB/s (88933 bytes in 0.005s)&#xD;
&#xD;
Stdout: &#xD;
Screenshot (via ADB): D:\mobile\project\care4u_medical_booking\test_automation\Care4U.AppiumTests\bin\Debug\net8.0\Screenshots\TC_DOC_030_DoctorHoa.png</StdOut>
      </Output>
    </UnitTestResult>
    <UnitTestResult executionId="389194b0-a370-4804-8386-d117d4f25ae1" testId="f1c49c45-9781-c9d1-e457-be3a59d9970e" testName="TC_AUTH_033_DoctorWrongPassword" computerName="LAPTOP-LM9S9518" duration="00:01:21.8321470" startTime="2026-06-19T02:34:21.2746479+07:00" endTime="2026-06-19T02:35:43.1067947+07:00" testType="13cdc9d9-ddb5-4fa4-a97d-d965ccfc6d4b" outcome="Passed" testListId="8c84fa94-04c1-424b-9868-57a2d4851a1d" relativeResultsDirectory="389194b0-a370-4804-8386-d117d4f25ae1">
      <Output>
        <StdOut>App is logged in. Attempting logout via UI...&#xD;
Performing hard reset via Appium API...&#xD;
[ADB Log] cmd: adb -s emulator-5554 pull /sdcard/screencap_temp.png "D:\mobile\project\care4u_medical_booking\test_automation\Care4U.AppiumTests\bin\Debug\net8.0\Screenshots\TC_AUTH_033_DoctorWrongPassword.png"&#xD;
ExitCode: 0&#xD;
Stderr: /sdcard/screencap_temp.png: 1 file pulled, 0 skipped. 18.1 MB/s (154451 bytes in 0.008s)&#xD;
&#xD;
Stdout: &#xD;
Screenshot (via ADB): D:\mobile\project\care4u_medical_booking\test_automation\Care4U.AppiumTests\bin\Debug\net8.0\Screenshots\TC_AUTH_033_DoctorWrongPassword.png</StdOut>
      </Output>
    </UnitTestResult>
    <UnitTestResult executionId="048ebb01-b745-493b-8a70-ed1fea7067b1" testId="f27776fe-6810-fa6a-91ac-8113b40ec8d9" testName="TC_ADM_009_RejectDoctor" computerName="LAPTOP-LM9S9518" duration="00:00:01.5452600" startTime="2026-06-19T03:27:45.0512077+07:00" endTime="2026-06-19T03:27:46.5964672+07:00" testType="13cdc9d9-ddb5-4fa4-a97d-d965ccfc6d4b" outcome="Passed" testListId="8c84fa94-04c1-424b-9868-57a2d4851a1d" relativeResultsDirectory="048ebb01-b745-493b-8a70-ed1fea7067b1">
      <Output>
        <StdOut>[ADB Log] cmd: adb -s emulator-5554 pull /sdcard/screencap_temp.png "D:\mobile\project\care4u_medical_booking\test_automation\Care4U.AppiumTests\bin\Debug\net8.0\Screenshots\TC_ADM_009.png"&#xD;
ExitCode: 0&#xD;
Stderr: /sdcard/screencap_temp.png: 1 file pulled, 0 skipped. 12.8 MB/s (157070 bytes in 0.012s)&#xD;
&#xD;
Stdout: &#xD;
Screenshot (via ADB): D:\mobile\project\care4u_medical_booking\test_automation\Care4U.AppiumTests\bin\Debug\net8.0\Screenshots\TC_ADM_009.png</StdOut>
      </Output>
    </UnitTestResult>
    <UnitTestResult executionId="9fdd8761-89ff-4da0-9e42-2fd688cd378a" testId="cc4f19de-f4d1-4590-5525-48ed9c577f17" testName="TC_NOTI_020_KiemTraThongBaoKhongHien" computerName="LAPTOP-LM9S9518" duration="00:00:18.9461869" startTime="2026-06-19T03:24:02.3053710+07:00" endTime="2026-06-19T03:24:21.2515584+07:00" testType="13cdc9d9-ddb5-4fa4-a97d-d965ccfc6d4b" outcome="Passed" testListId="8c84fa94-04c1-424b-9868-57a2d4851a1d" relativeResultsDirectory="9fdd8761-89ff-4da0-9e42-2fd688cd378a">
      <Output>
        <StdOut>Performing hard reset via Appium API...&#xD;
[ADB Log] cmd: adb -s emulator-5554 pull /sdcard/screencap_temp.png "D:\mobile\project\care4u_medical_booking\test_automation\Care4U.AppiumTests\bin\Debug\net8.0\Screenshots\TC_NOTI_020_KiemTraThongBaoKhongHien.png"&#xD;
ExitCode: 0&#xD;
Stderr: /sdcard/screencap_temp.png: 1 file pulled, 0 skipped. 33.4 MB/s (157070 bytes in 0.004s)&#xD;
&#xD;
Stdout: &#xD;
Screenshot (via ADB): D:\mobile\project\care4u_medical_booking\test_automation\Care4U.AppiumTests\bin\Debug\net8.0\Screenshots\TC_NOTI_020_KiemTraThongBaoKhongHien.png</StdOut>
      </Output>
    </UnitTestResult>
    <UnitTestResult executionId="4f5eb4f1-ee20-447c-8f8b-d446a1e8e84b" testId="d67c8415-1df4-c662-f5b5-39562e9b799b" testName="TC_STORE_015_CheckoutMissingAddress" computerName="LAPTOP-LM9S9518" duration="00:00:01.5227430" startTime="2026-06-19T03:30:07.9964659+07:00" endTime="2026-06-19T03:30:09.5192087+07:00" testType="13cdc9d9-ddb5-4fa4-a97d-d965ccfc6d4b" outcome="Passed" testListId="8c84fa94-04c1-424b-9868-57a2d4851a1d" relativeResultsDirectory="4f5eb4f1-ee20-447c-8f8b-d446a1e8e84b">
      <Output>
        <StdOut>[ADB Log] cmd: adb -s emulator-5554 pull /sdcard/screencap_temp.png "D:\mobile\project\care4u_medical_booking\test_automation\Care4U.AppiumTests\bin\Debug\net8.0\Screenshots\TC_STORE_015.png"&#xD;
ExitCode: 0&#xD;
Stderr: /sdcard/screencap_temp.png: 1 file pulled, 0 skipped. 31.3 MB/s (157070 bytes in 0.005s)&#xD;
&#xD;
Stdout: &#xD;
Screenshot (via ADB): D:\mobile\project\care4u_medical_booking\test_automation\Care4U.AppiumTests\bin\Debug\net8.0\Screenshots\TC_STORE_015.png</StdOut>
      </Output>
    </UnitTestResult>
    <UnitTestResult executionId="08e4259f-b446-42f3-b012-96a83b2a250b" testId="c5ed97f9-2e60-b346-0600-43cde4720efa" testName="TC_SPEC_014_SpecialtyIconLoad" computerName="LAPTOP-LM9S9518" duration="00:00:01.5375550" startTime="2026-06-19T03:29:39.7229306+07:00" endTime="2026-06-19T03:29:41.2604850+07:00" testType="13cdc9d9-ddb5-4fa4-a97d-d965ccfc6d4b" outcome="Passed" testListId="8c84fa94-04c1-424b-9868-57a2d4851a1d" relativeResultsDirectory="08e4259f-b446-42f3-b012-96a83b2a250b">
      <Output>
        <StdOut>[ADB Log] cmd: adb -s emulator-5554 pull /sdcard/screencap_temp.png "D:\mobile\project\care4u_medical_booking\test_automation\Care4U.AppiumTests\bin\Debug\net8.0\Screenshots\TC_SPEC_014.png"&#xD;
ExitCode: 0&#xD;
Stderr: /sdcard/screencap_temp.png: 1 file pulled, 0 skipped. 9.9 MB/s (157070 bytes in 0.015s)&#xD;
&#xD;
Stdout: &#xD;
Screenshot (via ADB): D:\mobile\project\care4u_medical_booking\test_automation\Care4U.AppiumTests\bin\Debug\net8.0\Screenshots\TC_SPEC_014.png</StdOut>
      </Output>
    </UnitTestResult>
    <UnitTestResult executionId="0912a680-e0bb-4d9f-83fd-ee7645a8f739" testId="90bd78ec-1a0f-56a0-d4e9-ca177653e3bf" testName="TC_MED_001_XemHoSoYTe" computerName="LAPTOP-LM9S9518" duration="00:00:20.6100290" startTime="2026-06-19T02:57:41.6738714+07:00" endTime="2026-06-19T02:58:02.2839002+07:00" testType="13cdc9d9-ddb5-4fa4-a97d-d965ccfc6d4b" outcome="Passed" testListId="8c84fa94-04c1-424b-9868-57a2d4851a1d" relativeResultsDirectory="0912a680-e0bb-4d9f-83fd-ee7645a8f739">
      <Output>
        <StdOut>Performing hard reset via Appium API...&#xD;
[ADB Log] cmd: adb -s emulator-5554 pull /sdcard/screencap_temp.png "D:\mobile\project\care4u_medical_booking\test_automation\Care4U.AppiumTests\bin\Debug\net8.0\Screenshots\TC_MED_001_XemHoSoYTe.png"&#xD;
ExitCode: 0&#xD;
Stderr: /sdcard/screencap_temp.png: 1 file pulled, 0 skipped. 24.8 MB/s (156917 bytes in 0.006s)&#xD;
&#xD;
Stdout: &#xD;
Screenshot (via ADB): D:\mobile\project\care4u_medical_booking\test_automation\Care4U.AppiumTests\bin\Debug\net8.0\Screenshots\TC_MED_001_XemHoSoYTe.png</StdOut>
      </Output>
    </UnitTestResult>
    <UnitTestResult executionId="9668ba94-f319-4e7f-b9dc-1659c714f336" testId="8f534663-ca73-275d-e90c-cb651ff8d327" testName="TC_NOTI_009_XemChiTietThongBao" computerName="LAPTOP-LM9S9518" duration="00:00:18.7977330" startTime="2026-06-19T03:20:15.4692250+07:00" endTime="2026-06-19T03:20:34.2669569+07:00" testType="13cdc9d9-ddb5-4fa4-a97d-d965ccfc6d4b" outcome="Passed" testListId="8c84fa94-04c1-424b-9868-57a2d4851a1d" relativeResultsDirectory="9668ba94-f319-4e7f-b9dc-1659c714f336">
      <Output>
        <StdOut>Performing hard reset via Appium API...&#xD;
[ADB Log] cmd: adb -s emulator-5554 pull /sdcard/screencap_temp.png "D:\mobile\project\care4u_medical_booking\test_automation\Care4U.AppiumTests\bin\Debug\net8.0\Screenshots\TC_NOTI_009_XemChiTietThongBao.png"&#xD;
ExitCode: 0&#xD;
Stderr: /sdcard/screencap_temp.png: 1 file pulled, 0 skipped. 27.9 MB/s (157070 bytes in 0.005s)&#xD;
&#xD;
Stdout: &#xD;
Screenshot (via ADB): D:\mobile\project\care4u_medical_booking\test_automation\Care4U.AppiumTests\bin\Debug\net8.0\Screenshots\TC_NOTI_009_XemChiTietThongBao.png</StdOut>
      </Output>
    </UnitTestResult>
    <UnitTestResult executionId="cdeaeb5f-4ab2-4573-acf6-7e1e3b2d655f" testId="75844e31-ef98-fb40-1c73-2b1dabfa1284" testName="TC_DOC_021_BookAppointmentSuccess" computerName="LAPTOP-LM9S9518" duration="00:00:15.0656820" startTime="2026-06-19T02:48:09.3103166+07:00" endTime="2026-06-19T02:48:24.3759985+07:00" testType="13cdc9d9-ddb5-4fa4-a97d-d965ccfc6d4b" outcome="Failed" testListId="8c84fa94-04c1-424b-9868-57a2d4851a1d" relativeResultsDirectory="cdeaeb5f-4ab2-4573-acf6-7e1e3b2d655f">
      <Output>
        <StdOut>[ADB Log] cmd: adb -s emulator-5554 pull /sdcard/screencap_temp.png "D:\mobile\project\care4u_medical_booking\test_automation\Care4U.AppiumTests\bin\Debug\net8.0\Screenshots\TC_DOC_021_BookSuccess.png"&#xD;
ExitCode: 0&#xD;
Stderr: /sdcard/screencap_temp.png: 1 file pulled, 0 skipped. 18.1 MB/s (93785 bytes in 0.005s)&#xD;
&#xD;
Stdout: &#xD;
Screenshot (via ADB): D:\mobile\project\care4u_medical_booking\test_automation\Care4U.AppiumTests\bin\Debug\net8.0\Screenshots\TC_DOC_021_BookSuccess.png</StdOut>
        <ErrorInfo>
          <Message>  Đặt lịch khám không thành công&#xD;
  Expected: True&#xD;
  But was:  False&#xD;
</Message>
          <StackTrace>   at Care4U.AppiumTests.Tests.DoctorTests.TC_DOC_021_BookAppointmentSuccess() in D:\mobile\project\care4u_medical_booking\test_automation\Care4U.AppiumTests\Tests\DoctorTests.cs:line 330&#xD;

1)    at Care4U.AppiumTests.Tests.DoctorTests.TC_DOC_021_BookAppointmentSuccess() in D:\mobile\project\care4u_medical_booking\test_automation\Care4U.AppiumTests\Tests\DoctorTests.cs:line 330&#xD;

</StackTrace>
        </ErrorInfo>
      </Output>
    </UnitTestResult>
    <UnitTestResult executionId="3171368e-38d0-4776-b2c1-4a1c599e0e76" testId="17022ca0-b606-b66f-3435-39b0aa4ec832" testName="TC_REV_005_KhongCoNutDanhGiaO" computerName="LAPTOP-LM9S9518" duration="00:00:20.6725340" startTime="2026-06-19T03:10:02.7014578+07:00" endTime="2026-06-19T03:10:23.3739914+07:00" testType="13cdc9d9-ddb5-4fa4-a97d-d965ccfc6d4b" outcome="Passed" testListId="8c84fa94-04c1-424b-9868-57a2d4851a1d" relativeResultsDirectory="3171368e-38d0-4776-b2c1-4a1c599e0e76">
      <Output>
        <StdOut>Performing hard reset via Appium API...&#xD;
[ADB Log] cmd: adb -s emulator-5554 pull /sdcard/screencap_temp.png "D:\mobile\project\care4u_medical_booking\test_automation\Care4U.AppiumTests\bin\Debug\net8.0\Screenshots\TC_REV_005_KhongCoNutDanhGiaO.png"&#xD;
ExitCode: 0&#xD;
Stderr: /sdcard/screencap_temp.png: 1 file pulled, 0 skipped. 20.8 MB/s (137749 bytes in 0.006s)&#xD;
&#xD;
Stdout: &#xD;
Screenshot (via ADB): D:\mobile\project\care4u_medical_booking\test_automation\Care4U.AppiumTests\bin\Debug\net8.0\Screenshots\TC_REV_005_KhongCoNutDanhGiaO.png</StdOut>
      </Output>
    </UnitTestResult>
    <UnitTestResult executionId="7831ae39-433c-41a8-b6fd-c286de5d82ca" testId="5bb6c3cd-6fc3-3580-64eb-52a6e55d5efc" testName="TC_REV_008_RatingTrungBinhBacSiCap" computerName="LAPTOP-LM9S9518" duration="00:00:20.9128690" startTime="2026-06-19T03:11:04.2541344+07:00" endTime="2026-06-19T03:11:25.1670010+07:00" testType="13cdc9d9-ddb5-4fa4-a97d-d965ccfc6d4b" outcome="Passed" testListId="8c84fa94-04c1-424b-9868-57a2d4851a1d" relativeResultsDirectory="7831ae39-433c-41a8-b6fd-c286de5d82ca">
      <Output>
        <StdOut>Performing hard reset via Appium API...&#xD;
[ADB Log] cmd: adb -s emulator-5554 pull /sdcard/screencap_temp.png "D:\mobile\project\care4u_medical_booking\test_automation\Care4U.AppiumTests\bin\Debug\net8.0\Screenshots\TC_REV_008_RatingTrungBinhBacSiCap.png"&#xD;
ExitCode: 0&#xD;
Stderr: /sdcard/screencap_temp.png: 1 file pulled, 0 skipped. 24.9 MB/s (137170 bytes in 0.005s)&#xD;
&#xD;
Stdout: &#xD;
Screenshot (via ADB): D:\mobile\project\care4u_medical_booking\test_automation\Care4U.AppiumTests\bin\Debug\net8.0\Screenshots\TC_REV_008_RatingTrungBinhBacSiCap.png</StdOut>
      </Output>
    </UnitTestResult>
    <UnitTestResult executionId="cbbaa7ec-978d-435b-be75-6acc0650882b" testId="5db7ecf3-5c6d-843f-74f7-fb05308877d3" testName="TC_AUTH_002_RegisterExistingEmail" computerName="LAPTOP-LM9S9518" duration="00:00:14.4804870" startTime="2026-06-19T02:23:58.5035473+07:00" endTime="2026-06-19T02:24:12.9840325+07:00" testType="13cdc9d9-ddb5-4fa4-a97d-d965ccfc6d4b" outcome="Passed" testListId="8c84fa94-04c1-424b-9868-57a2d4851a1d" relativeResultsDirectory="cbbaa7ec-978d-435b-be75-6acc0650882b">
      <Output>
        <StdOut>App is already on login screen. Skipping reset.&#xD;
[ADB Log] cmd: adb -s emulator-5554 pull /sdcard/screencap_temp.png "D:\mobile\project\care4u_medical_booking\test_automation\Care4U.AppiumTests\bin\Debug\net8.0\Screenshots\TC_AUTH_002_ExistingEmail.png"&#xD;
ExitCode: 0&#xD;
Stderr: /sdcard/screencap_temp.png: 1 file pulled, 0 skipped. 12.8 MB/s (99402 bytes in 0.007s)&#xD;
&#xD;
Stdout: &#xD;
Screenshot (via ADB): D:\mobile\project\care4u_medical_booking\test_automation\Care4U.AppiumTests\bin\Debug\net8.0\Screenshots\TC_AUTH_002_ExistingEmail.png</StdOut>
      </Output>
    </UnitTestResult>
    <UnitTestResult executionId="b0e404cc-1d7d-4685-9413-477f89ad1349" testId="6a51cf3c-c377-9a59-3050-376e9f1c3ed4" testName="TC_AUTH_003_RegisterMissingFullName" computerName="LAPTOP-LM9S9518" duration="00:00:27.4295020" startTime="2026-06-19T02:24:12.9841188+07:00" endTime="2026-06-19T02:24:40.4136201+07:00" testType="13cdc9d9-ddb5-4fa4-a97d-d965ccfc6d4b" outcome="Passed" testListId="8c84fa94-04c1-424b-9868-57a2d4851a1d" relativeResultsDirectory="b0e404cc-1d7d-4685-9413-477f89ad1349">
      <Output>
        <StdOut>Performing hard reset via Appium API...&#xD;
[ADB Log] cmd: adb -s emulator-5554 pull /sdcard/screencap_temp.png "D:\mobile\project\care4u_medical_booking\test_automation\Care4U.AppiumTests\bin\Debug\net8.0\Screenshots\TC_AUTH_003_MissingFullName.png"&#xD;
ExitCode: 0&#xD;
Stderr: /sdcard/screencap_temp.png: 1 file pulled, 0 skipped. 21.7 MB/s (101221 bytes in 0.004s)&#xD;
&#xD;
Stdout: &#xD;
Screenshot (via ADB): D:\mobile\project\care4u_medical_booking\test_automation\Care4U.AppiumTests\bin\Debug\net8.0\Screenshots\TC_AUTH_003_MissingFullName.png</StdOut>
      </Output>
    </UnitTestResult>
    <UnitTestResult executionId="37199dc3-e59c-449b-8d6c-c1242c8e001d" testId="b0970185-36c5-0d10-9d36-1252d1e098cd" testName="TC_STORE_009_IncreaseProductQuantity" computerName="LAPTOP-LM9S9518" duration="00:00:01.5544490" startTime="2026-06-19T03:29:58.7938455+07:00" endTime="2026-06-19T03:30:00.3482942+07:00" testType="13cdc9d9-ddb5-4fa4-a97d-d965ccfc6d4b" outcome="Passed" testListId="8c84fa94-04c1-424b-9868-57a2d4851a1d" relativeResultsDirectory="37199dc3-e59c-449b-8d6c-c1242c8e001d">
      <Output>
        <StdOut>[ADB Log] cmd: adb -s emulator-5554 pull /sdcard/screencap_temp.png "D:\mobile\project\care4u_medical_booking\test_automation\Care4U.AppiumTests\bin\Debug\net8.0\Screenshots\TC_STORE_009.png"&#xD;
ExitCode: 0&#xD;
Stderr: /sdcard/screencap_temp.png: 1 file pulled, 0 skipped. 8.9 MB/s (157070 bytes in 0.017s)&#xD;
&#xD;
Stdout: &#xD;
Screenshot (via ADB): D:\mobile\project\care4u_medical_booking\test_automation\Care4U.AppiumTests\bin\Debug\net8.0\Screenshots\TC_STORE_009.png</StdOut>
      </Output>
    </UnitTestResult>
    <UnitTestResult executionId="870eb4a2-0101-4b9c-abc2-12fd21defc89" testId="72874c3b-4500-d617-3e9d-17d071bf84c5" testName="TC_AUTH_035_BackFromLoginToLanding" computerName="LAPTOP-LM9S9518" duration="00:01:12.3955910" startTime="2026-06-19T02:36:54.4815246+07:00" endTime="2026-06-19T02:38:06.8771155+07:00" testType="13cdc9d9-ddb5-4fa4-a97d-d965ccfc6d4b" outcome="Passed" testListId="8c84fa94-04c1-424b-9868-57a2d4851a1d" relativeResultsDirectory="870eb4a2-0101-4b9c-abc2-12fd21defc89">
      <Output>
        <StdOut>App is logged in. Attempting logout via UI...&#xD;
Performing hard reset via Appium API...&#xD;
[ADB Log] cmd: adb -s emulator-5554 pull /sdcard/screencap_temp.png "D:\mobile\project\care4u_medical_booking\test_automation\Care4U.AppiumTests\bin\Debug\net8.0\Screenshots\TC_AUTH_035_BackToLanding.png"&#xD;
ExitCode: 0&#xD;
Stderr: /sdcard/screencap_temp.png: 1 file pulled, 0 skipped. 43.6 MB/s (1374087 bytes in 0.030s)&#xD;
&#xD;
Stdout: &#xD;
Screenshot (via ADB): D:\mobile\project\care4u_medical_booking\test_automation\Care4U.AppiumTests\bin\Debug\net8.0\Screenshots\TC_AUTH_035_BackToLanding.png&#xD;
&#xD;
Xem ảnh chụp để xác nhận điều hướng</StdOut>
      </Output>
    </UnitTestResult>
    <UnitTestResult executionId="6285819c-82ea-47db-a892-5143aacc3d7d" testId="0f99e2aa-e72e-40c4-66ef-9435fb570c5a" testName="TC_REV_007_DanhGiaHienThiTrenTrang" computerName="LAPTOP-LM9S9518" duration="00:00:20.3923760" startTime="2026-06-19T03:10:43.8607043+07:00" endTime="2026-06-19T03:11:04.2530802+07:00" testType="13cdc9d9-ddb5-4fa4-a97d-d965ccfc6d4b" outcome="Passed" testListId="8c84fa94-04c1-424b-9868-57a2d4851a1d" relativeResultsDirectory="6285819c-82ea-47db-a892-5143aacc3d7d">
      <Output>
        <StdOut>Performing hard reset via Appium API...&#xD;
[ADB Log] cmd: adb -s emulator-5554 pull /sdcard/screencap_temp.png "D:\mobile\project\care4u_medical_booking\test_automation\Care4U.AppiumTests\bin\Debug\net8.0\Screenshots\TC_REV_007_DanhGiaHienThiTrenTrang.png"&#xD;
ExitCode: 0&#xD;
Stderr: /sdcard/screencap_temp.png: 1 file pulled, 0 skipped. 13.1 MB/s (137749 bytes in 0.010s)&#xD;
&#xD;
Stdout: &#xD;
Screenshot (via ADB): D:\mobile\project\care4u_medical_booking\test_automation\Care4U.AppiumTests\bin\Debug\net8.0\Screenshots\TC_REV_007_DanhGiaHienThiTrenTrang.png</StdOut>
      </Output>
    </UnitTestResult>
    <UnitTestResult executionId="d59fd0a7-802d-4453-b84b-cf743b97f3d1" testId="1b9e49d0-ee4f-cee2-21e1-a889c6274977" testName="TC_CHAT_002_SendMessageToChatbot" computerName="LAPTOP-LM9S9518" duration="00:00:01.6848820" startTime="2026-06-19T03:28:40.9941438+07:00" endTime="2026-06-19T03:28:42.6790252+07:00" testType="13cdc9d9-ddb5-4fa4-a97d-d965ccfc6d4b" outcome="Passed" testListId="8c84fa94-04c1-424b-9868-57a2d4851a1d" relativeResultsDirectory="d59fd0a7-802d-4453-b84b-cf743b97f3d1">
      <Output>
        <StdOut>[ADB Log] cmd: adb -s emulator-5554 pull /sdcard/screencap_temp.png "D:\mobile\project\care4u_medical_booking\test_automation\Care4U.AppiumTests\bin\Debug\net8.0\Screenshots\TC_CHAT_002_SendMessageToChatbot.png"&#xD;
ExitCode: 0&#xD;
Stderr: /sdcard/screencap_temp.png: 1 file pulled, 0 skipped. 31.4 MB/s (157070 bytes in 0.005s)&#xD;
&#xD;
Stdout: &#xD;
Screenshot (via ADB): D:\mobile\project\care4u_medical_booking\test_automation\Care4U.AppiumTests\bin\Debug\net8.0\Screenshots\TC_CHAT_002_SendMessageToChatbot.png&#xD;
&#xD;
Thử nghiệm gửi tin nhắn cho chatbot</StdOut>
      </Output>
    </UnitTestResult>
    <UnitTestResult executionId="86d83712-6041-4ef9-869c-f3903814fc1b" testId="5aca578f-0045-f405-b209-e8931a8050d4" testName="TC_ADM_034_DatabaseBackupTrigger" computerName="LAPTOP-LM9S9518" duration="00:00:01.5136700" startTime="2026-06-19T03:28:23.9381310+07:00" endTime="2026-06-19T03:28:25.4518007+07:00" testType="13cdc9d9-ddb5-4fa4-a97d-d965ccfc6d4b" outcome="Passed" testListId="8c84fa94-04c1-424b-9868-57a2d4851a1d" relativeResultsDirectory="86d83712-6041-4ef9-869c-f3903814fc1b">
      <Output>
        <StdOut>[ADB Log] cmd: adb -s emulator-5554 pull /sdcard/screencap_temp.png "D:\mobile\project\care4u_medical_booking\test_automation\Care4U.AppiumTests\bin\Debug\net8.0\Screenshots\TC_ADM_034.png"&#xD;
ExitCode: 0&#xD;
Stderr: /sdcard/screencap_temp.png: 1 file pulled, 0 skipped. 36.0 MB/s (157070 bytes in 0.004s)&#xD;
&#xD;
Stdout: &#xD;
Screenshot (via ADB): D:\mobile\project\care4u_medical_booking\test_automation\Care4U.AppiumTests\bin\Debug\net8.0\Screenshots\TC_ADM_034.png</StdOut>
      </Output>
    </UnitTestResult>
    <UnitTestResult executionId="4cf9dae2-b385-431b-be67-402b185c16f7" testId="8d8e90d1-f4cc-8187-a394-13af255f80a9" testName="TC_NFR_023_UngDungKhongCrashKhiNhan" computerName="LAPTOP-LM9S9518" duration="00:00:14.6438880" startTime="2026-06-19T02:56:23.7104083+07:00" endTime="2026-06-19T02:56:38.3542963+07:00" testType="13cdc9d9-ddb5-4fa4-a97d-d965ccfc6d4b" outcome="Passed" testListId="8c84fa94-04c1-424b-9868-57a2d4851a1d" relativeResultsDirectory="4cf9dae2-b385-431b-be67-402b185c16f7">
      <Output>
        <StdOut>Performing hard reset via Appium API...&#xD;
[ADB Log] cmd: adb -s emulator-5554 pull /sdcard/screencap_temp.png "D:\mobile\project\care4u_medical_booking\test_automation\Care4U.AppiumTests\bin\Debug\net8.0\Screenshots\TC_NFR_023_UngDungKhongCrashKhiNhan.png"&#xD;
ExitCode: 0&#xD;
Stderr: /sdcard/screencap_temp.png: 1 file pulled, 0 skipped. 32.9 MB/s (153825 bytes in 0.004s)&#xD;
&#xD;
Stdout: &#xD;
Screenshot (via ADB): D:\mobile\project\care4u_medical_booking\test_automation\Care4U.AppiumTests\bin\Debug\net8.0\Screenshots\TC_NFR_023_UngDungKhongCrashKhiNhan.png&#xD;
&#xD;
Xác nhận phi chức năng qua ảnh chụp màn hình.</StdOut>
      </Output>
    </UnitTestResult>
    <UnitTestResult executionId="bb6f1232-f2bb-4dd1-92b5-0fab17a5471f" testId="ae757490-179c-7e65-a0d1-fff563403a76" testName="TC_MED_005_HoSoTrongKhiChuaCo" computerName="LAPTOP-LM9S9518" duration="00:00:19.9671530" startTime="2026-06-19T02:59:02.8059190+07:00" endTime="2026-06-19T02:59:22.7730721+07:00" testType="13cdc9d9-ddb5-4fa4-a97d-d965ccfc6d4b" outcome="Passed" testListId="8c84fa94-04c1-424b-9868-57a2d4851a1d" relativeResultsDirectory="bb6f1232-f2bb-4dd1-92b5-0fab17a5471f">
      <Output>
        <StdOut>Performing hard reset via Appium API...&#xD;
[ADB Log] cmd: adb -s emulator-5554 pull /sdcard/screencap_temp.png "D:\mobile\project\care4u_medical_booking\test_automation\Care4U.AppiumTests\bin\Debug\net8.0\Screenshots\TC_MED_005_HoSoTrongKhiChuaCo.png"&#xD;
ExitCode: 0&#xD;
Stderr: /sdcard/screencap_temp.png: 1 file pulled, 0 skipped. 13.3 MB/s (157282 bytes in 0.011s)&#xD;
&#xD;
Stdout: &#xD;
Screenshot (via ADB): D:\mobile\project\care4u_medical_booking\test_automation\Care4U.AppiumTests\bin\Debug\net8.0\Screenshots\TC_MED_005_HoSoTrongKhiChuaCo.png</StdOut>
      </Output>
    </UnitTestResult>
    <UnitTestResult executionId="575ffa2b-9f40-4b53-8050-22b66391f593" testId="1b80ccca-8229-c3e9-b1a5-79321b2ce78b" testName="TC_SPEC_003_SearchSpecialtyNotFound" computerName="LAPTOP-LM9S9518" duration="00:00:01.5454400" startTime="2026-06-19T03:29:22.9217302+07:00" endTime="2026-06-19T03:29:24.4671692+07:00" testType="13cdc9d9-ddb5-4fa4-a97d-d965ccfc6d4b" outcome="Passed" testListId="8c84fa94-04c1-424b-9868-57a2d4851a1d" relativeResultsDirectory="575ffa2b-9f40-4b53-8050-22b66391f593">
      <Output>
        <StdOut>[ADB Log] cmd: adb -s emulator-5554 pull /sdcard/screencap_temp.png "D:\mobile\project\care4u_medical_booking\test_automation\Care4U.AppiumTests\bin\Debug\net8.0\Screenshots\TC_SPEC_003.png"&#xD;
ExitCode: 0&#xD;
Stderr: /sdcard/screencap_temp.png: 1 file pulled, 0 skipped. 11.7 MB/s (157070 bytes in 0.013s)&#xD;
&#xD;
Stdout: &#xD;
Screenshot (via ADB): D:\mobile\project\care4u_medical_booking\test_automation\Care4U.AppiumTests\bin\Debug\net8.0\Screenshots\TC_SPEC_003.png</StdOut>
      </Output>
    </UnitTestResult>
    <UnitTestResult executionId="455ec103-a973-427f-8cb1-01db605a36b9" testId="a49539d0-bd9c-18c9-f3d7-3a3dd244d1fc" testName="TC_STORE_020_SelectPaymentMethodWallet" computerName="LAPTOP-LM9S9518" duration="00:00:01.5151400" startTime="2026-06-19T03:30:15.6321972+07:00" endTime="2026-06-19T03:30:17.1473369+07:00" testType="13cdc9d9-ddb5-4fa4-a97d-d965ccfc6d4b" outcome="Passed" testListId="8c84fa94-04c1-424b-9868-57a2d4851a1d" relativeResultsDirectory="455ec103-a973-427f-8cb1-01db605a36b9">
      <Output>
        <StdOut>[ADB Log] cmd: adb -s emulator-5554 pull /sdcard/screencap_temp.png "D:\mobile\project\care4u_medical_booking\test_automation\Care4U.AppiumTests\bin\Debug\net8.0\Screenshots\TC_STORE_020.png"&#xD;
ExitCode: 0&#xD;
Stderr: /sdcard/screencap_temp.png: 1 file pulled, 0 skipped. 22.2 MB/s (157070 bytes in 0.007s)&#xD;
&#xD;
Stdout: &#xD;
Screenshot (via ADB): D:\mobile\project\care4u_medical_booking\test_automation\Care4U.AppiumTests\bin\Debug\net8.0\Screenshots\TC_STORE_020.png</StdOut>
      </Output>
    </UnitTestResult>
    <UnitTestResult executionId="6de02679-f641-45ee-9cad-3e56a33e60b9" testId="16e04bed-22a5-2f5f-a702-e304e2dad743" testName="TC_AUTH_027_RapidLoginTaps" computerName="LAPTOP-LM9S9518" duration="00:00:11.4151440" startTime="2026-06-19T02:31:52.5580656+07:00" endTime="2026-06-19T02:32:03.9732087+07:00" testType="13cdc9d9-ddb5-4fa4-a97d-d965ccfc6d4b" outcome="Passed" testListId="8c84fa94-04c1-424b-9868-57a2d4851a1d" relativeResultsDirectory="6de02679-f641-45ee-9cad-3e56a33e60b9">
      <Output>
        <StdOut>App is already on login screen. Skipping reset.&#xD;
[...]
&#xD;
Stdout: &#xD;
Screenshot (via ADB): D:\mobile\project\care4u_medical_booking\test_automation\Care4U.AppiumTests\bin\Debug\net8.0\Screenshots\TC_STORE_004.png&#xD;
</Text>
      </RunInfo>
      <RunInfo computerName="LAPTOP-LM9S9518" outcome="Warning" timestamp="2026-06-19T03:29:54.1812455+07:00">
        <Text>[ADB Log] cmd: adb -s emulator-5554 pull /sdcard/screencap_temp.png "D:\mobile\project\care4u_medical_booking\test_automation\Care4U.AppiumTests\bin\Debug\net8.0\Screenshots\TC_STORE_005.png"&#xD;
ExitCode: 0&#xD;
Stderr: /sdcard/screencap_temp.png: 1 file pulled, 0 skipped. 30.2 MB/s (157070 bytes in 0.005s)&#xD;
&#xD;
Stdout: &#xD;
Screenshot (via ADB): D:\mobile\project\care4u_medical_booking\test_automation\Care4U.AppiumTests\bin\Debug\net8.0\Screenshots\TC_STORE_005.png&#xD;
</Text>
      </RunInfo>
      <RunInfo computerName="LAPTOP-LM9S9518" outcome="Warning" timestamp="2026-06-19T03:29:55.7186580+07:00">
        <Text>[ADB Log] cmd: adb -s emulator-5554 pull /sdcard/screencap_temp.png "D:\mobile\project\care4u_medical_booking\test_automation\Care4U.AppiumTests\bin\Debug\net8.0\Screenshots\TC_STORE_006.png"&#xD;
ExitCode: 0&#xD;
Stderr: /sdcard/screencap_temp.png: 1 file pulled, 0 skipped. 26.6 MB/s (157070 bytes in 0.006s)&#xD;
&#xD;
Stdout: &#xD;
Screenshot (via ADB): D:\mobile\project\care4u_medical_booking\test_automation\Care4U.AppiumTests\bin\Debug\net8.0\Screenshots\TC_STORE_006.png&#xD;
</Text>
      </RunInfo>
      <RunInfo computerName="LAPTOP-LM9S9518" outcome="Warning" timestamp="2026-06-19T03:29:57.2622743+07:00">
        <Text>[ADB Log] cmd: adb -s emulator-5554 pull /sdcard/screencap_temp.png "D:\mobile\project\care4u_medical_booking\test_automation\Care4U.AppiumTests\bin\Debug\net8.0\Screenshots\TC_STORE_007.png"&#xD;
ExitCode: 0&#xD;
Stderr: /sdcard/screencap_temp.png: 1 file pulled, 0 skipped. 13.7 MB/s (157070 bytes in 0.011s)&#xD;
&#xD;
Stdout: &#xD;
Screenshot (via ADB): D:\mobile\project\care4u_medical_booking\test_automation\Care4U.AppiumTests\bin\Debug\net8.0\Screenshots\TC_STORE_007.png&#xD;
</Text>
      </RunInfo>
      <RunInfo computerName="LAPTOP-LM9S9518" outcome="Warning" timestamp="2026-06-19T03:29:58.7943125+07:00">
        <Text>[ADB Log] cmd: adb -s emulator-5554 pull /sdcard/screencap_temp.png "D:\mobile\project\care4u_medical_booking\test_automation\Care4U.AppiumTests\bin\Debug\net8.0\Screenshots\TC_STORE_008.png"&#xD;
ExitCode: 0&#xD;
Stderr: /sdcard/screencap_temp.png: 1 file pulled, 0 skipped. 12.6 MB/s (157070 bytes in 0.012s)&#xD;
&#xD;
Stdout: &#xD;
Screenshot (via ADB): D:\mobile\project\care4u_medical_booking\test_automation\Care4U.AppiumTests\bin\Debug\net8.0\Screenshots\TC_STORE_008.png&#xD;
</Text>
      </RunInfo>
      <RunInfo computerName="LAPTOP-LM9S9518" outcome="Warning" timestamp="2026-06-19T03:30:00.3487825+07:00">
        <Text>[ADB Log] cmd: adb -s emulator-5554 pull /sdcard/screencap_temp.png "D:\mobile\project\care4u_medical_booking\test_automation\Care4U.AppiumTests\bin\Debug\net8.0\Screenshots\TC_STORE_009.png"&#xD;
ExitCode: 0&#xD;
Stderr: /sdcard/screencap_temp.png: 1 file pulled, 0 skipped. 8.9 MB/s (157070 bytes in 0.017s)&#xD;
&#xD;
Stdout: &#xD;
Screenshot (via ADB): D:\mobile\project\care4u_medical_booking\test_automation\Care4U.AppiumTests\bin\Debug\net8.0\Screenshots\TC_STORE_009.png&#xD;
</Text>
      </RunInfo>
      <RunInfo computerName="LAPTOP-LM9S9518" outcome="Warning" timestamp="2026-06-19T03:30:01.8991473+07:00">
        <Text>[ADB Log] cmd: adb -s emulator-5554 pull /sdcard/screencap_temp.png "D:\mobile\project\care4u_medical_booking\test_automation\Care4U.AppiumTests\bin\Debug\net8.0\Screenshots\TC_STORE_010.png"&#xD;
ExitCode: 0&#xD;
Stderr: /sdcard/screencap_temp.png: 1 file pulled, 0 skipped. 37.9 MB/s (157070 bytes in 0.004s)&#xD;
&#xD;
Stdout: &#xD;
Screenshot (via ADB): D:\mobile\project\care4u_medical_booking\test_automation\Care4U.AppiumTests\bin\Debug\net8.0\Screenshots\TC_STORE_010.png&#xD;
</Text>
      </RunInfo>
      <RunInfo computerName="LAPTOP-LM9S9518" outcome="Warning" timestamp="2026-06-19T03:30:03.4099595+07:00">
        <Text>[ADB Log] cmd: adb -s emulator-5554 pull /sdcard/screencap_temp.png "D:\mobile\project\care4u_medical_booking\test_automation\Care4U.AppiumTests\bin\Debug\net8.0\Screenshots\TC_STORE_011.png"&#xD;
ExitCode: 0&#xD;
Stderr: /sdcard/screencap_temp.png: 1 file pulled, 0 skipped. 38.0 MB/s (157070 bytes in 0.004s)&#xD;
&#xD;
Stdout: &#xD;
Screenshot (via ADB): D:\mobile\project\care4u_medical_booking\test_automation\Care4U.AppiumTests\bin\Debug\net8.0\Screenshots\TC_STORE_011.png&#xD;
</Text>
      </RunInfo>
      <RunInfo computerName="LAPTOP-LM9S9518" outcome="Warning" timestamp="2026-06-19T03:30:04.9362044+07:00">
        <Text>[ADB Log] cmd: adb -s emulator-5554 pull /sdcard/screencap_temp.png "D:\mobile\project\care4u_medical_booking\test_automation\Care4U.AppiumTests\bin\Debug\net8.0\Screenshots\TC_STORE_012.png"&#xD;
ExitCode: 0&#xD;
Stderr: /sdcard/screencap_temp.png: 1 file pulled, 0 skipped. 37.2 MB/s (157070 bytes in 0.004s)&#xD;
&#xD;
Stdout: &#xD;
Screenshot (via ADB): D:\mobile\project\care4u_medical_booking\test_automation\Care4U.AppiumTests\bin\Debug\net8.0\Screenshots\TC_STORE_012.png&#xD;
</Text>
      </RunInfo>
      <RunInfo computerName="LAPTOP-LM9S9518" outcome="Warning" timestamp="2026-06-19T03:30:06.4601664+07:00">
        <Text>[ADB Log] cmd: adb -s emulator-5554 pull /sdcard/screencap_temp.png "D:\mobile\project\care4u_medical_booking\test_automation\Care4U.AppiumTests\bin\Debug\net8.0\Screenshots\TC_STORE_013.png"&#xD;
ExitCode: 0&#xD;
Stderr: /sdcard/screencap_temp.png: 1 file pulled, 0 skipped. 25.3 MB/s (157070 bytes in 0.006s)&#xD;
&#xD;
Stdout: &#xD;
Screenshot (via ADB): D:\mobile\project\care4u_medical_booking\test_automation\Care4U.AppiumTests\bin\Debug\net8.0\Screenshots\TC_STORE_013.png&#xD;
</Text>
      </RunInfo>
      <RunInfo computerName="LAPTOP-LM9S9518" outcome="Warning" timestamp="2026-06-19T03:30:07.9969449+07:00">
        <Text>[ADB Log] cmd: adb -s emulator-5554 pull /sdcard/screencap_temp.png "D:\mobile\project\care4u_medical_booking\test_automation\Care4U.AppiumTests\bin\Debug\net8.0\Screenshots\TC_STORE_014.png"&#xD;
ExitCode: 0&#xD;
Stderr: /sdcard/screencap_temp.png: 1 file pulled, 0 skipped. 39.6 MB/s (157070 bytes in 0.004s)&#xD;
&#xD;
Stdout: &#xD;
Screenshot (via ADB): D:\mobile\project\care4u_medical_booking\test_automation\Care4U.AppiumTests\bin\Debug\net8.0\Screenshots\TC_STORE_014.png&#xD;
</Text>
      </RunInfo>
      <RunInfo computerName="LAPTOP-LM9S9518" outcome="Warning" timestamp="2026-06-19T03:30:09.5197082+07:00">
        <Text>[ADB Log] cmd: adb -s emulator-5554 pull /sdcard/screencap_temp.png "D:\mobile\project\care4u_medical_booking\test_automation\Care4U.AppiumTests\bin\Debug\net8.0\Screenshots\TC_STORE_015.png"&#xD;
ExitCode: 0&#xD;
Stderr: /sdcard/screencap_temp.png: 1 file pulled, 0 skipped. 31.3 MB/s (157070 bytes in 0.005s)&#xD;
&#xD;
Stdout: &#xD;
Screenshot (via ADB): D:\mobile\project\care4u_medical_booking\test_automation\Care4U.AppiumTests\bin\Debug\net8.0\Screenshots\TC_STORE_015.png&#xD;
</Text>
      </RunInfo>
      <RunInfo computerName="LAPTOP-LM9S9518" outcome="Warning" timestamp="2026-06-19T03:30:11.0651496+07:00">
        <Text>[ADB Log] cmd: adb -s emulator-5554 pull /sdcard/screencap_temp.png "D:\mobile\project\care4u_medical_booking\test_automation\Care4U.AppiumTests\bin\Debug\net8.0\Screenshots\TC_STORE_016.png"&#xD;
ExitCode: 0&#xD;
Stderr: /sdcard/screencap_temp.png: 1 file pulled, 0 skipped. 11.4 MB/s (157070 bytes in 0.013s)&#xD;
&#xD;
Stdout: &#xD;
Screenshot (via ADB): D:\mobile\project\care4u_medical_booking\test_automation\Care4U.AppiumTests\bin\Debug\net8.0\Screenshots\TC_STORE_016.png&#xD;
</Text>
      </RunInfo>
      <RunInfo computerName="LAPTOP-LM9S9518" outcome="Warning" timestamp="2026-06-19T03:30:12.5802658+07:00">
        <Text>[ADB Log] cmd: adb -s emulator-5554 pull /sdcard/screencap_temp.png "D:\mobile\project\care4u_medical_booking\test_automation\Care4U.AppiumTests\bin\Debug\net8.0\Screenshots\TC_STORE_017.png"&#xD;
ExitCode: 0&#xD;
Stderr: /sdcard/screencap_temp.png: 1 file pulled, 0 skipped. 30.9 MB/s (157070 bytes in 0.005s)&#xD;
&#xD;
Stdout: &#xD;
Screenshot (via ADB): D:\mobile\project\care4u_medical_booking\test_automation\Care4U.AppiumTests\bin\Debug\net8.0\Screenshots\TC_STORE_017.png&#xD;
</Text>
      </RunInfo>
      <RunInfo computerName="LAPTOP-LM9S9518" outcome="Warning" timestamp="2026-06-19T03:30:14.1186248+07:00">
        <Text>[ADB Log] cmd: adb -s emulator-5554 pull /sdcard/screencap_temp.png "D:\mobile\project\care4u_medical_booking\test_automation\Care4U.AppiumTests\bin\Debug\net8.0\Screenshots\TC_STORE_018.png"&#xD;
ExitCode: 0&#xD;
Stderr: /sdcard/screencap_temp.png: 1 file pulled, 0 skipped. 32.4 MB/s (157070 bytes in 0.005s)&#xD;
&#xD;
Stdout: &#xD;
Screenshot (via ADB): D:\mobile\project\care4u_medical_booking\test_automation\Care4U.AppiumTests\bin\Debug\net8.0\Screenshots\TC_STORE_018.png&#xD;
</Text>
      </RunInfo>
      <RunInfo computerName="LAPTOP-LM9S9518" outcome="Warning" timestamp="2026-06-19T03:30:15.6325106+07:00">
        <Text>[ADB Log] cmd: adb -s emulator-5554 pull /sdcard/screencap_temp.png "D:\mobile\project\care4u_medical_booking\test_automation\Care4U.AppiumTests\bin\Debug\net8.0\Screenshots\TC_STORE_019.png"&#xD;
ExitCode: 0&#xD;
Stderr: /sdcard/screencap_temp.png: 1 file pulled, 0 skipped. 44.9 MB/s (157070 bytes in 0.003s)&#xD;
&#xD;
Stdout: &#xD;
Screenshot (via ADB): D:\mobile\project\care4u_medical_booking\test_automation\Care4U.AppiumTests\bin\Debug\net8.0\Screenshots\TC_STORE_019.png&#xD;
</Text>
      </RunInfo>
      <RunInfo computerName="LAPTOP-LM9S9518" outcome="Warning" timestamp="2026-06-19T03:30:17.1478348+07:00">
        <Text>[ADB Log] cmd: adb -s emulator-5554 pull /sdcard/screencap_temp.png "D:\mobile\project\care4u_medical_booking\test_automation\Care4U.AppiumTests\bin\Debug\net8.0\Screenshots\TC_STORE_020.png"&#xD;
ExitCode: 0&#xD;
Stderr: /sdcard/screencap_temp.png: 1 file pulled, 0 skipped. 22.2 MB/s (157070 bytes in 0.007s)&#xD;
&#xD;
Stdout: &#xD;
Screenshot (via ADB): D:\mobile\project\care4u_medical_booking\test_automation\Care4U.AppiumTests\bin\Debug\net8.0\Screenshots\TC_STORE_020.png&#xD;
</Text>
      </RunInfo>
      <RunInfo computerName="LAPTOP-LM9S9518" outcome="Warning" timestamp="2026-06-19T03:30:18.7500423+07:00">
        <Text>[ADB Log] cmd: adb -s emulator-5554 pull /sdcard/screencap_temp.png "D:\mobile\project\care4u_medical_booking\test_automation\Care4U.AppiumTests\bin\Debug\net8.0\Screenshots\TC_STORE_021.png"&#xD;
ExitCode: 0&#xD;
Stderr: /sdcard/screencap_temp.png: 1 file pulled, 0 skipped. 7.5 MB/s (157070 bytes in 0.020s)&#xD;
&#xD;
Stdout: &#xD;
Screenshot (via ADB): D:\mobile\project\care4u_medical_booking\test_automation\Care4U.AppiumTests\bin\Debug\net8.0\Screenshots\TC_STORE_021.png&#xD;
</Text>
      </RunInfo>
      <RunInfo computerName="LAPTOP-LM9S9518" outcome="Warning" timestamp="2026-06-19T03:30:20.2678317+07:00">
        <Text>[ADB Log] cmd: adb -s emulator-5554 pull /sdcard/screencap_temp.png "D:\mobile\project\care4u_medical_booking\test_automation\Care4U.AppiumTests\bin\Debug\net8.0\Screenshots\TC_STORE_022.png"&#xD;
ExitCode: 0&#xD;
Stderr: /sdcard/screencap_temp.png: 1 file pulled, 0 skipped. 34.7 MB/s (157070 bytes in 0.004s)&#xD;
&#xD;
Stdout: &#xD;
Screenshot (via ADB): D:\mobile\project\care4u_medical_booking\test_automation\Care4U.AppiumTests\bin\Debug\net8.0\Screenshots\TC_STORE_022.png&#xD;
</Text>
      </RunInfo>
      <RunInfo computerName="LAPTOP-LM9S9518" outcome="Warning" timestamp="2026-06-19T03:30:21.8068071+07:00">
        <Text>[ADB Log] cmd: adb -s emulator-5554 pull /sdcard/screencap_temp.png "D:\mobile\project\care4u_medical_booking\test_automation\Care4U.AppiumTests\bin\Debug\net8.0\Screenshots\TC_STORE_023.png"&#xD;
ExitCode: 0&#xD;
Stderr: /sdcard/screencap_temp.png: 1 file pulled, 0 skipped. 29.0 MB/s (157070 bytes in 0.005s)&#xD;
&#xD;
Stdout: &#xD;
Screenshot (via ADB): D:\mobile\project\care4u_medical_booking\test_automation\Care4U.AppiumTests\bin\Debug\net8.0\Screenshots\TC_STORE_023.png&#xD;
</Text>
      </RunInfo>
      <RunInfo computerName="LAPTOP-LM9S9518" outcome="Warning" timestamp="2026-06-19T03:30:23.3382231+07:00">
        <Text>[ADB Log] cmd: adb -s emulator-5554 pull /sdcard/screencap_temp.png "D:\mobile\project\care4u_medical_booking\test_automation\Care4U.AppiumTests\bin\Debug\net8.0\Screenshots\TC_STORE_024.png"&#xD;
ExitCode: 0&#xD;
Stderr: /sdcard/screencap_temp.png: 1 file pulled, 0 skipped. 12.6 MB/s (157070 bytes in 0.012s)&#xD;
&#xD;
Stdout: &#xD;
Screenshot (via ADB): D:\mobile\project\care4u_medical_booking\test_automation\Care4U.AppiumTests\bin\Debug\net8.0\Screenshots\TC_STORE_024.png&#xD;
</Text>
      </RunInfo>
      <RunInfo computerName="LAPTOP-LM9S9518" outcome="Warning" timestamp="2026-06-19T03:30:24.8851675+07:00">
        <Text>[ADB Log] cmd: adb -s emulator-5554 pull /sdcard/screencap_temp.png "D:\mobile\project\care4u_medical_booking\test_automation\Care4U.AppiumTests\bin\Debug\net8.0\Screenshots\TC_STORE_025.png"&#xD;
ExitCode: 0&#xD;
Stderr: /sdcard/screencap_temp.png: 1 file pulled, 0 skipped. 33.6 MB/s (157070 bytes in 0.004s)&#xD;
&#xD;
Stdout: &#xD;
Screenshot (via ADB): D:\mobile\project\care4u_medical_booking\test_automation\Care4U.AppiumTests\bin\Debug\net8.0\Screenshots\TC_STORE_025.png&#xD;
</Text>
      </RunInfo>
      <RunInfo computerName="LAPTOP-LM9S9518" outcome="Warning" timestamp="2026-06-19T03:30:26.4150010+07:00">
        <Text>[ADB Log] cmd: adb -s emulator-5554 pull /sdcard/screencap_temp.png "D:\mobile\project\care4u_medical_booking\test_automation\Care4U.AppiumTests\bin\Debug\net8.0\Screenshots\TC_STORE_026.png"&#xD;
ExitCode: 0&#xD;
Stderr: /sdcard/screencap_temp.png: 1 file pulled, 0 skipped. 33.5 MB/s (157070 bytes in 0.004s)&#xD;
&#xD;
Stdout: &#xD;
Screenshot (via ADB): D:\mobile\project\care4u_medical_booking\test_automation\Care4U.AppiumTests\bin\Debug\net8.0\Screenshots\TC_STORE_026.png&#xD;
</Text>
      </RunInfo>
      <RunInfo computerName="LAPTOP-LM9S9518" outcome="Warning" timestamp="2026-06-19T03:30:27.9860801+07:00">
        <Text>[ADB Log] cmd: adb -s emulator-5554 pull /sdcard/screencap_temp.png "D:\mobile\project\care4u_medical_booking\test_automation\Care4U.AppiumTests\bin\Debug\net8.0\Screenshots\TC_STORE_027.png"&#xD;
ExitCode: 0&#xD;
Stderr: /sdcard/screencap_temp.png: 1 file pulled, 0 skipped. 19.9 MB/s (157070 bytes in 0.008s)&#xD;
&#xD;
Stdout: &#xD;
Screenshot (via ADB): D:\mobile\project\care4u_medical_booking\test_automation\Care4U.AppiumTests\bin\Debug\net8.0\Screenshots\TC_STORE_027.png&#xD;
</Text>
      </RunInfo>
      <RunInfo computerName="LAPTOP-LM9S9518" outcome="Warning" timestamp="2026-06-19T03:30:29.5489460+07:00">
        <Text>[ADB Log] cmd: adb -s emulator-5554 pull /sdcard/screencap_temp.png "D:\mobile\project\care4u_medical_booking\test_automation\Care4U.AppiumTests\bin\Debug\net8.0\Screenshots\TC_STORE_028.png"&#xD;
ExitCode: 0&#xD;
Stderr: /sdcard/screencap_temp.png: 1 file pulled, 0 skipped. 10.1 MB/s (157070 bytes in 0.015s)&#xD;
&#xD;
Stdout: &#xD;
Screenshot (via ADB): D:\mobile\project\care4u_medical_booking\test_automation\Care4U.AppiumTests\bin\Debug\net8.0\Screenshots\TC_STORE_028.png&#xD;
</Text>
      </RunInfo>
      <RunInfo computerName="LAPTOP-LM9S9518" outcome="Warning" timestamp="2026-06-19T03:30:31.0872487+07:00">
        <Text>[ADB Log] cmd: adb -s emulator-5554 pull /sdcard/screencap_temp.png "D:\mobile\project\care4u_medical_booking\test_automation\Care4U.AppiumTests\bin\Debug\net8.0\Screenshots\TC_STORE_029.png"&#xD;
ExitCode: 0&#xD;
Stderr: /sdcard/screencap_temp.png: 1 file pulled, 0 skipped. 28.0 MB/s (157070 bytes in 0.005s)&#xD;
&#xD;
Stdout: &#xD;
Screenshot (via ADB): D:\mobile\project\care4u_medical_booking\test_automation\Care4U.AppiumTests\bin\Debug\net8.0\Screenshots\TC_STORE_029.png&#xD;
</Text>
      </RunInfo>
      <RunInfo computerName="LAPTOP-LM9S9518" outcome="Warning" timestamp="2026-06-19T03:30:32.5950655+07:00">
        <Text>[ADB Log] cmd: adb -s emulator-5554 pull /sdcard/screencap_temp.png "D:\mobile\project\care4u_medical_booking\test_automation\Care4U.AppiumTests\bin\Debug\net8.0\Screenshots\TC_STORE_030.png"&#xD;
ExitCode: 0&#xD;
Stderr: /sdcard/screencap_temp.png: 1 file pulled, 0 skipped. 43.4 MB/s (157070 bytes in 0.003s)&#xD;
&#xD;
Stdout: &#xD;
Screenshot (via ADB): D:\mobile\project\care4u_medical_booking\test_automation\Care4U.AppiumTests\bin\Debug\net8.0\Screenshots\TC_STORE_030.png&#xD;
</Text>
      </RunInfo>
      <RunInfo computerName="LAPTOP-LM9S9518" outcome="Warning" timestamp="2026-06-19T03:30:34.1313216+07:00">
        <Text>[ADB Log] cmd: adb -s emulator-5554 pull /sdcard/screencap_temp.png "D:\mobile\project\care4u_medical_booking\test_automation\Care4U.AppiumTests\bin\Debug\net8.0\Screenshots\TC_STORE_031.png"&#xD;
ExitCode: 0&#xD;
Stderr: /sdcard/screencap_temp.png: 1 file pulled, 0 skipped. 26.3 MB/s (157070 bytes in 0.006s)&#xD;
&#xD;
Stdout: &#xD;
Screenshot (via ADB): D:\mobile\project\care4u_medical_booking\test_automation\Care4U.AppiumTests\bin\Debug\net8.0\Screenshots\TC_STORE_031.png&#xD;
</Text>
      </RunInfo>
      <RunInfo computerName="LAPTOP-LM9S9518" outcome="Warning" timestamp="2026-06-19T03:30:35.6483175+07:00">
        <Text>[ADB Log] cmd: adb -s emulator-5554 pull /sdcard/screencap_temp.png "D:\mobile\project\care4u_medical_booking\test_automation\Care4U.AppiumTests\bin\Debug\net8.0\Screenshots\TC_STORE_032.png"&#xD;
ExitCode: 0&#xD;
Stderr: /sdcard/screencap_temp.png: 1 file pulled, 0 skipped. 26.6 MB/s (157070 bytes in 0.006s)&#xD;
&#xD;
Stdout: &#xD;
Screenshot (via ADB): D:\mobile\project\care4u_medical_booking\test_automation\Care4U.AppiumTests\bin\Debug\net8.0\Screenshots\TC_STORE_032.png&#xD;
</Text>
      </RunInfo>
      <RunInfo computerName="LAPTOP-LM9S9518" outcome="Warning" timestamp="2026-06-19T03:30:37.1999612+07:00">
        <Text>[ADB Log] cmd: adb -s emulator-5554 pull /sdcard/screencap_temp.png "D:\mobile\project\care4u_medical_booking\test_automation\Care4U.AppiumTests\bin\Debug\net8.0\Screenshots\TC_STORE_033.png"&#xD;
ExitCode: 0&#xD;
Stderr: /sdcard/screencap_temp.png: 1 file pulled, 0 skipped. 36.0 MB/s (157070 bytes in 0.004s)&#xD;
&#xD;
Stdout: &#xD;
Screenshot (via ADB): D:\mobile\project\care4u_medical_booking\test_automation\Care4U.AppiumTests\bin\Debug\net8.0\Screenshots\TC_STORE_033.png&#xD;
</Text>
      </RunInfo>
      <RunInfo computerName="LAPTOP-LM9S9518" outcome="Warning" timestamp="2026-06-19T03:30:38.7070915+07:00">
        <Text>[ADB Log] cmd: adb -s emulator-5554 pull /sdcard/screencap_temp.png "D:\mobile\project\care4u_medical_booking\test_automation\Care4U.AppiumTests\bin\Debug\net8.0\Screenshots\TC_STORE_034.png"&#xD;
ExitCode: 0&#xD;
Stderr: /sdcard/screencap_temp.png: 1 file pulled, 0 skipped. 33.8 MB/s (157070 bytes in 0.004s)&#xD;
&#xD;
Stdout: &#xD;
Screenshot (via ADB): D:\mobile\project\care4u_medical_booking\test_automation\Care4U.AppiumTests\bin\Debug\net8.0\Screenshots\TC_STORE_034.png&#xD;
</Text>
      </RunInfo>
      <RunInfo computerName="LAPTOP-LM9S9518" outcome="Warning" timestamp="2026-06-19T03:30:40.2290422+07:00">
        <Text>[ADB Log] cmd: adb -s emulator-5554 pull /sdcard/screencap_temp.png "D:\mobile\project\care4u_medical_booking\test_automation\Care4U.AppiumTests\bin\Debug\net8.0\Screenshots\TC_STORE_035.png"&#xD;
ExitCode: 0&#xD;
Stderr: /sdcard/screencap_temp.png: 1 file pulled, 0 skipped. 30.2 MB/s (157070 bytes in 0.005s)&#xD;
&#xD;
Stdout: &#xD;
Screenshot (via ADB): D:\mobile\project\care4u_medical_booking\test_automation\Care4U.AppiumTests\bin\Debug\net8.0\Screenshots\TC_STORE_035.png&#xD;
</Text>
      </RunInfo>
    </RunInfos>
  </ResultSummary>
</TestRun>